2025-03-09 15:19:57,612 | MainThread   | [INFO    ] | _connect            |: Looking for Artemis Nano Peripheral Device: C0:81:8D:26:04:64
2025-03-09 15:20:00,600 | MainThread   | [INFO    ] | _connect            |: Connected to C0:81:8D:26:04:64
2025-03-09 15:21:15,438 | MainThread   | [INFO    ] | disconnect_handler  |: Disconnected from 1EFFEDB9-73BA-9396-D724-47E443C12C76
2025-03-09 15:21:32,293 | MainThread   | [INFO    ] | _connect            |: Looking for Artemis Nano Peripheral Device: C0:81:8D:26:04:64
2025-03-09 15:21:35,273 | MainThread   | [INFO    ] | _connect            |: Connected to C0:81:8D:26:04:64
2025-03-09 15:23:46,350 | MainThread   | [INFO    ] | disconnect_handler  |: Disconnected from 1EFFEDB9-73BA-9396-D724-47E443C12C76
2025-03-09 15:24:18,663 | MainThread   | [INFO    ] | _connect            |: Looking for Artemis Nano Peripheral Device: C0:81:8D:26:04:64
2025-03-09 15:24:51,440 | MainThread   | [ERROR   ] | _connect            |: disconnected
2025-03-09 15:24:52,453 | MainThread   | [WARNING ] | connect             |: Attempting to connect again...
2025-03-09 15:24:52,455 | MainThread   | [INFO    ] | _connect            |: Looking for Artemis Nano Peripheral Device: C0:81:8D:26:04:64
2025-03-09 15:25:45,669 | MainThread   | [INFO    ] | _connect            |: Looking for Artemis Nano Peripheral Device: C0:81:8D:26:04:64
2025-03-09 15:25:58,234 | MainThread   | [ERROR   ] | _connect            |: disconnected
2025-03-09 15:25:59,242 | MainThread   | [WARNING ] | connect             |: Attempting to connect again...
2025-03-09 15:25:59,247 | MainThread   | [INFO    ] | _connect            |: Looking for Artemis Nano Peripheral Device: C0:81:8D:26:04:64
2025-03-09 15:26:10,307 | MainThread   | [INFO    ] | _connect            |: Connected to C0:81:8D:26:04:64
2025-03-09 15:31:19,471 | MainThread   | [INFO    ] | disconnect_handler  |: Disconnected from 1EFFEDB9-73BA-9396-D724-47E443C12C76
2025-03-09 15:36:27,216 | MainThread   | [INFO    ] | _connect            |: Looking for Artemis Nano Peripheral Device: C0:81:8D:26:04:64
2025-03-09 15:36:30,230 | MainThread   | [INFO    ] | _connect            |: Connected to C0:81:8D:26:04:64
2025-03-09 15:38:46,674 | MainThread   | [INFO    ] | _connect            |: Already connected to a BLE device
2025-03-09 15:39:26,360 | MainThread   | [INFO    ] | disconnect_handler  |: Disconnected from 1EFFEDB9-73BA-9396-D724-47E443C12C76
2025-03-09 15:40:22,944 | MainThread   | [INFO    ] | _connect            |: Looking for Artemis Nano Peripheral Device: C0:81:8D:26:04:64
2025-03-09 15:40:26,147 | MainThread   | [INFO    ] | _connect            |: Connected to C0:81:8D:26:04:64
2025-03-09 15:41:43,432 | MainThread   | [INFO    ] | disconnect_handler  |: Disconnected from 1EFFEDB9-73BA-9396-D724-47E443C12C76
2025-03-09 15:42:45,433 | MainThread   | [INFO    ] | _connect            |: Looking for Artemis Nano Peripheral Device: C0:81:8D:26:04:64
2025-03-09 15:42:48,575 | MainThread   | [INFO    ] | _connect            |: Connected to C0:81:8D:26:04:64
2025-03-09 15:46:12,742 | MainThread   | [INFO    ] | _connect            |: Already connected to a BLE device
2025-03-09 15:46:43,735 | MainThread   | [INFO    ] | disconnect_handler  |: Disconnected from 1EFFEDB9-73BA-9396-D724-47E443C12C76
2025-03-09 15:49:28,290 | MainThread   | [INFO    ] | _connect            |: Looking for Artemis Nano Peripheral Device: C0:81:8D:26:04:64
2025-03-09 15:49:31,376 | MainThread   | [INFO    ] | _connect            |: Connected to C0:81:8D:26:04:64
2025-03-09 15:50:33,909 | MainThread   | [INFO    ] | disconnect_handler  |: Disconnected from 1EFFEDB9-73BA-9396-D724-47E443C12C76
2025-03-09 15:50:50,888 | MainThread   | [INFO    ] | _connect            |: Looking for Artemis Nano Peripheral Device: C0:81:8D:26:04:64
2025-03-09 15:50:53,997 | MainThread   | [INFO    ] | _connect            |: Connected to C0:81:8D:26:04:64
2025-03-09 15:51:39,601 | MainThread   | [INFO    ] | disconnect_handler  |: Disconnected from 1EFFEDB9-73BA-9396-D724-47E443C12C76
2025-03-09 15:51:53,993 | MainThread   | [INFO    ] | _connect            |: Looking for Artemis Nano Peripheral Device: C0:81:8D:26:04:64
2025-03-09 15:52:26,202 | MainThread   | [INFO    ] | _connect            |: Looking for Artemis Nano Peripheral Device: C0:81:8D:26:04:64
2025-03-09 15:52:31,350 | MainThread   | [INFO    ] | _connect            |: Connected to C0:81:8D:26:04:64
2025-03-09 15:53:21,679 | MainThread   | [INFO    ] | disconnect_handler  |: Disconnected from 1EFFEDB9-73BA-9396-D724-47E443C12C76
2025-03-09 15:53:34,398 | MainThread   | [INFO    ] | _connect            |: Looking for Artemis Nano Peripheral Device: C0:81:8D:26:04:64
2025-03-09 15:53:45,571 | MainThread   | [INFO    ] | _connect            |: Connected to C0:81:8D:26:04:64
2025-03-09 16:20:27,491 | MainThread   | [INFO    ] | _connect            |: Looking for Artemis Nano Peripheral Device: C0:81:8D:26:04:64
2025-03-09 16:20:30,868 | MainThread   | [INFO    ] | _connect            |: Connected to C0:81:8D:26:04:64
2025-03-09 16:21:15,325 | MainThread   | [INFO    ] | disconnect_handler  |: Disconnected from 1EFFEDB9-73BA-9396-D724-47E443C12C76
2025-03-09 16:21:33,915 | MainThread   | [INFO    ] | _connect            |: Looking for Artemis Nano Peripheral Device: C0:81:8D:26:04:64
2025-03-09 16:21:37,048 | MainThread   | [INFO    ] | _connect            |: Connected to C0:81:8D:26:04:64
2025-03-09 16:25:49,716 | MainThread   | [INFO    ] | disconnect_handler  |: Disconnected from 1EFFEDB9-73BA-9396-D724-47E443C12C76
2025-03-09 16:26:40,572 | MainThread   | [INFO    ] | _connect            |: Looking for Artemis Nano Peripheral Device: C0:81:8D:26:04:64
2025-03-09 16:26:43,570 | MainThread   | [INFO    ] | _connect            |: Connected to C0:81:8D:26:04:64
2025-03-09 16:27:28,374 | MainThread   | [INFO    ] | disconnect_handler  |: Disconnected from 1EFFEDB9-73BA-9396-D724-47E443C12C76
2025-03-09 16:27:35,958 | MainThread   | [INFO    ] | _connect            |: Looking for Artemis Nano Peripheral Device: C0:81:8D:26:04:64
2025-03-09 16:27:39,336 | MainThread   | [INFO    ] | _connect            |: Connected to C0:81:8D:26:04:64
2025-03-09 16:31:28,756 | MainThread   | [INFO    ] | disconnect_handler  |: Disconnected from 1EFFEDB9-73BA-9396-D724-47E443C12C76
2025-03-09 16:31:45,906 | MainThread   | [INFO    ] | _connect            |: Looking for Artemis Nano Peripheral Device: C0:81:8D:26:04:64
2025-03-09 16:31:49,302 | MainThread   | [INFO    ] | _connect            |: Connected to C0:81:8D:26:04:64
2025-03-09 16:33:16,234 | MainThread   | [INFO    ] | disconnect_handler  |: Disconnected from 1EFFEDB9-73BA-9396-D724-47E443C12C76
2025-03-09 16:33:49,525 | MainThread   | [INFO    ] | _connect            |: Looking for Artemis Nano Peripheral Device: C0:81:8D:26:04:64
2025-03-09 16:33:57,639 | MainThread   | [INFO    ] | _connect            |: Connected to C0:81:8D:26:04:64
2025-03-09 16:35:45,674 | MainThread   | [INFO    ] | disconnect_handler  |: Disconnected from 1EFFEDB9-73BA-9396-D724-47E443C12C76
2025-03-09 16:35:58,947 | MainThread   | [INFO    ] | _connect            |: Looking for Artemis Nano Peripheral Device: C0:81:8D:26:04:64
2025-03-09 16:36:02,377 | MainThread   | [INFO    ] | _connect            |: Connected to C0:81:8D:26:04:64
2025-03-09 16:43:27,342 | MainThread   | [INFO    ] | disconnect_handler  |: Disconnected from 1EFFEDB9-73BA-9396-D724-47E443C12C76
2025-03-09 16:43:51,961 | MainThread   | [INFO    ] | _connect            |: Looking for Artemis Nano Peripheral Device: C0:81:8D:26:04:64
2025-03-09 16:43:54,946 | MainThread   | [INFO    ] | _connect            |: Connected to C0:81:8D:26:04:64
2025-03-09 16:45:27,686 | MainThread   | [INFO    ] | disconnect_handler  |: Disconnected from 1EFFEDB9-73BA-9396-D724-47E443C12C76
2025-03-09 16:46:21,291 | MainThread   | [INFO    ] | _connect            |: Looking for Artemis Nano Peripheral Device: C0:81:8D:26:04:64
2025-03-09 16:46:53,757 | MainThread   | [ERROR   ] | _connect            |: disconnected
2025-03-09 16:46:54,772 | MainThread   | [WARNING ] | connect             |: Attempting to connect again...
2025-03-09 16:46:54,776 | MainThread   | [INFO    ] | _connect            |: Looking for Artemis Nano Peripheral Device: C0:81:8D:26:04:64
2025-03-09 16:46:57,799 | MainThread   | [INFO    ] | _connect            |: Connected to C0:81:8D:26:04:64
2025-03-09 16:48:20,816 | MainThread   | [INFO    ] | disconnect_handler  |: Disconnected from 1EFFEDB9-73BA-9396-D724-47E443C12C76
2025-03-09 16:48:41,215 | MainThread   | [INFO    ] | _connect            |: Looking for Artemis Nano Peripheral Device: C0:81:8D:26:04:64
2025-03-09 16:48:44,179 | MainThread   | [INFO    ] | _connect            |: Connected to C0:81:8D:26:04:64
2025-03-09 16:48:56,057 | MainThread   | [INFO    ] | disconnect_handler  |: Disconnected from 1EFFEDB9-73BA-9396-D724-47E443C12C76
2025-03-09 16:48:59,579 | MainThread   | [INFO    ] | _connect            |: Looking for Artemis Nano Peripheral Device: C0:81:8D:26:04:64
2025-03-09 16:49:04,613 | MainThread   | [INFO    ] | _connect            |: Connected to C0:81:8D:26:04:64
2025-03-09 16:49:45,824 | MainThread   | [INFO    ] | disconnect_handler  |: Disconnected from 1EFFEDB9-73BA-9396-D724-47E443C12C76
2025-03-09 16:49:59,022 | MainThread   | [INFO    ] | _connect            |: Looking for Artemis Nano Peripheral Device: C0:81:8D:26:04:64
2025-03-09 16:50:02,001 | MainThread   | [INFO    ] | _connect            |: Connected to C0:81:8D:26:04:64
2025-03-09 16:51:04,112 | MainThread   | [INFO    ] | _connect            |: Already connected to a BLE device
2025-03-09 16:51:09,578 | MainThread   | [INFO    ] | disconnect_handler  |: Disconnected from 1EFFEDB9-73BA-9396-D724-47E443C12C76
2025-03-09 16:51:12,126 | MainThread   | [INFO    ] | _connect            |: Looking for Artemis Nano Peripheral Device: C0:81:8D:26:04:64
2025-03-09 16:51:17,182 | MainThread   | [INFO    ] | _connect            |: Connected to C0:81:8D:26:04:64
2025-03-09 16:52:40,901 | MainThread   | [INFO    ] | disconnect_handler  |: Disconnected from 1EFFEDB9-73BA-9396-D724-47E443C12C76
2025-03-09 16:52:58,561 | MainThread   | [INFO    ] | _connect            |: Looking for Artemis Nano Peripheral Device: C0:81:8D:26:04:64
2025-03-09 16:53:01,555 | MainThread   | [INFO    ] | _connect            |: Connected to C0:81:8D:26:04:64
2025-03-09 16:54:22,865 | MainThread   | [INFO    ] | disconnect_handler  |: Disconnected from 1EFFEDB9-73BA-9396-D724-47E443C12C76
2025-03-09 16:55:05,149 | MainThread   | [INFO    ] | _connect            |: Looking for Artemis Nano Peripheral Device: C0:81:8D:26:04:64
2025-03-09 16:55:08,034 | MainThread   | [INFO    ] | _connect            |: Connected to C0:81:8D:26:04:64
2025-03-09 16:58:23,366 | MainThread   | [INFO    ] | disconnect_handler  |: Disconnected from 1EFFEDB9-73BA-9396-D724-47E443C12C76
2025-03-09 17:13:23,474 | MainThread   | [INFO    ] | _connect            |: Looking for Artemis Nano Peripheral Device: C0:81:8D:26:04:64
2025-03-09 17:13:26,587 | MainThread   | [INFO    ] | _connect            |: Connected to C0:81:8D:26:04:64
2025-03-09 17:16:18,450 | MainThread   | [INFO    ] | disconnect_handler  |: Disconnected from 1EFFEDB9-73BA-9396-D724-47E443C12C76
2025-03-09 17:16:59,080 | MainThread   | [INFO    ] | _connect            |: Looking for Artemis Nano Peripheral Device: C0:81:8D:26:04:64
2025-03-09 17:17:01,962 | MainThread   | [INFO    ] | _connect            |: Connected to C0:81:8D:26:04:64
2025-03-09 17:19:34,655 | MainThread   | [INFO    ] | disconnect_handler  |: Disconnected from 1EFFEDB9-73BA-9396-D724-47E443C12C76
2025-03-09 17:19:54,714 | MainThread   | [INFO    ] | _connect            |: Looking for Artemis Nano Peripheral Device: C0:81:8D:26:04:64
2025-03-09 17:19:57,676 | MainThread   | [INFO    ] | _connect            |: Connected to C0:81:8D:26:04:64
2025-03-09 17:22:09,701 | MainThread   | [INFO    ] | disconnect_handler  |: Disconnected from 1EFFEDB9-73BA-9396-D724-47E443C12C76
2025-03-09 17:22:37,021 | MainThread   | [INFO    ] | _connect            |: Looking for Artemis Nano Peripheral Device: C0:81:8D:26:04:64
2025-03-09 17:22:40,149 | MainThread   | [INFO    ] | _connect            |: Connected to C0:81:8D:26:04:64
2025-03-09 17:26:42,824 | MainThread   | [INFO    ] | disconnect_handler  |: Disconnected from 1EFFEDB9-73BA-9396-D724-47E443C12C76
2025-03-09 17:27:56,831 | MainThread   | [INFO    ] | _connect            |: Looking for Artemis Nano Peripheral Device: C0:81:8D:26:04:64
2025-03-09 17:28:01,839 | MainThread   | [INFO    ] | _connect            |: Connected to C0:81:8D:26:04:64
2025-03-09 17:28:50,419 | MainThread   | [INFO    ] | disconnect_handler  |: Disconnected from 1EFFEDB9-73BA-9396-D724-47E443C12C76
2025-03-09 17:29:13,618 | MainThread   | [INFO    ] | _connect            |: Looking for Artemis Nano Peripheral Device: C0:81:8D:26:04:64
2025-03-09 17:29:16,839 | MainThread   | [INFO    ] | _connect            |: Connected to C0:81:8D:26:04:64
2025-03-09 17:31:06,032 | MainThread   | [INFO    ] | disconnect_handler  |: Disconnected from 1EFFEDB9-73BA-9396-D724-47E443C12C76
2025-03-11 15:38:59,901 | MainThread   | [DEBUG   ] | __init__            |: Python Info: sys.version_info(major=3, minor=13, micro=1, releaselevel='final', serial=0)
2025-03-11 15:38:59,902 | MainThread   | [DEBUG   ] | __init__            |: System Info: macOS-14.1-arm64-arm-64bit-Mach-O
2025-03-11 15:38:59,903 | MainThread   | [INFO    ] | _connect            |: Looking for Artemis Nano Peripheral Device: C0:81:8D:26:04:64
2025-03-11 15:39:02,894 | MainThread   | [INFO    ] | _connect            |: Connected to C0:81:8D:26:04:64
2025-03-11 15:39:07,476 | MainThread   | [INFO    ] | disconnect_handler  |: Disconnected from 1EFFEDB9-73BA-9396-D724-47E443C12C76
2025-03-11 15:39:27,597 | MainThread   | [INFO    ] | _connect            |: Looking for Artemis Nano Peripheral Device: C0:81:8D:26:04:64
2025-03-11 15:39:30,493 | MainThread   | [INFO    ] | _connect            |: Connected to C0:81:8D:26:04:64
2025-03-11 16:07:05,291 | MainThread   | [INFO    ] | disconnect_handler  |: Disconnected from 1EFFEDB9-73BA-9396-D724-47E443C12C76
2025-03-11 16:09:22,272 | MainThread   | [INFO    ] | _connect            |: Looking for Artemis Nano Peripheral Device: C0:81:8D:26:04:64
2025-03-11 16:09:25,379 | MainThread   | [INFO    ] | _connect            |: Connected to C0:81:8D:26:04:64
2025-03-11 16:11:10,466 | MainThread   | [INFO    ] | disconnect_handler  |: Disconnected from 1EFFEDB9-73BA-9396-D724-47E443C12C76
2025-03-11 16:14:56,141 | MainThread   | [INFO    ] | _connect            |: Looking for Artemis Nano Peripheral Device: C0:81:8D:26:04:64
2025-03-11 16:14:59,166 | MainThread   | [INFO    ] | _connect            |: Connected to C0:81:8D:26:04:64
2025-03-11 16:15:20,572 | MainThread   | [INFO    ] | _connect            |: Already connected to a BLE device
2025-03-11 16:25:28,688 | MainThread   | [INFO    ] | disconnect_handler  |: Disconnected from 1EFFEDB9-73BA-9396-D724-47E443C12C76
2025-03-11 16:26:19,426 | MainThread   | [INFO    ] | _connect            |: Looking for Artemis Nano Peripheral Device: C0:81:8D:26:04:64
2025-03-11 16:26:22,492 | MainThread   | [INFO    ] | _connect            |: Connected to C0:81:8D:26:04:64
2025-03-11 16:32:57,789 | MainThread   | [INFO    ] | disconnect_handler  |: Disconnected from 1EFFEDB9-73BA-9396-D724-47E443C12C76
2025-03-17 23:51:13,398 | MainThread   | [DEBUG   ] | __init__            |: Python Info: sys.version_info(major=3, minor=13, micro=1, releaselevel='final', serial=0)
2025-03-17 23:51:13,399 | MainThread   | [DEBUG   ] | __init__            |: System Info: macOS-14.1-arm64-arm-64bit-Mach-O
2025-03-17 23:51:13,399 | MainThread   | [INFO    ] | _connect            |: Looking for Artemis Nano Peripheral Device: C0:81:8D:26:04:64
2025-03-17 23:51:18,753 | MainThread   | [INFO    ] | _connect            |: Connected to C0:81:8D:26:04:64
2025-03-17 23:57:34,289 | MainThread   | [INFO    ] | disconnect_handler  |: Disconnected from 1EFFEDB9-73BA-9396-D724-47E443C12C76
2025-03-17 23:57:43,401 | MainThread   | [INFO    ] | _connect            |: Looking for Artemis Nano Peripheral Device: C0:81:8D:26:04:64
2025-03-17 23:57:47,915 | MainThread   | [INFO    ] | _connect            |: Connected to C0:81:8D:26:04:64
2025-03-18 00:03:01,384 | MainThread   | [INFO    ] | disconnect_handler  |: Disconnected from 1EFFEDB9-73BA-9396-D724-47E443C12C76
2025-03-18 00:21:23,640 | MainThread   | [INFO    ] | _connect            |: Looking for Artemis Nano Peripheral Device: C0:81:8D:26:04:64
2025-03-18 00:21:26,563 | MainThread   | [INFO    ] | _connect            |: Connected to C0:81:8D:26:04:64
2025-03-18 00:23:06,638 | MainThread   | [INFO    ] | disconnect_handler  |: Disconnected from 1EFFEDB9-73BA-9396-D724-47E443C12C76
2025-03-18 00:23:57,910 | MainThread   | [INFO    ] | _connect            |: Looking for Artemis Nano Peripheral Device: C0:81:8D:26:04:64
2025-03-18 00:24:00,853 | MainThread   | [INFO    ] | _connect            |: Connected to C0:81:8D:26:04:64
2025-03-18 00:25:50,682 | MainThread   | [INFO    ] | disconnect_handler  |: Disconnected from 1EFFEDB9-73BA-9396-D724-47E443C12C76
2025-03-18 00:26:00,795 | MainThread   | [INFO    ] | _connect            |: Looking for Artemis Nano Peripheral Device: C0:81:8D:26:04:64
2025-03-18 00:26:03,793 | MainThread   | [INFO    ] | _connect            |: Connected to C0:81:8D:26:04:64
2025-03-18 00:31:36,435 | MainThread   | [INFO    ] | disconnect_handler  |: Disconnected from 1EFFEDB9-73BA-9396-D724-47E443C12C76
2025-03-18 00:31:44,075 | MainThread   | [INFO    ] | _connect            |: Looking for Artemis Nano Peripheral Device: C0:81:8D:26:04:64
2025-03-18 00:31:47,058 | MainThread   | [INFO    ] | _connect            |: Connected to C0:81:8D:26:04:64
2025-03-18 00:34:06,051 | MainThread   | [INFO    ] | disconnect_handler  |: Disconnected from 1EFFEDB9-73BA-9396-D724-47E443C12C76
2025-03-18 00:34:39,555 | MainThread   | [INFO    ] | _connect            |: Looking for Artemis Nano Peripheral Device: C0:81:8D:26:04:64
2025-03-18 00:34:42,589 | MainThread   | [INFO    ] | _connect            |: Connected to C0:81:8D:26:04:64
2025-03-18 00:38:50,675 | MainThread   | [INFO    ] | disconnect_handler  |: Disconnected from 1EFFEDB9-73BA-9396-D724-47E443C12C76
2025-03-18 00:39:09,725 | MainThread   | [INFO    ] | _connect            |: Looking for Artemis Nano Peripheral Device: C0:81:8D:26:04:64
2025-03-18 00:39:12,774 | MainThread   | [INFO    ] | _connect            |: Connected to C0:81:8D:26:04:64
2025-03-18 00:39:22,222 | MainThread   | [INFO    ] | disconnect_handler  |: Disconnected from 1EFFEDB9-73BA-9396-D724-47E443C12C76
2025-03-18 00:39:33,271 | MainThread   | [INFO    ] | _connect            |: Looking for Artemis Nano Peripheral Device: C0:81:8D:26:04:64
2025-03-18 00:39:36,232 | MainThread   | [INFO    ] | _connect            |: Connected to C0:81:8D:26:04:64
2025-03-18 00:45:00,487 | MainThread   | [INFO    ] | disconnect_handler  |: Disconnected from 1EFFEDB9-73BA-9396-D724-47E443C12C76
2025-03-18 00:45:20,645 | MainThread   | [INFO    ] | _connect            |: Looking for Artemis Nano Peripheral Device: C0:81:8D:26:04:64
2025-03-18 00:45:23,675 | MainThread   | [INFO    ] | _connect            |: Connected to C0:81:8D:26:04:64
2025-03-18 00:48:51,061 | MainThread   | [INFO    ] | disconnect_handler  |: Disconnected from 1EFFEDB9-73BA-9396-D724-47E443C12C76
2025-03-18 00:49:02,539 | MainThread   | [INFO    ] | _connect            |: Looking for Artemis Nano Peripheral Device: C0:81:8D:26:04:64
2025-03-18 00:49:05,944 | MainThread   | [INFO    ] | _connect            |: Connected to C0:81:8D:26:04:64
2025-03-18 01:16:37,275 | MainThread   | [INFO    ] | _connect            |: Looking for Artemis Nano Peripheral Device: C0:81:8D:26:04:64
2025-03-18 01:16:52,318 | MainThread   | [INFO    ] | disconnect_handler  |: Disconnected from 1EFFEDB9-73BA-9396-D724-47E443C12C76
2025-03-18 01:17:16,105 | MainThread   | [INFO    ] | _connect            |: Looking for Artemis Nano Peripheral Device: C0:81:8D:26:04:64
2025-03-18 01:17:19,040 | MainThread   | [INFO    ] | _connect            |: Connected to C0:81:8D:26:04:64
2025-03-18 01:17:39,041 | MainThread   | [INFO    ] | disconnect_handler  |: Disconnected from 1EFFEDB9-73BA-9396-D724-47E443C12C76
2025-03-18 01:18:01,020 | MainThread   | [INFO    ] | _connect            |: Looking for Artemis Nano Peripheral Device: C0:81:8D:26:04:64
2025-03-18 01:18:04,016 | MainThread   | [INFO    ] | _connect            |: Connected to C0:81:8D:26:04:64
2025-03-18 01:20:33,694 | MainThread   | [INFO    ] | disconnect_handler  |: Disconnected from 1EFFEDB9-73BA-9396-D724-47E443C12C76
2025-03-18 01:20:47,175 | MainThread   | [INFO    ] | _connect            |: Looking for Artemis Nano Peripheral Device: C0:81:8D:26:04:64
2025-03-18 01:20:50,179 | MainThread   | [INFO    ] | _connect            |: Connected to C0:81:8D:26:04:64
2025-03-18 01:23:53,239 | MainThread   | [INFO    ] | disconnect_handler  |: Disconnected from 1EFFEDB9-73BA-9396-D724-47E443C12C76
2025-03-18 02:17:03,727 | MainThread   | [DEBUG   ] | __init__            |: Python Info: sys.version_info(major=3, minor=13, micro=1, releaselevel='final', serial=0)
2025-03-18 02:17:03,727 | MainThread   | [DEBUG   ] | __init__            |: System Info: macOS-14.1-arm64-arm-64bit-Mach-O
2025-03-18 02:17:03,727 | MainThread   | [INFO    ] | _connect            |: Looking for Artemis Nano Peripheral Device: C0:81:8D:26:04:64
2025-03-18 02:17:06,670 | MainThread   | [INFO    ] | _connect            |: Connected to C0:81:8D:26:04:64
2025-03-18 02:21:43,073 | MainThread   | [INFO    ] | disconnect_handler  |: Disconnected from 1EFFEDB9-73BA-9396-D724-47E443C12C76
2025-03-18 02:34:06,752 | MainThread   | [INFO    ] | _connect            |: Looking for Artemis Nano Peripheral Device: C0:81:8D:26:04:64
2025-03-18 02:34:09,729 | MainThread   | [INFO    ] | _connect            |: Connected to C0:81:8D:26:04:64
2025-03-18 02:34:58,681 | MainThread   | [INFO    ] | disconnect_handler  |: Disconnected from 1EFFEDB9-73BA-9396-D724-47E443C12C76
2025-03-18 02:35:12,676 | MainThread   | [INFO    ] | _connect            |: Looking for Artemis Nano Peripheral Device: C0:81:8D:26:04:64
2025-03-18 02:35:16,088 | MainThread   | [INFO    ] | _connect            |: Connected to C0:81:8D:26:04:64
2025-03-18 02:48:30,256 | MainThread   | [INFO    ] | disconnect_handler  |: Disconnected from 1EFFEDB9-73BA-9396-D724-47E443C12C76
2025-03-18 02:57:18,343 | MainThread   | [INFO    ] | _connect            |: Looking for Artemis Nano Peripheral Device: C0:81:8D:26:04:64
2025-03-18 02:57:21,280 | MainThread   | [INFO    ] | _connect            |: Connected to C0:81:8D:26:04:64
2025-03-18 02:57:57,734 | MainThread   | [INFO    ] | disconnect_handler  |: Disconnected from 1EFFEDB9-73BA-9396-D724-47E443C12C76
2025-03-18 02:58:01,509 | MainThread   | [INFO    ] | _connect            |: Looking for Artemis Nano Peripheral Device: C0:81:8D:26:04:64
2025-03-18 02:58:06,759 | MainThread   | [INFO    ] | _connect            |: Connected to C0:81:8D:26:04:64
2025-03-18 03:08:44,595 | MainThread   | [INFO    ] | disconnect_handler  |: Disconnected from 1EFFEDB9-73BA-9396-D724-47E443C12C76
2025-03-18 03:11:38,888 | MainThread   | [INFO    ] | _connect            |: Looking for Artemis Nano Peripheral Device: C0:81:8D:26:04:64
2025-03-18 03:11:41,905 | MainThread   | [INFO    ] | _connect            |: Connected to C0:81:8D:26:04:64
2025-03-18 03:13:01,454 | MainThread   | [INFO    ] | disconnect_handler  |: Disconnected from 1EFFEDB9-73BA-9396-D724-47E443C12C76
2025-03-18 03:13:23,190 | MainThread   | [INFO    ] | _connect            |: Looking for Artemis Nano Peripheral Device: C0:81:8D:26:04:64
2025-03-18 03:13:26,182 | MainThread   | [INFO    ] | _connect            |: Connected to C0:81:8D:26:04:64
2025-03-18 03:16:22,442 | MainThread   | [INFO    ] | disconnect_handler  |: Disconnected from 1EFFEDB9-73BA-9396-D724-47E443C12C76
2025-03-18 03:16:25,697 | MainThread   | [INFO    ] | _connect            |: Looking for Artemis Nano Peripheral Device: C0:81:8D:26:04:64
2025-03-18 03:16:31,585 | MainThread   | [INFO    ] | _connect            |: Connected to C0:81:8D:26:04:64
2025-03-18 03:20:03,131 | MainThread   | [INFO    ] | disconnect_handler  |: Disconnected from 1EFFEDB9-73BA-9396-D724-47E443C12C76
2025-03-18 03:22:55,595 | MainThread   | [INFO    ] | _connect            |: Looking for Artemis Nano Peripheral Device: C0:81:8D:26:04:64
2025-03-18 03:22:58,520 | MainThread   | [INFO    ] | _connect            |: Connected to C0:81:8D:26:04:64
2025-03-18 03:26:26,268 | MainThread   | [INFO    ] | disconnect_handler  |: Disconnected from 1EFFEDB9-73BA-9396-D724-47E443C12C76
2025-03-18 03:26:34,019 | MainThread   | [INFO    ] | _connect            |: Looking for Artemis Nano Peripheral Device: C0:81:8D:26:04:64
2025-03-18 03:26:37,073 | MainThread   | [INFO    ] | _connect            |: Connected to C0:81:8D:26:04:64
2025-03-18 03:26:46,278 | MainThread   | [INFO    ] | disconnect_handler  |: Disconnected from 1EFFEDB9-73BA-9396-D724-47E443C12C76
2025-03-18 03:26:52,813 | MainThread   | [INFO    ] | _connect            |: Looking for Artemis Nano Peripheral Device: C0:81:8D:26:04:64
2025-03-18 03:26:55,913 | MainThread   | [INFO    ] | _connect            |: Connected to C0:81:8D:26:04:64
2025-03-18 03:45:53,656 | MainThread   | [INFO    ] | disconnect_handler  |: Disconnected from 1EFFEDB9-73BA-9396-D724-47E443C12C76
2025-03-18 03:46:46,753 | MainThread   | [INFO    ] | _connect            |: Looking for Artemis Nano Peripheral Device: C0:81:8D:26:04:64
2025-03-18 03:46:49,714 | MainThread   | [INFO    ] | _connect            |: Connected to C0:81:8D:26:04:64
2025-03-18 03:49:17,654 | MainThread   | [INFO    ] | disconnect_handler  |: Disconnected from 1EFFEDB9-73BA-9396-D724-47E443C12C76
2025-03-18 03:50:06,140 | MainThread   | [INFO    ] | _connect            |: Looking for Artemis Nano Peripheral Device: C0:81:8D:26:04:64
2025-03-18 03:50:09,114 | MainThread   | [INFO    ] | _connect            |: Connected to C0:81:8D:26:04:64
2025-03-18 03:51:42,156 | MainThread   | [INFO    ] | disconnect_handler  |: Disconnected from 1EFFEDB9-73BA-9396-D724-47E443C12C76
2025-03-18 03:51:45,656 | MainThread   | [INFO    ] | _connect            |: Looking for Artemis Nano Peripheral Device: C0:81:8D:26:04:64
2025-03-18 03:51:51,207 | MainThread   | [INFO    ] | _connect            |: Connected to C0:81:8D:26:04:64
2025-03-18 03:54:27,943 | MainThread   | [INFO    ] | disconnect_handler  |: Disconnected from 1EFFEDB9-73BA-9396-D724-47E443C12C76
2025-03-18 03:55:36,341 | MainThread   | [INFO    ] | _connect            |: Looking for Artemis Nano Peripheral Device: C0:81:8D:26:04:64
2025-03-18 03:55:39,233 | MainThread   | [INFO    ] | _connect            |: Connected to C0:81:8D:26:04:64
2025-03-18 03:56:00,778 | MainThread   | [INFO    ] | disconnect_handler  |: Disconnected from 1EFFEDB9-73BA-9396-D724-47E443C12C76
2025-03-18 03:56:13,144 | MainThread   | [INFO    ] | _connect            |: Looking for Artemis Nano Peripheral Device: C0:81:8D:26:04:64
2025-03-18 03:56:16,135 | MainThread   | [INFO    ] | _connect            |: Connected to C0:81:8D:26:04:64
2025-03-18 03:59:05,146 | MainThread   | [INFO    ] | _connect            |: Already connected to a BLE device
2025-03-18 04:01:48,500 | MainThread   | [INFO    ] | disconnect_handler  |: Disconnected from 1EFFEDB9-73BA-9396-D724-47E443C12C76
2025-03-18 04:01:53,724 | MainThread   | [INFO    ] | _connect            |: Looking for Artemis Nano Peripheral Device: C0:81:8D:26:04:64
2025-03-18 04:01:57,177 | MainThread   | [INFO    ] | _connect            |: Connected to C0:81:8D:26:04:64
2025-03-18 04:02:15,598 | MainThread   | [INFO    ] | disconnect_handler  |: Disconnected from 1EFFEDB9-73BA-9396-D724-47E443C12C76
2025-03-18 04:03:22,095 | MainThread   | [INFO    ] | _connect            |: Looking for Artemis Nano Peripheral Device: C0:81:8D:26:04:64
2025-03-18 04:03:25,012 | MainThread   | [INFO    ] | _connect            |: Connected to C0:81:8D:26:04:64
2025-03-18 04:04:35,223 | MainThread   | [INFO    ] | disconnect_handler  |: Disconnected from 1EFFEDB9-73BA-9396-D724-47E443C12C76
2025-03-23 22:19:38,154 | MainThread   | [DEBUG   ] | __init__            |: Python Info: sys.version_info(major=3, minor=13, micro=1, releaselevel='final', serial=0)
2025-03-23 22:19:38,155 | MainThread   | [DEBUG   ] | __init__            |: System Info: macOS-14.1-arm64-arm-64bit-Mach-O
2025-03-23 22:19:38,155 | MainThread   | [INFO    ] | _connect            |: Looking for Artemis Nano Peripheral Device: C0:81:8D:26:04:64
2025-03-23 22:19:41,163 | MainThread   | [INFO    ] | _connect            |: Connected to C0:81:8D:26:04:64
2025-03-23 22:20:01,684 | MainThread   | [INFO    ] | disconnect_handler  |: Disconnected from 1EFFEDB9-73BA-9396-D724-47E443C12C76
2025-03-23 22:21:09,172 | MainThread   | [INFO    ] | _connect            |: Looking for Artemis Nano Peripheral Device: C0:81:8D:26:04:64
2025-03-23 22:21:12,120 | MainThread   | [INFO    ] | _connect            |: Connected to C0:81:8D:26:04:64
2025-03-23 22:22:24,977 | MainThread   | [INFO    ] | disconnect_handler  |: Disconnected from 1EFFEDB9-73BA-9396-D724-47E443C12C76
2025-03-23 22:22:54,164 | MainThread   | [INFO    ] | _connect            |: Looking for Artemis Nano Peripheral Device: C0:81:8D:26:04:64
2025-03-23 22:22:57,147 | MainThread   | [INFO    ] | _connect            |: Connected to C0:81:8D:26:04:64
2025-03-23 22:23:35,793 | MainThread   | [INFO    ] | disconnect_handler  |: Disconnected from 1EFFEDB9-73BA-9396-D724-47E443C12C76
2025-03-23 22:24:02,912 | MainThread   | [INFO    ] | _connect            |: Looking for Artemis Nano Peripheral Device: C0:81:8D:26:04:64
2025-03-23 22:24:05,912 | MainThread   | [INFO    ] | _connect            |: Connected to C0:81:8D:26:04:64
2025-03-23 22:24:13,831 | MainThread   | [INFO    ] | disconnect_handler  |: Disconnected from 1EFFEDB9-73BA-9396-D724-47E443C12C76
2025-03-23 22:24:20,788 | MainThread   | [INFO    ] | _connect            |: Looking for Artemis Nano Peripheral Device: C0:81:8D:26:04:64
2025-03-23 22:24:23,790 | MainThread   | [INFO    ] | _connect            |: Connected to C0:81:8D:26:04:64
2025-03-23 22:25:09,331 | MainThread   | [INFO    ] | disconnect_handler  |: Disconnected from 1EFFEDB9-73BA-9396-D724-47E443C12C76
2025-03-23 22:25:46,727 | MainThread   | [INFO    ] | _connect            |: Looking for Artemis Nano Peripheral Device: C0:81:8D:26:04:64
2025-03-23 22:25:50,044 | MainThread   | [INFO    ] | _connect            |: Connected to C0:81:8D:26:04:64
2025-03-23 22:26:37,437 | MainThread   | [INFO    ] | disconnect_handler  |: Disconnected from 1EFFEDB9-73BA-9396-D724-47E443C12C76
2025-03-23 22:26:43,050 | MainThread   | [INFO    ] | _connect            |: Looking for Artemis Nano Peripheral Device: C0:81:8D:26:04:64
2025-03-23 22:26:46,617 | MainThread   | [INFO    ] | _connect            |: Connected to C0:81:8D:26:04:64
2025-03-23 22:30:44,556 | MainThread   | [INFO    ] | disconnect_handler  |: Disconnected from 1EFFEDB9-73BA-9396-D724-47E443C12C76
2025-03-23 22:31:26,485 | MainThread   | [INFO    ] | _connect            |: Looking for Artemis Nano Peripheral Device: C0:81:8D:26:04:64
2025-03-23 22:31:29,519 | MainThread   | [INFO    ] | _connect            |: Connected to C0:81:8D:26:04:64
2025-03-23 22:32:26,642 | MainThread   | [INFO    ] | disconnect_handler  |: Disconnected from 1EFFEDB9-73BA-9396-D724-47E443C12C76
2025-03-23 22:33:47,196 | MainThread   | [INFO    ] | _connect            |: Looking for Artemis Nano Peripheral Device: C0:81:8D:26:04:64
2025-03-23 22:33:50,186 | MainThread   | [INFO    ] | _connect            |: Connected to C0:81:8D:26:04:64
2025-03-23 23:12:22,819 | MainThread   | [INFO    ] | disconnect_handler  |: Disconnected from 1EFFEDB9-73BA-9396-D724-47E443C12C76
2025-03-23 23:15:52,690 | MainThread   | [INFO    ] | _connect            |: Looking for Artemis Nano Peripheral Device: C0:81:8D:26:04:64
2025-03-23 23:15:55,696 | MainThread   | [INFO    ] | _connect            |: Connected to C0:81:8D:26:04:64
2025-03-23 23:16:33,344 | MainThread   | [INFO    ] | disconnect_handler  |: Disconnected from 1EFFEDB9-73BA-9396-D724-47E443C12C76
2025-03-23 23:16:39,609 | MainThread   | [INFO    ] | _connect            |: Looking for Artemis Nano Peripheral Device: C0:81:8D:26:04:64
2025-03-23 23:16:42,555 | MainThread   | [INFO    ] | _connect            |: Connected to C0:81:8D:26:04:64
2025-03-23 23:16:56,190 | MainThread   | [INFO    ] | _connect            |: Already connected to a BLE device
2025-03-23 23:17:32,508 | MainThread   | [INFO    ] | disconnect_handler  |: Disconnected from 1EFFEDB9-73BA-9396-D724-47E443C12C76
2025-03-23 23:17:50,723 | MainThread   | [INFO    ] | _connect            |: Looking for Artemis Nano Peripheral Device: C0:81:8D:26:04:64
2025-03-23 23:18:17,916 | MainThread   | [INFO    ] | _connect            |: Looking for Artemis Nano Peripheral Device: C0:81:8D:26:04:64
2025-03-23 23:18:21,286 | MainThread   | [INFO    ] | _connect            |: Connected to C0:81:8D:26:04:64
2025-03-23 23:18:29,211 | MainThread   | [INFO    ] | disconnect_handler  |: Disconnected from 1EFFEDB9-73BA-9396-D724-47E443C12C76
2025-03-23 23:20:39,492 | MainThread   | [INFO    ] | _connect            |: Looking for Artemis Nano Peripheral Device: C0:81:8D:26:04:64
2025-03-23 23:20:42,436 | MainThread   | [INFO    ] | _connect            |: Connected to C0:81:8D:26:04:64
2025-03-23 23:21:43,801 | MainThread   | [INFO    ] | disconnect_handler  |: Disconnected from 1EFFEDB9-73BA-9396-D724-47E443C12C76
2025-03-23 23:23:07,253 | MainThread   | [INFO    ] | _connect            |: Looking for Artemis Nano Peripheral Device: C0:81:8D:26:04:64
2025-03-23 23:23:10,149 | MainThread   | [INFO    ] | _connect            |: Connected to C0:81:8D:26:04:64
2025-03-23 23:23:27,256 | MainThread   | [INFO    ] | disconnect_handler  |: Disconnected from 1EFFEDB9-73BA-9396-D724-47E443C12C76
2025-03-23 23:24:00,644 | MainThread   | [INFO    ] | _connect            |: Looking for Artemis Nano Peripheral Device: C0:81:8D:26:04:64
2025-03-23 23:24:03,549 | MainThread   | [INFO    ] | _connect            |: Connected to C0:81:8D:26:04:64
2025-03-23 23:26:11,383 | MainThread   | [INFO    ] | disconnect_handler  |: Disconnected from 1EFFEDB9-73BA-9396-D724-47E443C12C76
2025-03-23 23:27:04,007 | MainThread   | [INFO    ] | _connect            |: Looking for Artemis Nano Peripheral Device: C0:81:8D:26:04:64
2025-03-23 23:27:07,087 | MainThread   | [INFO    ] | _connect            |: Connected to C0:81:8D:26:04:64
2025-03-23 23:27:13,740 | MainThread   | [INFO    ] | disconnect_handler  |: Disconnected from 1EFFEDB9-73BA-9396-D724-47E443C12C76
2025-03-23 23:27:37,150 | MainThread   | [INFO    ] | _connect            |: Looking for Artemis Nano Peripheral Device: C0:81:8D:26:04:64
2025-03-23 23:27:40,084 | MainThread   | [INFO    ] | _connect            |: Connected to C0:81:8D:26:04:64
2025-03-23 23:27:57,776 | MainThread   | [INFO    ] | disconnect_handler  |: Disconnected from 1EFFEDB9-73BA-9396-D724-47E443C12C76
2025-03-23 23:28:04,035 | MainThread   | [INFO    ] | _connect            |: Looking for Artemis Nano Peripheral Device: C0:81:8D:26:04:64
2025-03-23 23:28:27,701 | MainThread   | [INFO    ] | _connect            |: Looking for Artemis Nano Peripheral Device: C0:81:8D:26:04:64
2025-03-23 23:28:31,984 | MainThread   | [INFO    ] | _connect            |: Connected to C0:81:8D:26:04:64
2025-03-23 23:28:37,278 | MainThread   | [INFO    ] | disconnect_handler  |: Disconnected from 1EFFEDB9-73BA-9396-D724-47E443C12C76
2025-03-23 23:29:53,617 | MainThread   | [INFO    ] | _connect            |: Looking for Artemis Nano Peripheral Device: C0:81:8D:26:04:64
2025-03-23 23:29:56,733 | MainThread   | [INFO    ] | _connect            |: Connected to C0:81:8D:26:04:64
2025-03-23 23:32:40,693 | MainThread   | [INFO    ] | disconnect_handler  |: Disconnected from 1EFFEDB9-73BA-9396-D724-47E443C12C76
2025-03-23 23:33:00,375 | MainThread   | [INFO    ] | _connect            |: Looking for Artemis Nano Peripheral Device: C0:81:8D:26:04:64
2025-03-23 23:33:03,725 | MainThread   | [INFO    ] | _connect            |: Connected to C0:81:8D:26:04:64
2025-03-23 23:37:18,850 | MainThread   | [INFO    ] | disconnect_handler  |: Disconnected from 1EFFEDB9-73BA-9396-D724-47E443C12C76
2025-03-23 23:38:21,162 | MainThread   | [INFO    ] | _connect            |: Looking for Artemis Nano Peripheral Device: C0:81:8D:26:04:64
2025-03-23 23:38:24,118 | MainThread   | [INFO    ] | _connect            |: Connected to C0:81:8D:26:04:64
2025-03-23 23:38:39,355 | MainThread   | [INFO    ] | disconnect_handler  |: Disconnected from 1EFFEDB9-73BA-9396-D724-47E443C12C76
2025-03-23 23:39:21,719 | MainThread   | [INFO    ] | _connect            |: Looking for Artemis Nano Peripheral Device: C0:81:8D:26:04:64
2025-03-23 23:39:27,456 | MainThread   | [INFO    ] | _connect            |: Connected to C0:81:8D:26:04:64
2025-03-23 23:39:41,907 | MainThread   | [INFO    ] | disconnect_handler  |: Disconnected from 1EFFEDB9-73BA-9396-D724-47E443C12C76
2025-03-23 23:40:12,689 | MainThread   | [INFO    ] | _connect            |: Looking for Artemis Nano Peripheral Device: C0:81:8D:26:04:64
2025-03-23 23:40:15,685 | MainThread   | [INFO    ] | _connect            |: Connected to C0:81:8D:26:04:64
2025-03-23 23:40:37,650 | MainThread   | [INFO    ] | disconnect_handler  |: Disconnected from 1EFFEDB9-73BA-9396-D724-47E443C12C76
2025-03-23 23:40:44,914 | MainThread   | [INFO    ] | _connect            |: Looking for Artemis Nano Peripheral Device: C0:81:8D:26:04:64
2025-03-23 23:41:37,552 | MainThread   | [INFO    ] | _connect            |: Looking for Artemis Nano Peripheral Device: C0:81:8D:26:04:64
2025-03-23 23:42:42,778 | MainThread   | [INFO    ] | _connect            |: Looking for Artemis Nano Peripheral Device: C0:81:8D:26:04:64
2025-03-23 23:42:45,934 | MainThread   | [INFO    ] | _connect            |: Connected to C0:81:8D:26:04:64
2025-03-23 23:42:55,906 | MainThread   | [INFO    ] | disconnect_handler  |: Disconnected from 1EFFEDB9-73BA-9396-D724-47E443C12C76
2025-03-23 23:43:24,272 | MainThread   | [INFO    ] | _connect            |: Looking for Artemis Nano Peripheral Device: C0:81:8D:26:04:64
2025-03-23 23:44:20,607 | MainThread   | [INFO    ] | _connect            |: Looking for Artemis Nano Peripheral Device: C0:81:8D:26:04:64
2025-03-23 23:44:23,714 | MainThread   | [INFO    ] | _connect            |: Connected to C0:81:8D:26:04:64
2025-03-23 23:44:54,390 | MainThread   | [INFO    ] | disconnect_handler  |: Disconnected from 1EFFEDB9-73BA-9396-D724-47E443C12C76
2025-03-23 23:44:58,985 | MainThread   | [INFO    ] | _connect            |: Looking for Artemis Nano Peripheral Device: C0:81:8D:26:04:64
2025-03-23 23:45:04,116 | MainThread   | [INFO    ] | _connect            |: Connected to C0:81:8D:26:04:64
2025-03-23 23:45:21,876 | MainThread   | [INFO    ] | disconnect_handler  |: Disconnected from 1EFFEDB9-73BA-9396-D724-47E443C12C76
2025-03-23 23:45:26,723 | MainThread   | [INFO    ] | _connect            |: Looking for Artemis Nano Peripheral Device: C0:81:8D:26:04:64
2025-03-23 23:45:31,657 | MainThread   | [INFO    ] | _connect            |: Connected to C0:81:8D:26:04:64
2025-03-23 23:47:04,715 | MainThread   | [INFO    ] | disconnect_handler  |: Disconnected from 1EFFEDB9-73BA-9396-D724-47E443C12C76
2025-03-23 23:50:09,971 | MainThread   | [INFO    ] | _connect            |: Looking for Artemis Nano Peripheral Device: C0:81:8D:26:04:64
2025-03-23 23:50:12,905 | MainThread   | [INFO    ] | _connect            |: Connected to C0:81:8D:26:04:64
2025-03-23 23:50:24,181 | MainThread   | [INFO    ] | disconnect_handler  |: Disconnected from 1EFFEDB9-73BA-9396-D724-47E443C12C76
2025-03-23 23:50:31,263 | MainThread   | [INFO    ] | _connect            |: Looking for Artemis Nano Peripheral Device: C0:81:8D:26:04:64
2025-03-23 23:50:34,238 | MainThread   | [INFO    ] | _connect            |: Connected to C0:81:8D:26:04:64
2025-03-23 23:50:55,684 | MainThread   | [INFO    ] | _connect            |: Already connected to a BLE device
2025-03-23 23:50:59,043 | MainThread   | [INFO    ] | disconnect_handler  |: Disconnected from 1EFFEDB9-73BA-9396-D724-47E443C12C76
2025-03-23 23:51:04,776 | MainThread   | [INFO    ] | _connect            |: Looking for Artemis Nano Peripheral Device: C0:81:8D:26:04:64
2025-03-23 23:51:07,923 | MainThread   | [INFO    ] | _connect            |: Connected to C0:81:8D:26:04:64
2025-03-23 23:51:19,194 | MainThread   | [INFO    ] | disconnect_handler  |: Disconnected from 1EFFEDB9-73BA-9396-D724-47E443C12C76
2025-03-23 23:53:05,837 | MainThread   | [INFO    ] | _connect            |: Looking for Artemis Nano Peripheral Device: C0:81:8D:26:04:64
2025-03-23 23:53:08,763 | MainThread   | [INFO    ] | _connect            |: Connected to C0:81:8D:26:04:64
2025-03-23 23:53:25,138 | MainThread   | [INFO    ] | disconnect_handler  |: Disconnected from 1EFFEDB9-73BA-9396-D724-47E443C12C76
2025-03-23 23:53:42,630 | MainThread   | [INFO    ] | _connect            |: Looking for Artemis Nano Peripheral Device: C0:81:8D:26:04:64
2025-03-23 23:53:45,601 | MainThread   | [INFO    ] | _connect            |: Connected to C0:81:8D:26:04:64
2025-03-23 23:53:55,501 | MainThread   | [INFO    ] | disconnect_handler  |: Disconnected from 1EFFEDB9-73BA-9396-D724-47E443C12C76
2025-03-23 23:54:13,044 | MainThread   | [INFO    ] | _connect            |: Looking for Artemis Nano Peripheral Device: C0:81:8D:26:04:64
2025-03-23 23:54:15,964 | MainThread   | [INFO    ] | _connect            |: Connected to C0:81:8D:26:04:64
2025-03-23 23:54:23,079 | MainThread   | [INFO    ] | disconnect_handler  |: Disconnected from 1EFFEDB9-73BA-9396-D724-47E443C12C76
2025-03-23 23:54:35,575 | MainThread   | [INFO    ] | _connect            |: Looking for Artemis Nano Peripheral Device: C0:81:8D:26:04:64
2025-03-23 23:54:38,554 | MainThread   | [INFO    ] | _connect            |: Connected to C0:81:8D:26:04:64
2025-03-23 23:54:45,158 | MainThread   | [INFO    ] | disconnect_handler  |: Disconnected from 1EFFEDB9-73BA-9396-D724-47E443C12C76
2025-03-23 23:55:41,419 | MainThread   | [INFO    ] | _connect            |: Looking for Artemis Nano Peripheral Device: C0:81:8D:26:04:64
2025-03-23 23:55:44,312 | MainThread   | [INFO    ] | _connect            |: Connected to C0:81:8D:26:04:64
2025-03-23 23:55:49,737 | MainThread   | [INFO    ] | disconnect_handler  |: Disconnected from 1EFFEDB9-73BA-9396-D724-47E443C12C76
2025-03-23 23:55:57,559 | MainThread   | [INFO    ] | _connect            |: Looking for Artemis Nano Peripheral Device: C0:81:8D:26:04:64
2025-03-23 23:56:00,511 | MainThread   | [INFO    ] | _connect            |: Connected to C0:81:8D:26:04:64
2025-03-23 23:58:43,719 | MainThread   | [INFO    ] | disconnect_handler  |: Disconnected from 1EFFEDB9-73BA-9396-D724-47E443C12C76
2025-03-23 23:58:53,601 | MainThread   | [INFO    ] | _connect            |: Looking for Artemis Nano Peripheral Device: C0:81:8D:26:04:64
2025-03-23 23:58:56,549 | MainThread   | [INFO    ] | _connect            |: Connected to C0:81:8D:26:04:64
2025-03-23 23:59:05,562 | MainThread   | [INFO    ] | disconnect_handler  |: Disconnected from 1EFFEDB9-73BA-9396-D724-47E443C12C76
2025-03-23 23:59:14,371 | MainThread   | [INFO    ] | _connect            |: Looking for Artemis Nano Peripheral Device: C0:81:8D:26:04:64
2025-03-23 23:59:17,282 | MainThread   | [INFO    ] | _connect            |: Connected to C0:81:8D:26:04:64
2025-03-23 23:59:29,749 | MainThread   | [INFO    ] | disconnect_handler  |: Disconnected from 1EFFEDB9-73BA-9396-D724-47E443C12C76
2025-03-23 23:59:33,521 | MainThread   | [INFO    ] | _connect            |: Looking for Artemis Nano Peripheral Device: C0:81:8D:26:04:64
2025-03-23 23:59:38,611 | MainThread   | [INFO    ] | _connect            |: Connected to C0:81:8D:26:04:64
2025-03-23 23:59:48,297 | MainThread   | [INFO    ] | disconnect_handler  |: Disconnected from 1EFFEDB9-73BA-9396-D724-47E443C12C76
2025-03-23 23:59:51,246 | MainThread   | [INFO    ] | _connect            |: Looking for Artemis Nano Peripheral Device: C0:81:8D:26:04:64
2025-03-23 23:59:57,363 | MainThread   | [INFO    ] | _connect            |: Connected to C0:81:8D:26:04:64
2025-03-24 00:10:55,048 | MainThread   | [INFO    ] | disconnect_handler  |: Disconnected from 1EFFEDB9-73BA-9396-D724-47E443C12C76
2025-03-24 02:03:11,847 | MainThread   | [INFO    ] | _connect            |: Looking for Artemis Nano Peripheral Device: C0:81:8D:26:04:64
2025-03-24 02:03:14,847 | MainThread   | [INFO    ] | _connect            |: Connected to C0:81:8D:26:04:64
2025-03-24 02:03:20,458 | MainThread   | [INFO    ] | disconnect_handler  |: Disconnected from 1EFFEDB9-73BA-9396-D724-47E443C12C76
2025-03-24 02:03:43,423 | MainThread   | [INFO    ] | _connect            |: Looking for Artemis Nano Peripheral Device: C0:81:8D:26:04:64
2025-03-24 02:03:46,463 | MainThread   | [INFO    ] | _connect            |: Connected to C0:81:8D:26:04:64
2025-03-24 02:04:06,746 | MainThread   | [INFO    ] | disconnect_handler  |: Disconnected from 1EFFEDB9-73BA-9396-D724-47E443C12C76
2025-03-24 02:04:18,227 | MainThread   | [INFO    ] | _connect            |: Looking for Artemis Nano Peripheral Device: C0:81:8D:26:04:64
2025-03-24 02:04:21,174 | MainThread   | [INFO    ] | _connect            |: Connected to C0:81:8D:26:04:64
2025-03-24 02:04:44,955 | MainThread   | [INFO    ] | disconnect_handler  |: Disconnected from 1EFFEDB9-73BA-9396-D724-47E443C12C76
2025-03-24 02:04:56,057 | MainThread   | [INFO    ] | _connect            |: Looking for Artemis Nano Peripheral Device: C0:81:8D:26:04:64
2025-03-24 02:04:59,061 | MainThread   | [INFO    ] | _connect            |: Connected to C0:81:8D:26:04:64
2025-03-24 02:06:47,730 | MainThread   | [INFO    ] | disconnect_handler  |: Disconnected from 1EFFEDB9-73BA-9396-D724-47E443C12C76
2025-03-24 02:06:59,555 | MainThread   | [INFO    ] | _connect            |: Looking for Artemis Nano Peripheral Device: C0:81:8D:26:04:64
2025-03-24 02:07:02,543 | MainThread   | [INFO    ] | _connect            |: Connected to C0:81:8D:26:04:64
2025-03-24 02:07:42,753 | MainThread   | [INFO    ] | disconnect_handler  |: Disconnected from 1EFFEDB9-73BA-9396-D724-47E443C12C76
2025-03-24 02:08:36,827 | MainThread   | [INFO    ] | _connect            |: Looking for Artemis Nano Peripheral Device: C0:81:8D:26:04:64
2025-03-24 02:08:39,769 | MainThread   | [INFO    ] | _connect            |: Connected to C0:81:8D:26:04:64
2025-03-24 02:09:29,960 | MainThread   | [INFO    ] | disconnect_handler  |: Disconnected from 1EFFEDB9-73BA-9396-D724-47E443C12C76
2025-03-24 02:10:40,857 | MainThread   | [INFO    ] | _connect            |: Looking for Artemis Nano Peripheral Device: C0:81:8D:26:04:64
2025-03-24 02:10:48,981 | MainThread   | [INFO    ] | _connect            |: Connected to C0:81:8D:26:04:64
2025-03-24 02:12:34,385 | MainThread   | [INFO    ] | disconnect_handler  |: Disconnected from 1EFFEDB9-73BA-9396-D724-47E443C12C76
2025-03-24 02:13:01,281 | MainThread   | [INFO    ] | _connect            |: Looking for Artemis Nano Peripheral Device: C0:81:8D:26:04:64
2025-03-24 02:13:04,222 | MainThread   | [INFO    ] | _connect            |: Connected to C0:81:8D:26:04:64
2025-03-24 02:16:12,658 | MainThread   | [INFO    ] | disconnect_handler  |: Disconnected from 1EFFEDB9-73BA-9396-D724-47E443C12C76
2025-03-24 02:17:01,126 | MainThread   | [INFO    ] | _connect            |: Looking for Artemis Nano Peripheral Device: C0:81:8D:26:04:64
2025-03-24 02:17:04,049 | MainThread   | [INFO    ] | _connect            |: Connected to C0:81:8D:26:04:64
2025-03-24 02:21:52,900 | MainThread   | [INFO    ] | disconnect_handler  |: Disconnected from 1EFFEDB9-73BA-9396-D724-47E443C12C76
2025-03-24 16:54:10,501 | MainThread   | [DEBUG   ] | __init__            |: Python Info: sys.version_info(major=3, minor=13, micro=1, releaselevel='final', serial=0)
2025-03-24 16:54:10,502 | MainThread   | [DEBUG   ] | __init__            |: System Info: macOS-14.1-arm64-arm-64bit-Mach-O
2025-03-24 16:54:10,502 | MainThread   | [INFO    ] | _connect            |: Looking for Artemis Nano Peripheral Device: C0:81:8D:26:04:64
2025-03-24 16:54:13,509 | MainThread   | [INFO    ] | _connect            |: Connected to C0:81:8D:26:04:64
2025-03-24 17:32:37,759 | MainThread   | [INFO    ] | disconnect_handler  |: Disconnected from 1EFFEDB9-73BA-9396-D724-47E443C12C76
2025-03-24 17:34:03,070 | MainThread   | [INFO    ] | _connect            |: Looking for Artemis Nano Peripheral Device: C0:81:8D:26:04:64
2025-03-24 17:34:05,950 | MainThread   | [INFO    ] | _connect            |: Connected to C0:81:8D:26:04:64
2025-03-24 17:34:32,644 | MainThread   | [INFO    ] | disconnect_handler  |: Disconnected from 1EFFEDB9-73BA-9396-D724-47E443C12C76
2025-03-24 17:36:23,365 | MainThread   | [INFO    ] | _connect            |: Looking for Artemis Nano Peripheral Device: C0:81:8D:26:04:64
2025-03-24 17:36:26,293 | MainThread   | [INFO    ] | _connect            |: Connected to C0:81:8D:26:04:64
2025-03-24 17:37:50,813 | MainThread   | [INFO    ] | disconnect_handler  |: Disconnected from 1EFFEDB9-73BA-9396-D724-47E443C12C76
2025-03-24 17:39:25,576 | MainThread   | [INFO    ] | _connect            |: Looking for Artemis Nano Peripheral Device: C0:81:8D:26:04:64
2025-03-24 17:39:28,549 | MainThread   | [INFO    ] | _connect            |: Connected to C0:81:8D:26:04:64
2025-03-24 17:40:03,424 | MainThread   | [INFO    ] | disconnect_handler  |: Disconnected from 1EFFEDB9-73BA-9396-D724-47E443C12C76
2025-03-24 17:41:04,350 | MainThread   | [INFO    ] | _connect            |: Looking for Artemis Nano Peripheral Device: C0:81:8D:26:04:64
2025-03-24 17:41:07,610 | MainThread   | [INFO    ] | _connect            |: Connected to C0:81:8D:26:04:64
2025-03-24 17:42:42,743 | MainThread   | [INFO    ] | disconnect_handler  |: Disconnected from 1EFFEDB9-73BA-9396-D724-47E443C12C76
2025-03-24 17:43:25,220 | MainThread   | [INFO    ] | _connect            |: Looking for Artemis Nano Peripheral Device: C0:81:8D:26:04:64
2025-03-24 17:43:28,523 | MainThread   | [INFO    ] | _connect            |: Connected to C0:81:8D:26:04:64
2025-03-24 17:44:10,913 | MainThread   | [INFO    ] | disconnect_handler  |: Disconnected from 1EFFEDB9-73BA-9396-D724-47E443C12C76
2025-03-24 17:46:22,267 | MainThread   | [INFO    ] | _connect            |: Looking for Artemis Nano Peripheral Device: C0:81:8D:26:04:64
2025-03-24 17:46:25,437 | MainThread   | [INFO    ] | _connect            |: Connected to C0:81:8D:26:04:64
2025-03-24 17:48:47,788 | MainThread   | [INFO    ] | disconnect_handler  |: Disconnected from 1EFFEDB9-73BA-9396-D724-47E443C12C76
2025-03-24 17:49:01,018 | MainThread   | [INFO    ] | _connect            |: Looking for Artemis Nano Peripheral Device: C0:81:8D:26:04:64
2025-03-24 17:49:05,940 | MainThread   | [INFO    ] | _connect            |: Connected to C0:81:8D:26:04:64
2025-03-24 17:50:25,284 | MainThread   | [INFO    ] | _connect            |: Already connected to a BLE device
2025-03-24 17:50:52,224 | MainThread   | [INFO    ] | disconnect_handler  |: Disconnected from 1EFFEDB9-73BA-9396-D724-47E443C12C76
2025-03-24 17:51:17,119 | MainThread   | [INFO    ] | _connect            |: Looking for Artemis Nano Peripheral Device: C0:81:8D:26:04:64
2025-03-24 17:51:28,409 | MainThread   | [INFO    ] | _connect            |: Connected to C0:81:8D:26:04:64
2025-03-24 17:52:08,880 | MainThread   | [INFO    ] | disconnect_handler  |: Disconnected from 1EFFEDB9-73BA-9396-D724-47E443C12C76
2025-03-24 17:52:21,265 | MainThread   | [INFO    ] | _connect            |: Looking for Artemis Nano Peripheral Device: C0:81:8D:26:04:64
2025-03-24 17:52:24,205 | MainThread   | [INFO    ] | _connect            |: Connected to C0:81:8D:26:04:64
2025-03-24 18:05:26,875 | MainThread   | [INFO    ] | disconnect_handler  |: Disconnected from 1EFFEDB9-73BA-9396-D724-47E443C12C76
2025-03-24 18:06:58,760 | MainThread   | [INFO    ] | _connect            |: Looking for Artemis Nano Peripheral Device: C0:81:8D:26:04:64
2025-03-24 18:07:02,009 | MainThread   | [INFO    ] | _connect            |: Connected to C0:81:8D:26:04:64
2025-03-24 18:07:55,175 | MainThread   | [INFO    ] | disconnect_handler  |: Disconnected from 1EFFEDB9-73BA-9396-D724-47E443C12C76
2025-03-24 18:08:17,299 | MainThread   | [INFO    ] | _connect            |: Looking for Artemis Nano Peripheral Device: C0:81:8D:26:04:64
2025-03-24 18:08:20,223 | MainThread   | [INFO    ] | _connect            |: Connected to C0:81:8D:26:04:64
2025-03-24 18:12:10,867 | MainThread   | [INFO    ] | disconnect_handler  |: Disconnected from 1EFFEDB9-73BA-9396-D724-47E443C12C76
2025-03-24 18:58:48,544 | MainThread   | [INFO    ] | _connect            |: Looking for Artemis Nano Peripheral Device: C0:81:8D:26:04:64
2025-03-24 18:58:51,446 | MainThread   | [INFO    ] | _connect            |: Connected to C0:81:8D:26:04:64
2025-03-24 18:59:59,220 | MainThread   | [INFO    ] | disconnect_handler  |: Disconnected from 1EFFEDB9-73BA-9396-D724-47E443C12C76
2025-03-24 19:22:16,093 | MainThread   | [INFO    ] | _connect            |: Looking for Artemis Nano Peripheral Device: C0:81:8D:26:04:64
2025-03-24 19:22:21,064 | MainThread   | [INFO    ] | _connect            |: Connected to C0:81:8D:26:04:64
2025-03-24 19:23:06,914 | MainThread   | [INFO    ] | disconnect_handler  |: Disconnected from 1EFFEDB9-73BA-9396-D724-47E443C12C76
2025-03-24 19:23:43,174 | MainThread   | [INFO    ] | _connect            |: Looking for Artemis Nano Peripheral Device: C0:81:8D:26:04:64
2025-03-24 19:23:46,207 | MainThread   | [INFO    ] | _connect            |: Connected to C0:81:8D:26:04:64
2025-03-24 19:24:27,536 | MainThread   | [INFO    ] | _connect            |: Already connected to a BLE device
2025-03-24 19:26:54,766 | MainThread   | [INFO    ] | disconnect_handler  |: Disconnected from 1EFFEDB9-73BA-9396-D724-47E443C12C76
2025-03-24 19:27:32,115 | MainThread   | [INFO    ] | _connect            |: Looking for Artemis Nano Peripheral Device: C0:81:8D:26:04:64
2025-03-24 19:27:35,200 | MainThread   | [INFO    ] | _connect            |: Connected to C0:81:8D:26:04:64
2025-03-24 19:32:03,815 | MainThread   | [INFO    ] | disconnect_handler  |: Disconnected from 1EFFEDB9-73BA-9396-D724-47E443C12C76
2025-03-24 19:33:31,263 | MainThread   | [INFO    ] | _connect            |: Looking for Artemis Nano Peripheral Device: C0:81:8D:26:04:64
2025-03-24 19:33:38,740 | MainThread   | [INFO    ] | _connect            |: Connected to C0:81:8D:26:04:64
2025-03-24 19:46:02,062 | MainThread   | [INFO    ] | disconnect_handler  |: Disconnected from 1EFFEDB9-73BA-9396-D724-47E443C12C76
2025-03-24 19:46:38,381 | MainThread   | [INFO    ] | _connect            |: Looking for Artemis Nano Peripheral Device: C0:81:8D:26:04:64
2025-03-24 19:46:41,352 | MainThread   | [INFO    ] | _connect            |: Connected to C0:81:8D:26:04:64
2025-03-24 19:52:57,339 | MainThread   | [INFO    ] | disconnect_handler  |: Disconnected from 1EFFEDB9-73BA-9396-D724-47E443C12C76
2025-03-24 19:53:18,687 | MainThread   | [INFO    ] | _connect            |: Looking for Artemis Nano Peripheral Device: C0:81:8D:26:04:64
2025-03-24 19:53:21,674 | MainThread   | [INFO    ] | _connect            |: Connected to C0:81:8D:26:04:64
2025-03-24 19:56:12,568 | MainThread   | [INFO    ] | disconnect_handler  |: Disconnected from 1EFFEDB9-73BA-9396-D724-47E443C12C76
2025-03-24 19:56:31,756 | MainThread   | [INFO    ] | _connect            |: Looking for Artemis Nano Peripheral Device: C0:81:8D:26:04:64
2025-03-24 19:56:34,638 | MainThread   | [INFO    ] | _connect            |: Connected to C0:81:8D:26:04:64
2025-03-24 19:58:24,446 | MainThread   | [INFO    ] | disconnect_handler  |: Disconnected from 1EFFEDB9-73BA-9396-D724-47E443C12C76
2025-03-24 19:58:39,785 | MainThread   | [INFO    ] | _connect            |: Looking for Artemis Nano Peripheral Device: C0:81:8D:26:04:64
2025-03-24 19:58:43,249 | MainThread   | [INFO    ] | _connect            |: Connected to C0:81:8D:26:04:64
2025-03-24 20:00:34,935 | MainThread   | [INFO    ] | disconnect_handler  |: Disconnected from 1EFFEDB9-73BA-9396-D724-47E443C12C76
2025-03-24 20:00:53,011 | MainThread   | [INFO    ] | _connect            |: Looking for Artemis Nano Peripheral Device: C0:81:8D:26:04:64
2025-03-24 20:00:56,117 | MainThread   | [INFO    ] | _connect            |: Connected to C0:81:8D:26:04:64
2025-03-24 20:02:15,089 | MainThread   | [INFO    ] | disconnect_handler  |: Disconnected from 1EFFEDB9-73BA-9396-D724-47E443C12C76
2025-03-24 20:02:41,866 | MainThread   | [INFO    ] | _connect            |: Looking for Artemis Nano Peripheral Device: C0:81:8D:26:04:64
2025-03-24 20:02:44,958 | MainThread   | [INFO    ] | _connect            |: Connected to C0:81:8D:26:04:64
2025-03-24 20:03:23,235 | MainThread   | [INFO    ] | disconnect_handler  |: Disconnected from 1EFFEDB9-73BA-9396-D724-47E443C12C76
2025-03-24 20:03:31,167 | MainThread   | [INFO    ] | _connect            |: Looking for Artemis Nano Peripheral Device: C0:81:8D:26:04:64
2025-03-24 20:03:34,249 | MainThread   | [INFO    ] | _connect            |: Connected to C0:81:8D:26:04:64
2025-03-24 20:16:27,528 | MainThread   | [INFO    ] | _connect            |: Already connected to a BLE device
2025-03-24 20:16:52,681 | MainThread   | [INFO    ] | disconnect_handler  |: Disconnected from 1EFFEDB9-73BA-9396-D724-47E443C12C76
2025-03-24 20:17:14,644 | MainThread   | [INFO    ] | _connect            |: Looking for Artemis Nano Peripheral Device: C0:81:8D:26:04:64
2025-03-24 20:17:17,753 | MainThread   | [INFO    ] | _connect            |: Connected to C0:81:8D:26:04:64
2025-03-24 20:30:42,570 | MainThread   | [INFO    ] | disconnect_handler  |: Disconnected from 1EFFEDB9-73BA-9396-D724-47E443C12C76
2025-03-24 20:30:57,112 | MainThread   | [INFO    ] | _connect            |: Looking for Artemis Nano Peripheral Device: C0:81:8D:26:04:64
2025-03-24 20:31:00,077 | MainThread   | [INFO    ] | _connect            |: Connected to C0:81:8D:26:04:64
2025-03-24 20:32:17,368 | MainThread   | [INFO    ] | disconnect_handler  |: Disconnected from 1EFFEDB9-73BA-9396-D724-47E443C12C76
2025-03-24 20:36:41,846 | MainThread   | [INFO    ] | _connect            |: Looking for Artemis Nano Peripheral Device: C0:81:8D:26:04:64
2025-03-24 20:36:44,903 | MainThread   | [INFO    ] | _connect            |: Connected to C0:81:8D:26:04:64
2025-03-24 20:38:49,799 | MainThread   | [INFO    ] | disconnect_handler  |: Disconnected from 1EFFEDB9-73BA-9396-D724-47E443C12C76
2025-03-24 20:39:54,360 | MainThread   | [INFO    ] | _connect            |: Looking for Artemis Nano Peripheral Device: C0:81:8D:26:04:64
2025-03-24 20:39:57,357 | MainThread   | [INFO    ] | _connect            |: Connected to C0:81:8D:26:04:64
2025-03-24 20:49:58,912 | MainThread   | [INFO    ] | disconnect_handler  |: Disconnected from 1EFFEDB9-73BA-9396-D724-47E443C12C76
2025-03-24 20:51:11,525 | MainThread   | [INFO    ] | _connect            |: Looking for Artemis Nano Peripheral Device: C0:81:8D:26:04:64
2025-03-24 20:51:16,538 | MainThread   | [INFO    ] | _connect            |: Connected to C0:81:8D:26:04:64
2025-03-24 20:52:58,272 | MainThread   | [INFO    ] | disconnect_handler  |: Disconnected from 1EFFEDB9-73BA-9396-D724-47E443C12C76
2025-03-24 20:53:22,355 | MainThread   | [INFO    ] | _connect            |: Looking for Artemis Nano Peripheral Device: C0:81:8D:26:04:64
2025-03-24 20:53:25,359 | MainThread   | [INFO    ] | _connect            |: Connected to C0:81:8D:26:04:64
2025-03-24 20:57:10,100 | MainThread   | [INFO    ] | disconnect_handler  |: Disconnected from 1EFFEDB9-73BA-9396-D724-47E443C12C76
2025-03-24 20:57:21,791 | MainThread   | [INFO    ] | _connect            |: Looking for Artemis Nano Peripheral Device: C0:81:8D:26:04:64
2025-03-24 20:57:24,792 | MainThread   | [INFO    ] | _connect            |: Connected to C0:81:8D:26:04:64
2025-03-24 21:10:02,449 | MainThread   | [INFO    ] | disconnect_handler  |: Disconnected from 1EFFEDB9-73BA-9396-D724-47E443C12C76
2025-03-24 21:10:31,494 | MainThread   | [INFO    ] | _connect            |: Looking for Artemis Nano Peripheral Device: C0:81:8D:26:04:64
2025-03-24 21:10:34,587 | MainThread   | [INFO    ] | _connect            |: Connected to C0:81:8D:26:04:64
2025-03-24 21:13:42,952 | MainThread   | [INFO    ] | disconnect_handler  |: Disconnected from 1EFFEDB9-73BA-9396-D724-47E443C12C76
2025-03-24 21:14:00,161 | MainThread   | [INFO    ] | _connect            |: Looking for Artemis Nano Peripheral Device: C0:81:8D:26:04:64
2025-03-24 21:14:03,475 | MainThread   | [INFO    ] | _connect            |: Connected to C0:81:8D:26:04:64
2025-03-24 21:14:24,411 | MainThread   | [INFO    ] | disconnect_handler  |: Disconnected from 1EFFEDB9-73BA-9396-D724-47E443C12C76
2025-03-24 21:14:27,460 | MainThread   | [INFO    ] | _connect            |: Looking for Artemis Nano Peripheral Device: C0:81:8D:26:04:64
2025-03-24 21:14:42,584 | MainThread   | [INFO    ] | _connect            |: Looking for Artemis Nano Peripheral Device: C0:81:8D:26:04:64
2025-03-24 21:14:56,762 | MainThread   | [INFO    ] | _connect            |: Looking for Artemis Nano Peripheral Device: C0:81:8D:26:04:64
2025-03-24 21:14:59,816 | MainThread   | [INFO    ] | _connect            |: Connected to C0:81:8D:26:04:64
2025-03-24 21:24:07,277 | MainThread   | [INFO    ] | disconnect_handler  |: Disconnected from 1EFFEDB9-73BA-9396-D724-47E443C12C76
2025-03-24 21:25:20,516 | MainThread   | [INFO    ] | _connect            |: Looking for Artemis Nano Peripheral Device: C0:81:8D:26:04:64
2025-03-24 21:25:27,799 | MainThread   | [INFO    ] | _connect            |: Connected to C0:81:8D:26:04:64
2025-03-24 21:37:00,181 | MainThread   | [INFO    ] | _connect            |: Already connected to a BLE device
2025-03-24 21:37:01,309 | MainThread   | [INFO    ] | disconnect_handler  |: Disconnected from 1EFFEDB9-73BA-9396-D724-47E443C12C76
2025-03-24 21:37:03,638 | MainThread   | [INFO    ] | _connect            |: Looking for Artemis Nano Peripheral Device: C0:81:8D:26:04:64
2025-03-24 21:37:19,512 | MainThread   | [INFO    ] | _connect            |: Looking for Artemis Nano Peripheral Device: C0:81:8D:26:04:64
2025-03-24 21:37:22,633 | MainThread   | [INFO    ] | _connect            |: Connected to C0:81:8D:26:04:64
2025-03-24 21:39:58,177 | MainThread   | [INFO    ] | disconnect_handler  |: Disconnected from 1EFFEDB9-73BA-9396-D724-47E443C12C76
2025-03-24 21:40:05,103 | MainThread   | [INFO    ] | _connect            |: Looking for Artemis Nano Peripheral Device: C0:81:8D:26:04:64
2025-03-24 21:40:19,469 | MainThread   | [INFO    ] | _connect            |: Looking for Artemis Nano Peripheral Device: C0:81:8D:26:04:64
2025-03-24 21:40:22,426 | MainThread   | [INFO    ] | _connect            |: Connected to C0:81:8D:26:04:64
2025-03-24 21:42:09,552 | MainThread   | [INFO    ] | disconnect_handler  |: Disconnected from 1EFFEDB9-73BA-9396-D724-47E443C12C76
2025-03-24 21:42:25,169 | MainThread   | [INFO    ] | _connect            |: Looking for Artemis Nano Peripheral Device: C0:81:8D:26:04:64
2025-03-24 21:42:28,601 | MainThread   | [INFO    ] | _connect            |: Connected to C0:81:8D:26:04:64
2025-03-24 21:47:15,425 | MainThread   | [INFO    ] | disconnect_handler  |: Disconnected from 1EFFEDB9-73BA-9396-D724-47E443C12C76
2025-03-24 21:48:53,324 | MainThread   | [INFO    ] | _connect            |: Looking for Artemis Nano Peripheral Device: C0:81:8D:26:04:64
2025-03-24 21:49:02,288 | MainThread   | [INFO    ] | _connect            |: Connected to C0:81:8D:26:04:64
2025-03-24 21:49:43,689 | MainThread   | [INFO    ] | disconnect_handler  |: Disconnected from 1EFFEDB9-73BA-9396-D724-47E443C12C76
2025-03-24 21:49:56,537 | MainThread   | [INFO    ] | _connect            |: Looking for Artemis Nano Peripheral Device: C0:81:8D:26:04:64
2025-03-24 21:49:59,677 | MainThread   | [INFO    ] | _connect            |: Connected to C0:81:8D:26:04:64
2025-03-24 21:51:52,775 | MainThread   | [INFO    ] | disconnect_handler  |: Disconnected from 1EFFEDB9-73BA-9396-D724-47E443C12C76
2025-03-24 21:52:00,741 | MainThread   | [INFO    ] | _connect            |: Looking for Artemis Nano Peripheral Device: C0:81:8D:26:04:64
2025-03-24 21:52:10,777 | MainThread   | [INFO    ] | _connect            |: Connected to C0:81:8D:26:04:64
2025-03-24 22:08:38,040 | MainThread   | [INFO    ] | disconnect_handler  |: Disconnected from 1EFFEDB9-73BA-9396-D724-47E443C12C76
2025-03-24 22:08:49,956 | MainThread   | [INFO    ] | _connect            |: Looking for Artemis Nano Peripheral Device: C0:81:8D:26:04:64
2025-03-24 22:08:55,889 | MainThread   | [INFO    ] | _connect            |: Connected to C0:81:8D:26:04:64
2025-03-24 22:13:03,593 | MainThread   | [INFO    ] | disconnect_handler  |: Disconnected from 1EFFEDB9-73BA-9396-D724-47E443C12C76
2025-03-24 22:15:49,860 | MainThread   | [INFO    ] | _connect            |: Looking for Artemis Nano Peripheral Device: C0:81:8D:26:04:64
2025-03-24 22:15:52,881 | MainThread   | [INFO    ] | _connect            |: Connected to C0:81:8D:26:04:64
2025-03-24 22:23:02,569 | MainThread   | [INFO    ] | disconnect_handler  |: Disconnected from 1EFFEDB9-73BA-9396-D724-47E443C12C76
2025-03-24 22:23:56,372 | MainThread   | [INFO    ] | _connect            |: Looking for Artemis Nano Peripheral Device: C0:81:8D:26:04:64
2025-03-24 22:24:01,910 | MainThread   | [INFO    ] | _connect            |: Connected to C0:81:8D:26:04:64
2025-03-24 22:24:08,121 | MainThread   | [INFO    ] | disconnect_handler  |: Disconnected from 1EFFEDB9-73BA-9396-D724-47E443C12C76
2025-03-24 22:25:01,505 | MainThread   | [INFO    ] | _connect            |: Looking for Artemis Nano Peripheral Device: C0:81:8D:26:04:64
2025-03-24 22:25:04,550 | MainThread   | [INFO    ] | _connect            |: Connected to C0:81:8D:26:04:64
2025-03-24 22:27:44,802 | MainThread   | [INFO    ] | disconnect_handler  |: Disconnected from 1EFFEDB9-73BA-9396-D724-47E443C12C76
2025-03-25 15:59:14,165 | MainThread   | [DEBUG   ] | __init__            |: Python Info: sys.version_info(major=3, minor=13, micro=1, releaselevel='final', serial=0)
2025-03-25 15:59:14,165 | MainThread   | [DEBUG   ] | __init__            |: System Info: macOS-14.1-arm64-arm-64bit-Mach-O
2025-03-25 15:59:14,166 | MainThread   | [INFO    ] | _connect            |: Looking for Artemis Nano Peripheral Device: C0:81:8D:26:04:64
2025-03-25 15:59:17,154 | MainThread   | [INFO    ] | _connect            |: Connected to C0:81:8D:26:04:64
2025-03-25 16:01:21,290 | MainThread   | [INFO    ] | disconnect_handler  |: Disconnected from 1EFFEDB9-73BA-9396-D724-47E443C12C76
2025-03-25 16:06:42,018 | MainThread   | [INFO    ] | _connect            |: Looking for Artemis Nano Peripheral Device: C0:81:8D:26:04:64
2025-03-25 16:06:45,111 | MainThread   | [INFO    ] | _connect            |: Connected to C0:81:8D:26:04:64
2025-03-25 16:07:30,776 | MainThread   | [INFO    ] | disconnect_handler  |: Disconnected from 1EFFEDB9-73BA-9396-D724-47E443C12C76
2025-03-25 16:08:59,249 | MainThread   | [INFO    ] | _connect            |: Looking for Artemis Nano Peripheral Device: C0:81:8D:26:04:64
2025-03-25 16:09:03,383 | MainThread   | [INFO    ] | _connect            |: Connected to C0:81:8D:26:04:64
2025-04-06 20:38:30,355 | MainThread   | [DEBUG   ] | __init__            |: Python Info: sys.version_info(major=3, minor=13, micro=1, releaselevel='final', serial=0)
2025-04-06 20:38:30,356 | MainThread   | [DEBUG   ] | __init__            |: System Info: macOS-14.1-arm64-arm-64bit-Mach-O
2025-04-06 20:38:30,356 | MainThread   | [INFO    ] | _connect            |: Looking for Artemis Nano Peripheral Device: C0:81:8D:26:04:64
2025-04-06 20:38:34,512 | MainThread   | [INFO    ] | _connect            |: Connected to C0:81:8D:26:04:64
2025-04-06 20:38:57,552 | MainThread   | [INFO    ] | disconnect_handler  |: Disconnected from 1EFFEDB9-73BA-9396-D724-47E443C12C76
2025-04-06 20:39:07,466 | MainThread   | [INFO    ] | _connect            |: Looking for Artemis Nano Peripheral Device: C0:81:8D:26:04:64
2025-04-06 20:39:10,629 | MainThread   | [INFO    ] | _connect            |: Connected to C0:81:8D:26:04:64
2025-04-06 20:39:29,017 | MainThread   | [INFO    ] | disconnect_handler  |: Disconnected from 1EFFEDB9-73BA-9396-D724-47E443C12C76
2025-04-06 20:39:38,944 | MainThread   | [INFO    ] | _connect            |: Looking for Artemis Nano Peripheral Device: C0:81:8D:26:04:64
2025-04-06 20:39:42,278 | MainThread   | [INFO    ] | _connect            |: Connected to C0:81:8D:26:04:64
2025-04-06 20:42:49,360 | MainThread   | [INFO    ] | disconnect_handler  |: Disconnected from 1EFFEDB9-73BA-9396-D724-47E443C12C76
2025-04-06 20:46:10,138 | MainThread   | [INFO    ] | _connect            |: Looking for Artemis Nano Peripheral Device: C0:81:8D:26:04:64
2025-04-06 20:46:27,935 | MainThread   | [ERROR   ] | _connect            |: disconnected
2025-04-06 20:46:28,942 | MainThread   | [WARNING ] | connect             |: Attempting to connect again...
2025-04-06 20:46:28,943 | MainThread   | [INFO    ] | _connect            |: Looking for Artemis Nano Peripheral Device: C0:81:8D:26:04:64
2025-04-06 20:46:46,998 | MainThread   | [INFO    ] | _connect            |: Already connected to a BLE device
2025-04-06 20:46:55,456 | MainThread   | [INFO    ] | _connect            |: Already connected to a BLE device
2025-04-06 20:47:12,392 | MainThread   | [INFO    ] | exit_handler        |: Exiting...
2025-04-06 20:47:12,395 | MainThread   | [WARNING ] | exit_handler        |: Could not disconnect before exiting
2025-04-06 20:47:12,396 | MainThread   | [WARNING ] | exit_handler        |: Not connected to a BLE device
2025-04-06 20:47:15,799 | MainThread   | [DEBUG   ] | __init__            |: Python Info: sys.version_info(major=3, minor=13, micro=1, releaselevel='final', serial=0)
2025-04-06 20:47:15,799 | MainThread   | [DEBUG   ] | __init__            |: System Info: macOS-14.1-arm64-arm-64bit-Mach-O
2025-04-06 20:47:15,799 | MainThread   | [INFO    ] | _connect            |: Looking for Artemis Nano Peripheral Device: C0:81:8D:26:04:64
2025-04-06 20:47:48,858 | MainThread   | [INFO    ] | _connect            |: Looking for Artemis Nano Peripheral Device: C0:81:8D:26:04:64
2025-04-06 20:48:21,338 | MainThread   | [ERROR   ] | _connect            |: disconnected
2025-04-06 20:48:22,344 | MainThread   | [WARNING ] | connect             |: Attempting to connect again...
2025-04-06 20:48:22,345 | MainThread   | [INFO    ] | _connect            |: Looking for Artemis Nano Peripheral Device: C0:81:8D:26:04:64
2025-04-06 20:50:14,426 | MainThread   | [INFO    ] | _connect            |: Looking for Artemis Nano Peripheral Device: C0:81:8D:26:04:64
2025-04-06 20:50:17,371 | MainThread   | [INFO    ] | _connect            |: Connected to C0:81:8D:26:04:64
2025-04-06 20:50:46,827 | MainThread   | [INFO    ] | disconnect_handler  |: Disconnected from 1EFFEDB9-73BA-9396-D724-47E443C12C76
2025-04-06 20:50:56,103 | MainThread   | [INFO    ] | _connect            |: Looking for Artemis Nano Peripheral Device: C0:81:8D:26:04:64
2025-04-06 20:51:02,791 | MainThread   | [INFO    ] | _connect            |: Connected to C0:81:8D:26:04:64
2025-04-06 20:55:57,182 | MainThread   | [INFO    ] | disconnect_handler  |: Disconnected from 1EFFEDB9-73BA-9396-D724-47E443C12C76
2025-04-06 20:57:51,382 | MainThread   | [INFO    ] | _connect            |: Looking for Artemis Nano Peripheral Device: C0:81:8D:26:04:64
2025-04-06 20:57:59,152 | MainThread   | [INFO    ] | _connect            |: Connected to C0:81:8D:26:04:64
2025-04-06 20:58:50,292 | MainThread   | [INFO    ] | disconnect_handler  |: Disconnected from 1EFFEDB9-73BA-9396-D724-47E443C12C76
2025-04-06 21:00:39,718 | MainThread   | [INFO    ] | _connect            |: Looking for Artemis Nano Peripheral Device: C0:81:8D:26:04:64
2025-04-06 21:00:42,709 | MainThread   | [INFO    ] | _connect            |: Connected to C0:81:8D:26:04:64
2025-04-06 21:03:53,948 | MainThread   | [INFO    ] | disconnect_handler  |: Disconnected from 1EFFEDB9-73BA-9396-D724-47E443C12C76
2025-04-06 21:04:15,710 | MainThread   | [INFO    ] | _connect            |: Looking for Artemis Nano Peripheral Device: C0:81:8D:26:04:64
2025-04-06 21:04:18,705 | MainThread   | [INFO    ] | _connect            |: Connected to C0:81:8D:26:04:64
2025-04-06 21:06:58,145 | MainThread   | [INFO    ] | disconnect_handler  |: Disconnected from 1EFFEDB9-73BA-9396-D724-47E443C12C76
2025-04-06 21:07:18,277 | MainThread   | [INFO    ] | _connect            |: Looking for Artemis Nano Peripheral Device: C0:81:8D:26:04:64
2025-04-06 21:07:22,032 | MainThread   | [INFO    ] | _connect            |: Connected to C0:81:8D:26:04:64
2025-04-06 21:07:41,806 | MainThread   | [INFO    ] | disconnect_handler  |: Disconnected from 1EFFEDB9-73BA-9396-D724-47E443C12C76
2025-04-06 21:07:53,134 | MainThread   | [INFO    ] | _connect            |: Looking for Artemis Nano Peripheral Device: C0:81:8D:26:04:64
2025-04-06 21:07:56,141 | MainThread   | [INFO    ] | _connect            |: Connected to C0:81:8D:26:04:64
2025-04-06 21:08:18,673 | MainThread   | [INFO    ] | disconnect_handler  |: Disconnected from 1EFFEDB9-73BA-9396-D724-47E443C12C76
2025-04-06 21:08:26,972 | MainThread   | [INFO    ] | _connect            |: Looking for Artemis Nano Peripheral Device: C0:81:8D:26:04:64
2025-04-06 21:08:32,411 | MainThread   | [INFO    ] | _connect            |: Connected to C0:81:8D:26:04:64
2025-04-06 21:11:08,625 | MainThread   | [INFO    ] | disconnect_handler  |: Disconnected from 1EFFEDB9-73BA-9396-D724-47E443C12C76
2025-04-06 21:11:20,567 | MainThread   | [INFO    ] | _connect            |: Looking for Artemis Nano Peripheral Device: C0:81:8D:26:04:64
2025-04-06 21:11:26,618 | MainThread   | [INFO    ] | _connect            |: Connected to C0:81:8D:26:04:64
2025-04-06 21:13:33,639 | MainThread   | [INFO    ] | disconnect_handler  |: Disconnected from 1EFFEDB9-73BA-9396-D724-47E443C12C76
2025-04-06 21:13:49,719 | MainThread   | [INFO    ] | _connect            |: Looking for Artemis Nano Peripheral Device: C0:81:8D:26:04:64
2025-04-06 21:13:52,846 | MainThread   | [INFO    ] | _connect            |: Connected to C0:81:8D:26:04:64
2025-04-06 21:15:24,457 | MainThread   | [INFO    ] | disconnect_handler  |: Disconnected from 1EFFEDB9-73BA-9396-D724-47E443C12C76
2025-04-06 21:15:53,925 | MainThread   | [INFO    ] | _connect            |: Looking for Artemis Nano Peripheral Device: C0:81:8D:26:04:64
2025-04-06 21:15:56,950 | MainThread   | [INFO    ] | _connect            |: Connected to C0:81:8D:26:04:64
2025-04-06 21:16:27,493 | MainThread   | [INFO    ] | disconnect_handler  |: Disconnected from 1EFFEDB9-73BA-9396-D724-47E443C12C76
2025-04-06 21:20:34,991 | MainThread   | [INFO    ] | _connect            |: Looking for Artemis Nano Peripheral Device: C0:81:8D:26:04:64
2025-04-06 21:20:37,931 | MainThread   | [INFO    ] | _connect            |: Connected to C0:81:8D:26:04:64
2025-04-06 21:23:04,575 | MainThread   | [INFO    ] | disconnect_handler  |: Disconnected from 1EFFEDB9-73BA-9396-D724-47E443C12C76
2025-04-06 21:23:25,085 | MainThread   | [INFO    ] | _connect            |: Looking for Artemis Nano Peripheral Device: C0:81:8D:26:04:64
2025-04-06 21:23:28,061 | MainThread   | [INFO    ] | _connect            |: Connected to C0:81:8D:26:04:64
2025-04-06 21:24:00,992 | MainThread   | [INFO    ] | disconnect_handler  |: Disconnected from 1EFFEDB9-73BA-9396-D724-47E443C12C76
2025-04-06 21:25:39,251 | MainThread   | [INFO    ] | _connect            |: Looking for Artemis Nano Peripheral Device: C0:81:8D:26:04:64
2025-04-06 21:25:42,132 | MainThread   | [INFO    ] | _connect            |: Connected to C0:81:8D:26:04:64
2025-04-06 21:26:12,006 | MainThread   | [INFO    ] | disconnect_handler  |: Disconnected from 1EFFEDB9-73BA-9396-D724-47E443C12C76
2025-04-06 21:29:00,936 | MainThread   | [INFO    ] | _connect            |: Looking for Artemis Nano Peripheral Device: C0:81:8D:26:04:64
2025-04-06 21:29:04,782 | MainThread   | [INFO    ] | _connect            |: Connected to C0:81:8D:26:04:64
2025-04-06 21:29:34,309 | MainThread   | [INFO    ] | disconnect_handler  |: Disconnected from 1EFFEDB9-73BA-9396-D724-47E443C12C76
2025-04-06 21:29:44,773 | MainThread   | [INFO    ] | _connect            |: Looking for Artemis Nano Peripheral Device: C0:81:8D:26:04:64
2025-04-06 21:29:49,152 | MainThread   | [INFO    ] | _connect            |: Connected to C0:81:8D:26:04:64
2025-04-06 21:30:10,683 | MainThread   | [INFO    ] | disconnect_handler  |: Disconnected from 1EFFEDB9-73BA-9396-D724-47E443C12C76
2025-04-06 21:33:23,632 | MainThread   | [INFO    ] | _connect            |: Looking for Artemis Nano Peripheral Device: C0:81:8D:26:04:64
2025-04-06 21:33:26,653 | MainThread   | [INFO    ] | _connect            |: Connected to C0:81:8D:26:04:64
2025-04-06 21:33:42,586 | MainThread   | [INFO    ] | disconnect_handler  |: Disconnected from 1EFFEDB9-73BA-9396-D724-47E443C12C76
2025-04-06 21:33:59,771 | MainThread   | [INFO    ] | _connect            |: Looking for Artemis Nano Peripheral Device: C0:81:8D:26:04:64
2025-04-06 21:34:03,164 | MainThread   | [INFO    ] | _connect            |: Connected to C0:81:8D:26:04:64
2025-04-06 21:34:24,516 | MainThread   | [INFO    ] | disconnect_handler  |: Disconnected from 1EFFEDB9-73BA-9396-D724-47E443C12C76
2025-04-06 21:36:04,775 | MainThread   | [INFO    ] | _connect            |: Looking for Artemis Nano Peripheral Device: C0:81:8D:26:04:64
2025-04-06 21:36:08,084 | MainThread   | [INFO    ] | _connect            |: Connected to C0:81:8D:26:04:64
2025-04-06 21:40:20,860 | MainThread   | [INFO    ] | disconnect_handler  |: Disconnected from 1EFFEDB9-73BA-9396-D724-47E443C12C76
2025-04-06 21:41:53,633 | MainThread   | [INFO    ] | _connect            |: Looking for Artemis Nano Peripheral Device: C0:81:8D:26:04:64
2025-04-06 21:41:57,105 | MainThread   | [INFO    ] | _connect            |: Connected to C0:81:8D:26:04:64
2025-04-06 21:47:24,499 | MainThread   | [INFO    ] | disconnect_handler  |: Disconnected from 1EFFEDB9-73BA-9396-D724-47E443C12C76
2025-04-06 21:47:57,858 | MainThread   | [INFO    ] | _connect            |: Looking for Artemis Nano Peripheral Device: C0:81:8D:26:04:64
2025-04-06 21:48:01,280 | MainThread   | [INFO    ] | _connect            |: Connected to C0:81:8D:26:04:64
2025-04-06 21:48:45,447 | MainThread   | [INFO    ] | disconnect_handler  |: Disconnected from 1EFFEDB9-73BA-9396-D724-47E443C12C76
2025-04-06 21:48:58,965 | MainThread   | [INFO    ] | _connect            |: Looking for Artemis Nano Peripheral Device: C0:81:8D:26:04:64
2025-04-06 21:49:01,939 | MainThread   | [INFO    ] | _connect            |: Connected to C0:81:8D:26:04:64
2025-04-06 21:51:42,952 | MainThread   | [INFO    ] | disconnect_handler  |: Disconnected from 1EFFEDB9-73BA-9396-D724-47E443C12C76
2025-04-06 21:52:22,358 | MainThread   | [INFO    ] | _connect            |: Looking for Artemis Nano Peripheral Device: C0:81:8D:26:04:64
2025-04-06 21:52:27,713 | MainThread   | [INFO    ] | _connect            |: Connected to C0:81:8D:26:04:64
2025-04-06 21:52:36,916 | MainThread   | [INFO    ] | disconnect_handler  |: Disconnected from 1EFFEDB9-73BA-9396-D724-47E443C12C76
2025-04-06 21:54:36,446 | MainThread   | [INFO    ] | _connect            |: Looking for Artemis Nano Peripheral Device: C0:81:8D:26:04:64
2025-04-06 21:54:39,442 | MainThread   | [INFO    ] | _connect            |: Connected to C0:81:8D:26:04:64
2025-04-06 21:54:48,474 | MainThread   | [INFO    ] | disconnect_handler  |: Disconnected from 1EFFEDB9-73BA-9396-D724-47E443C12C76
2025-04-06 21:56:31,605 | MainThread   | [INFO    ] | _connect            |: Looking for Artemis Nano Peripheral Device: C0:81:8D:26:04:64
2025-04-06 21:56:34,553 | MainThread   | [INFO    ] | _connect            |: Connected to C0:81:8D:26:04:64
2025-04-06 22:00:50,363 | MainThread   | [INFO    ] | disconnect_handler  |: Disconnected from 1EFFEDB9-73BA-9396-D724-47E443C12C76
2025-04-06 22:03:37,223 | MainThread   | [INFO    ] | _connect            |: Looking for Artemis Nano Peripheral Device: C0:81:8D:26:04:64
2025-04-06 22:03:41,125 | MainThread   | [INFO    ] | _connect            |: Connected to C0:81:8D:26:04:64
2025-04-06 22:04:29,478 | MainThread   | [INFO    ] | disconnect_handler  |: Disconnected from 1EFFEDB9-73BA-9396-D724-47E443C12C76
2025-04-06 22:05:49,865 | MainThread   | [INFO    ] | _connect            |: Looking for Artemis Nano Peripheral Device: C0:81:8D:26:04:64
2025-04-06 22:05:53,847 | MainThread   | [INFO    ] | _connect            |: Connected to C0:81:8D:26:04:64
2025-04-06 22:06:24,693 | MainThread   | [INFO    ] | disconnect_handler  |: Disconnected from 1EFFEDB9-73BA-9396-D724-47E443C12C76
2025-04-06 22:06:37,522 | MainThread   | [INFO    ] | _connect            |: Looking for Artemis Nano Peripheral Device: C0:81:8D:26:04:64
2025-04-06 22:06:40,557 | MainThread   | [INFO    ] | _connect            |: Connected to C0:81:8D:26:04:64
2025-04-06 22:07:50,259 | MainThread   | [INFO    ] | disconnect_handler  |: Disconnected from 1EFFEDB9-73BA-9396-D724-47E443C12C76
2025-04-06 22:09:38,509 | MainThread   | [INFO    ] | _connect            |: Looking for Artemis Nano Peripheral Device: C0:81:8D:26:04:64
2025-04-06 22:09:42,778 | MainThread   | [INFO    ] | _connect            |: Connected to C0:81:8D:26:04:64
2025-04-06 22:09:59,193 | MainThread   | [INFO    ] | disconnect_handler  |: Disconnected from 1EFFEDB9-73BA-9396-D724-47E443C12C76
2025-04-06 22:10:29,018 | MainThread   | [INFO    ] | _connect            |: Looking for Artemis Nano Peripheral Device: C0:81:8D:26:04:64
2025-04-06 22:11:01,446 | MainThread   | [ERROR   ] | _connect            |: disconnected
2025-04-06 22:11:02,451 | MainThread   | [WARNING ] | connect             |: Attempting to connect again...
2025-04-06 22:11:02,452 | MainThread   | [INFO    ] | _connect            |: Looking for Artemis Nano Peripheral Device: C0:81:8D:26:04:64
2025-04-06 22:11:17,266 | MainThread   | [INFO    ] | _connect            |: Looking for Artemis Nano Peripheral Device: C0:81:8D:26:04:64
2025-04-06 22:11:49,623 | MainThread   | [ERROR   ] | _connect            |: disconnected
2025-04-06 22:11:50,627 | MainThread   | [WARNING ] | connect             |: Attempting to connect again...
2025-04-06 22:11:50,629 | MainThread   | [INFO    ] | _connect            |: Looking for Artemis Nano Peripheral Device: C0:81:8D:26:04:64
2025-04-06 22:12:27,156 | MainThread   | [ERROR   ] | _connect            |: disconnected
2025-04-06 22:12:28,162 | MainThread   | [WARNING ] | connect             |: Attempting to connect again...
2025-04-06 22:12:28,163 | MainThread   | [INFO    ] | _connect            |: Looking for Artemis Nano Peripheral Device: C0:81:8D:26:04:64
2025-04-06 22:15:24,325 | MainThread   | [INFO    ] | _connect            |: Looking for Artemis Nano Peripheral Device: C0:81:8D:26:04:64
2025-04-06 22:15:27,902 | MainThread   | [INFO    ] | _connect            |: Connected to C0:81:8D:26:04:64
2025-04-06 22:19:55,877 | MainThread   | [INFO    ] | disconnect_handler  |: Disconnected from 1EFFEDB9-73BA-9396-D724-47E443C12C76
2025-04-06 22:22:03,526 | MainThread   | [INFO    ] | _connect            |: Looking for Artemis Nano Peripheral Device: C0:81:8D:26:04:64
2025-04-06 22:22:07,488 | MainThread   | [INFO    ] | _connect            |: Connected to C0:81:8D:26:04:64
2025-04-06 22:27:13,627 | MainThread   | [INFO    ] | disconnect_handler  |: Disconnected from 1EFFEDB9-73BA-9396-D724-47E443C12C76
2025-04-06 22:28:00,600 | MainThread   | [INFO    ] | _connect            |: Looking for Artemis Nano Peripheral Device: C0:81:8D:26:04:64
2025-04-06 22:28:04,871 | MainThread   | [INFO    ] | _connect            |: Connected to C0:81:8D:26:04:64
2025-04-06 22:31:27,635 | MainThread   | [INFO    ] | disconnect_handler  |: Disconnected from 1EFFEDB9-73BA-9396-D724-47E443C12C76
2025-04-06 22:32:39,864 | MainThread   | [INFO    ] | _connect            |: Looking for Artemis Nano Peripheral Device: C0:81:8D:26:04:64
2025-04-06 22:32:43,086 | MainThread   | [INFO    ] | _connect            |: Connected to C0:81:8D:26:04:64
2025-04-06 22:33:46,532 | MainThread   | [INFO    ] | disconnect_handler  |: Disconnected from 1EFFEDB9-73BA-9396-D724-47E443C12C76
2025-04-06 22:34:00,066 | MainThread   | [INFO    ] | _connect            |: Looking for Artemis Nano Peripheral Device: C0:81:8D:26:04:64
2025-04-06 22:34:06,454 | MainThread   | [INFO    ] | _connect            |: Connected to C0:81:8D:26:04:64
2025-04-06 22:36:30,476 | MainThread   | [INFO    ] | disconnect_handler  |: Disconnected from 1EFFEDB9-73BA-9396-D724-47E443C12C76
2025-04-06 22:37:25,206 | MainThread   | [INFO    ] | _connect            |: Looking for Artemis Nano Peripheral Device: C0:81:8D:26:04:64
2025-04-06 22:37:28,200 | MainThread   | [INFO    ] | _connect            |: Connected to C0:81:8D:26:04:64
2025-04-06 22:37:43,132 | MainThread   | [INFO    ] | disconnect_handler  |: Disconnected from 1EFFEDB9-73BA-9396-D724-47E443C12C76
2025-04-06 22:38:19,371 | MainThread   | [INFO    ] | _connect            |: Looking for Artemis Nano Peripheral Device: C0:81:8D:26:04:64
2025-04-06 22:38:22,565 | MainThread   | [INFO    ] | _connect            |: Connected to C0:81:8D:26:04:64
2025-04-06 22:38:42,440 | MainThread   | [INFO    ] | disconnect_handler  |: Disconnected from 1EFFEDB9-73BA-9396-D724-47E443C12C76
2025-04-06 22:42:38,006 | MainThread   | [INFO    ] | _connect            |: Looking for Artemis Nano Peripheral Device: C0:81:8D:26:04:64
2025-04-06 22:42:46,647 | MainThread   | [INFO    ] | _connect            |: Connected to C0:81:8D:26:04:64
2025-04-06 22:42:48,561 | MainThread   | [INFO    ] | disconnect_handler  |: Disconnected from 1EFFEDB9-73BA-9396-D724-47E443C12C76
2025-04-06 22:42:54,527 | MainThread   | [INFO    ] | _connect            |: Looking for Artemis Nano Peripheral Device: C0:81:8D:26:04:64
2025-04-06 22:42:58,585 | MainThread   | [INFO    ] | _connect            |: Connected to C0:81:8D:26:04:64
2025-04-06 22:43:05,639 | MainThread   | [INFO    ] | disconnect_handler  |: Disconnected from 1EFFEDB9-73BA-9396-D724-47E443C12C76
2025-04-06 22:44:00,864 | MainThread   | [INFO    ] | _connect            |: Looking for Artemis Nano Peripheral Device: C0:81:8D:26:04:64
2025-04-06 22:44:07,044 | MainThread   | [INFO    ] | _connect            |: Connected to C0:81:8D:26:04:64
2025-04-06 22:50:14,607 | MainThread   | [INFO    ] | disconnect_handler  |: Disconnected from 1EFFEDB9-73BA-9396-D724-47E443C12C76
2025-04-06 22:51:04,316 | MainThread   | [INFO    ] | _connect            |: Looking for Artemis Nano Peripheral Device: C0:81:8D:26:04:64
2025-04-06 22:51:07,275 | MainThread   | [INFO    ] | _connect            |: Connected to C0:81:8D:26:04:64
2025-04-06 22:53:34,747 | MainThread   | [INFO    ] | disconnect_handler  |: Disconnected from 1EFFEDB9-73BA-9396-D724-47E443C12C76
2025-04-06 22:54:03,735 | MainThread   | [INFO    ] | _connect            |: Looking for Artemis Nano Peripheral Device: C0:81:8D:26:04:64
2025-04-06 22:54:15,815 | MainThread   | [ERROR   ] | _connect            |: 
2025-04-06 22:54:16,823 | MainThread   | [WARNING ] | connect             |: Attempting to connect again...
2025-04-06 22:54:16,824 | MainThread   | [INFO    ] | _connect            |: Looking for Artemis Nano Peripheral Device: C0:81:8D:26:04:64
2025-04-06 22:54:19,992 | MainThread   | [INFO    ] | _connect            |: Connected to C0:81:8D:26:04:64
2025-04-06 22:58:48,582 | MainThread   | [INFO    ] | disconnect_handler  |: Disconnected from 1EFFEDB9-73BA-9396-D724-47E443C12C76
2025-04-06 22:58:54,798 | MainThread   | [INFO    ] | _connect            |: Looking for Artemis Nano Peripheral Device: C0:81:8D:26:04:64
2025-04-06 22:58:58,327 | MainThread   | [INFO    ] | _connect            |: Connected to C0:81:8D:26:04:64
2025-04-06 22:59:04,834 | MainThread   | [INFO    ] | disconnect_handler  |: Disconnected from 1EFFEDB9-73BA-9396-D724-47E443C12C76
2025-04-06 22:59:36,624 | MainThread   | [INFO    ] | _connect            |: Looking for Artemis Nano Peripheral Device: C0:81:8D:26:04:64
2025-04-06 22:59:39,546 | MainThread   | [INFO    ] | _connect            |: Connected to C0:81:8D:26:04:64
2025-04-06 23:00:35,646 | MainThread   | [INFO    ] | disconnect_handler  |: Disconnected from 1EFFEDB9-73BA-9396-D724-47E443C12C76
2025-04-06 23:00:43,068 | MainThread   | [INFO    ] | _connect            |: Looking for Artemis Nano Peripheral Device: C0:81:8D:26:04:64
2025-04-06 23:00:45,965 | MainThread   | [INFO    ] | _connect            |: Connected to C0:81:8D:26:04:64
2025-04-06 23:03:53,455 | MainThread   | [INFO    ] | disconnect_handler  |: Disconnected from 1EFFEDB9-73BA-9396-D724-47E443C12C76
2025-04-06 23:04:01,904 | MainThread   | [INFO    ] | _connect            |: Looking for Artemis Nano Peripheral Device: C0:81:8D:26:04:64
2025-04-06 23:04:05,162 | MainThread   | [INFO    ] | _connect            |: Connected to C0:81:8D:26:04:64
2025-04-06 23:06:03,834 | MainThread   | [INFO    ] | disconnect_handler  |: Disconnected from 1EFFEDB9-73BA-9396-D724-47E443C12C76
2025-04-07 16:28:25,842 | MainThread   | [INFO    ] | _connect            |: Looking for Artemis Nano Peripheral Device: C0:81:8D:26:04:64
2025-04-07 16:28:28,945 | MainThread   | [INFO    ] | _connect            |: Connected to C0:81:8D:26:04:64
2025-04-07 16:29:36,988 | MainThread   | [INFO    ] | disconnect_handler  |: Disconnected from 1EFFEDB9-73BA-9396-D724-47E443C12C76
2025-04-07 16:30:24,055 | MainThread   | [INFO    ] | _connect            |: Looking for Artemis Nano Peripheral Device: C0:81:8D:26:04:64
2025-04-07 16:30:27,299 | MainThread   | [INFO    ] | _connect            |: Connected to C0:81:8D:26:04:64
2025-04-07 16:37:00,850 | MainThread   | [INFO    ] | _connect            |: Already connected to a BLE device
2025-04-07 16:37:17,197 | MainThread   | [INFO    ] | disconnect_handler  |: Disconnected from 1EFFEDB9-73BA-9396-D724-47E443C12C76
2025-04-07 16:37:36,797 | MainThread   | [INFO    ] | _connect            |: Looking for Artemis Nano Peripheral Device: C0:81:8D:26:04:64
2025-04-07 16:37:39,720 | MainThread   | [INFO    ] | _connect            |: Connected to C0:81:8D:26:04:64
2025-04-07 16:37:43,825 | MainThread   | [INFO    ] | disconnect_handler  |: Disconnected from 1EFFEDB9-73BA-9396-D724-47E443C12C76
2025-04-07 16:38:24,472 | MainThread   | [INFO    ] | _connect            |: Looking for Artemis Nano Peripheral Device: C0:81:8D:26:04:64
2025-04-07 16:38:30,931 | MainThread   | [INFO    ] | _connect            |: Connected to C0:81:8D:26:04:64
2025-04-07 16:39:39,541 | MainThread   | [INFO    ] | disconnect_handler  |: Disconnected from 1EFFEDB9-73BA-9396-D724-47E443C12C76
2025-04-07 16:39:40,977 | MainThread   | [INFO    ] | _connect            |: Looking for Artemis Nano Peripheral Device: C0:81:8D:26:04:64
2025-04-07 16:39:49,231 | MainThread   | [INFO    ] | _connect            |: Connected to C0:81:8D:26:04:64
2025-04-07 16:41:15,004 | MainThread   | [INFO    ] | disconnect_handler  |: Disconnected from 1EFFEDB9-73BA-9396-D724-47E443C12C76
2025-04-07 16:41:16,391 | MainThread   | [INFO    ] | _connect            |: Looking for Artemis Nano Peripheral Device: C0:81:8D:26:04:64
2025-04-07 16:41:24,368 | MainThread   | [INFO    ] | _connect            |: Connected to C0:81:8D:26:04:64
2025-04-07 16:45:46,927 | MainThread   | [INFO    ] | disconnect_handler  |: Disconnected from 1EFFEDB9-73BA-9396-D724-47E443C12C76
2025-04-07 16:46:30,860 | MainThread   | [INFO    ] | _connect            |: Looking for Artemis Nano Peripheral Device: C0:81:8D:26:04:64
2025-04-07 16:46:34,053 | MainThread   | [INFO    ] | _connect            |: Connected to C0:81:8D:26:04:64
2025-04-07 16:47:48,897 | MainThread   | [INFO    ] | disconnect_handler  |: Disconnected from 1EFFEDB9-73BA-9396-D724-47E443C12C76
2025-04-07 16:48:20,333 | MainThread   | [INFO    ] | _connect            |: Looking for Artemis Nano Peripheral Device: C0:81:8D:26:04:64
2025-04-07 16:48:23,283 | MainThread   | [INFO    ] | _connect            |: Connected to C0:81:8D:26:04:64
2025-04-07 16:48:56,861 | MainThread   | [INFO    ] | _connect            |: Already connected to a BLE device
2025-04-07 16:49:03,423 | MainThread   | [INFO    ] | disconnect_handler  |: Disconnected from 1EFFEDB9-73BA-9396-D724-47E443C12C76
2025-04-07 16:49:07,536 | MainThread   | [INFO    ] | _connect            |: Looking for Artemis Nano Peripheral Device: C0:81:8D:26:04:64
2025-04-07 16:49:12,993 | MainThread   | [INFO    ] | _connect            |: Connected to C0:81:8D:26:04:64
2025-04-07 16:52:51,302 | MainThread   | [INFO    ] | disconnect_handler  |: Disconnected from 1EFFEDB9-73BA-9396-D724-47E443C12C76
2025-04-07 16:53:22,525 | MainThread   | [INFO    ] | _connect            |: Looking for Artemis Nano Peripheral Device: C0:81:8D:26:04:64
2025-04-07 16:53:25,997 | MainThread   | [INFO    ] | _connect            |: Connected to C0:81:8D:26:04:64
2025-04-07 16:53:34,425 | MainThread   | [INFO    ] | disconnect_handler  |: Disconnected from 1EFFEDB9-73BA-9396-D724-47E443C12C76
2025-04-07 16:54:27,758 | MainThread   | [INFO    ] | _connect            |: Looking for Artemis Nano Peripheral Device: C0:81:8D:26:04:64
2025-04-07 16:54:30,695 | MainThread   | [INFO    ] | _connect            |: Connected to C0:81:8D:26:04:64
2025-04-07 16:55:11,368 | MainThread   | [INFO    ] | disconnect_handler  |: Disconnected from 1EFFEDB9-73BA-9396-D724-47E443C12C76
2025-04-07 16:55:13,224 | MainThread   | [INFO    ] | _connect            |: Looking for Artemis Nano Peripheral Device: C0:81:8D:26:04:64
2025-04-07 16:55:20,736 | MainThread   | [INFO    ] | _connect            |: Connected to C0:81:8D:26:04:64
2025-04-07 16:55:29,640 | MainThread   | [INFO    ] | disconnect_handler  |: Disconnected from 1EFFEDB9-73BA-9396-D724-47E443C12C76
2025-04-07 16:57:05,337 | MainThread   | [INFO    ] | _connect            |: Looking for Artemis Nano Peripheral Device: C0:81:8D:26:04:64
2025-04-07 16:57:08,226 | MainThread   | [INFO    ] | _connect            |: Connected to C0:81:8D:26:04:64
2025-04-07 17:02:25,975 | MainThread   | [INFO    ] | disconnect_handler  |: Disconnected from 1EFFEDB9-73BA-9396-D724-47E443C12C76
2025-04-07 17:02:27,101 | MainThread   | [INFO    ] | _connect            |: Looking for Artemis Nano Peripheral Device: C0:81:8D:26:04:64
2025-04-07 17:02:35,391 | MainThread   | [INFO    ] | _connect            |: Connected to C0:81:8D:26:04:64
2025-04-07 17:02:48,254 | MainThread   | [INFO    ] | disconnect_handler  |: Disconnected from 1EFFEDB9-73BA-9396-D724-47E443C12C76
