2025-04-29 14:23:09,990 | MainThread   | [INFO    ] | print_prediction_stats|: ---------- PREDICTION STATS -----------
2025-04-29 14:23:12,981 | MainThread   | [INFO    ] | print_update_stats  |: ---------- UPDATE STATS -----------
2025-04-29 14:23:12,989 | MainThread   | [INFO    ] | print_update_stats  |: GT index      : (7, 2, 5)
2025-04-29 14:23:12,990 | MainThread   | [INFO    ] | print_update_stats  |: Bel index     : (np.int64(7), np.int64(2), np.int64(6)) with prob = 1.0
2025-04-29 14:23:12,991 | MainThread   | [INFO    ] | print_update_stats  |: Bel_bar prob at index = 0.020728605709564352
2025-04-29 14:23:12,992 | MainThread   | [INFO    ] | print_update_stats  |: GT            : (0.514, -0.535, 657.070)
2025-04-29 14:23:12,994 | MainThread   | [INFO    ] | print_update_stats  |: Belief        : (0.610, -0.610, -50.000)
2025-04-29 14:23:12,995 | MainThread   | [INFO    ] | print_update_stats  |: POS ERROR     : (-0.096, 0.074, 707.070)
2025-04-29 14:23:12,997 | MainThread   | [INFO    ] | print_update_stats  |: ---------- UPDATE STATS -----------
2025-04-29 14:23:14,066 | MainThread   | [INFO    ] | print_prediction_stats|: ---------- PREDICTION STATS -----------
2025-04-29 14:23:14,069 | MainThread   | [INFO    ] | print_prediction_stats|: GT index         : (7, 2, 4)
2025-04-29 14:23:14,075 | MainThread   | [INFO    ] | print_prediction_stats|: Prior Bel index  : (np.int64(6), np.int64(2), np.int64(5)) with prob = 0.1195928
2025-04-29 14:23:14,077 | MainThread   | [INFO    ] | print_prediction_stats|: POS ERROR        : (0.209, 0.074, 704.532)
2025-04-29 14:23:14,079 | MainThread   | [INFO    ] | print_prediction_stats|: ---------- PREDICTION STATS -----------
2025-04-29 14:23:17,011 | MainThread   | [INFO    ] | print_update_stats  |: ---------- UPDATE STATS -----------
2025-04-29 14:23:17,021 | MainThread   | [INFO    ] | print_update_stats  |: GT index      : (7, 2, 4)
2025-04-29 14:23:17,023 | MainThread   | [INFO    ] | print_update_stats  |: Bel index     : (np.int64(6), np.int64(2), np.int64(4)) with prob = 1.0
2025-04-29 14:23:17,023 | MainThread   | [INFO    ] | print_update_stats  |: Bel_bar prob at index = 0.06511599345764242
2025-04-29 14:23:17,024 | MainThread   | [INFO    ] | print_update_stats  |: GT            : (0.514, -0.535, 994.532)
2025-04-29 14:23:17,025 | MainThread   | [INFO    ] | print_update_stats  |: Belief        : (0.305, -0.610, -90.000)
2025-04-29 14:23:17,025 | MainThread   | [INFO    ] | print_update_stats  |: POS ERROR     : (0.209, 0.074, 1084.532)
2025-04-29 14:23:17,028 | MainThread   | [INFO    ] | print_update_stats  |: ---------- UPDATE STATS -----------
2025-04-29 14:23:18,094 | MainThread   | [INFO    ] | print_prediction_stats|: ---------- PREDICTION STATS -----------
2025-04-29 14:23:18,099 | MainThread   | [INFO    ] | print_prediction_stats|: GT index         : (7, 0, 4)
2025-04-29 14:23:18,100 | MainThread   | [INFO    ] | print_prediction_stats|: Prior Bel index  : (np.int64(6), np.int64(1), np.int64(4)) with prob = 0.1834118
2025-04-29 14:23:18,101 | MainThread   | [INFO    ] | print_prediction_stats|: POS ERROR        : (0.241, -0.026, 1084.532)
2025-04-29 14:23:18,102 | MainThread   | [INFO    ] | print_prediction_stats|: ---------- PREDICTION STATS -----------
2025-04-29 14:23:21,051 | MainThread   | [INFO    ] | print_update_stats  |: ---------- UPDATE STATS -----------
2025-04-29 14:23:21,067 | MainThread   | [INFO    ] | print_update_stats  |: GT index      : (7, 0, 4)
2025-04-29 14:23:21,069 | MainThread   | [INFO    ] | print_update_stats  |: Bel index     : (np.int64(6), np.int64(1), np.int64(4)) with prob = 1.0
2025-04-29 14:23:21,071 | MainThread   | [INFO    ] | print_update_stats  |: Bel_bar prob at index = 0.183411847083352
2025-04-29 14:23:21,072 | MainThread   | [INFO    ] | print_update_stats  |: GT            : (0.546, -0.941, 1354.532)
2025-04-29 14:23:21,073 | MainThread   | [INFO    ] | print_update_stats  |: Belief        : (0.305, -0.914, -90.000)
2025-04-29 14:23:21,075 | MainThread   | [INFO    ] | print_update_stats  |: POS ERROR     : (0.241, -0.026, 1444.532)
2025-04-29 14:23:21,077 | MainThread   | [INFO    ] | print_update_stats  |: ---------- UPDATE STATS -----------
2025-04-29 14:23:24,217 | MainThread   | [INFO    ] | print_prediction_stats|: ---------- PREDICTION STATS -----------
2025-04-29 14:23:25,137 | MainThread   | [INFO    ] | print_prediction_stats|: GT index         : (8, 0, 9)
2025-04-29 14:23:25,139 | MainThread   | [INFO    ] | print_prediction_stats|: Prior Bel index  : (np.int64(6), np.int64(0), np.int64(7)) with prob = 0.4201348
2025-04-29 14:23:25,139 | MainThread   | [INFO    ] | print_prediction_stats|: POS ERROR        : (0.505, 0.137, 1470.952)
2025-04-29 14:23:25,142 | MainThread   | [INFO    ] | print_prediction_stats|: ---------- PREDICTION STATS -----------
2025-04-29 14:23:28,104 | MainThread   | [INFO    ] | print_update_stats  |: ---------- UPDATE STATS -----------
2025-04-29 14:23:28,123 | MainThread   | [INFO    ] | print_update_stats  |: GT index      : (8, 0, 9)
2025-04-29 14:23:28,124 | MainThread   | [INFO    ] | print_update_stats  |: Bel index     : (np.int64(8), np.int64(1), np.int64(9)) with prob = 1.0
2025-04-29 14:23:28,125 | MainThread   | [INFO    ] | print_update_stats  |: Bel_bar prob at index = 2.2152709689587314e-10
2025-04-29 14:23:28,127 | MainThread   | [INFO    ] | print_update_stats  |: GT            : (0.810, -1.082, 1800.952)
2025-04-29 14:23:28,127 | MainThread   | [INFO    ] | print_update_stats  |: Belief        : (0.914, -0.914, 10.000)
2025-04-29 14:23:28,128 | MainThread   | [INFO    ] | print_update_stats  |: POS ERROR     : (-0.104, -0.168, 1790.952)
2025-04-29 14:23:28,131 | MainThread   | [INFO    ] | print_update_stats  |: ---------- UPDATE STATS -----------
2025-04-29 14:23:34,229 | MainThread   | [INFO    ] | print_prediction_stats|: ---------- PREDICTION STATS -----------
2025-04-29 14:23:34,235 | MainThread   | [INFO    ] | print_prediction_stats|: GT index         : (11, 1, 11)
2025-04-29 14:23:34,237 | MainThread   | [INFO    ] | print_prediction_stats|: Prior Bel index  : (np.int64(9), np.int64(0), np.int64(12)) with prob = 0.3898760
2025-04-29 14:23:34,239 | MainThread   | [INFO    ] | print_prediction_stats|: POS ERROR        : (0.379, 0.312, 1780.330)
2025-04-29 14:23:34,247 | MainThread   | [INFO    ] | print_prediction_stats|: ---------- PREDICTION STATS -----------
2025-04-29 14:23:37,154 | MainThread   | [INFO    ] | print_update_stats  |: ---------- UPDATE STATS -----------
2025-04-29 14:23:37,169 | MainThread   | [INFO    ] | print_update_stats  |: GT index      : (11, 1, 11)
2025-04-29 14:23:37,170 | MainThread   | [INFO    ] | print_update_stats  |: Bel index     : (np.int64(10), np.int64(1), np.int64(11)) with prob = 1.0
2025-04-29 14:23:37,174 | MainThread   | [INFO    ] | print_update_stats  |: Bel_bar prob at index = 1.1197012976851109e-08
2025-04-29 14:23:37,180 | MainThread   | [INFO    ] | print_update_stats  |: GT            : (1.598, -0.908, 2210.330)
2025-04-29 14:23:37,186 | MainThread   | [INFO    ] | print_update_stats  |: Belief        : (1.524, -0.914, 50.000)
2025-04-29 14:23:37,187 | MainThread   | [INFO    ] | print_update_stats  |: POS ERROR     : (0.074, 0.007, 2160.330)
2025-04-29 14:23:37,189 | MainThread   | [INFO    ] | print_update_stats  |: ---------- UPDATE STATS -----------
2025-04-29 14:23:39,278 | MainThread   | [INFO    ] | print_prediction_stats|: ---------- PREDICTION STATS -----------
2025-04-29 14:23:39,293 | MainThread   | [INFO    ] | print_prediction_stats|: GT index         : (11, 2, 12)
2025-04-29 14:23:39,295 | MainThread   | [INFO    ] | print_prediction_stats|: Prior Bel index  : (np.int64(10), np.int64(2), np.int64(13)) with prob = 0.1033989
2025-04-29 14:23:39,296 | MainThread   | [INFO    ] | print_prediction_stats|: POS ERROR        : (0.146, 0.089, 2149.461)
2025-04-29 14:23:39,298 | MainThread   | [INFO    ] | print_prediction_stats|: ---------- PREDICTION STATS -----------
2025-04-29 14:23:42,240 | MainThread   | [INFO    ] | print_update_stats  |: ---------- UPDATE STATS -----------
2025-04-29 14:23:42,247 | MainThread   | [INFO    ] | print_update_stats  |: GT index      : (11, 2, 12)
2025-04-29 14:23:42,248 | MainThread   | [INFO    ] | print_update_stats  |: Bel index     : (np.int64(10), np.int64(2), np.int64(12)) with prob = 1.0
2025-04-29 14:23:42,249 | MainThread   | [INFO    ] | print_update_stats  |: Bel_bar prob at index = 0.09334917600085078
2025-04-29 14:23:42,249 | MainThread   | [INFO    ] | print_update_stats  |: GT            : (1.670, -0.521, 2599.461)
2025-04-29 14:23:42,250 | MainThread   | [INFO    ] | print_update_stats  |: Belief        : (1.524, -0.610, 70.000)
2025-04-29 14:23:42,251 | MainThread   | [INFO    ] | print_update_stats  |: POS ERROR     : (0.146, 0.089, 2529.461)
2025-04-29 14:23:42,253 | MainThread   | [INFO    ] | print_update_stats  |: ---------- UPDATE STATS -----------
2025-04-29 14:23:44,327 | MainThread   | [INFO    ] | print_prediction_stats|: ---------- PREDICTION STATS -----------
2025-04-29 14:23:44,343 | MainThread   | [INFO    ] | print_prediction_stats|: GT index         : (11, 3, 13)
2025-04-29 14:23:44,345 | MainThread   | [INFO    ] | print_prediction_stats|: Prior Bel index  : (np.int64(9), np.int64(0), np.int64(11)) with prob = 0.1642890
2025-04-29 14:23:44,345 | MainThread   | [INFO    ] | print_prediction_stats|: POS ERROR        : (0.516, 1.052, 2555.097)
2025-04-29 14:23:44,346 | MainThread   | [INFO    ] | print_prediction_stats|: ---------- PREDICTION STATS -----------
2025-04-29 14:23:47,273 | MainThread   | [INFO    ] | print_update_stats  |: ---------- UPDATE STATS -----------
2025-04-29 14:23:47,276 | MainThread   | [INFO    ] | print_update_stats  |: GT index      : (11, 3, 13)
2025-04-29 14:23:47,279 | MainThread   | [INFO    ] | print_update_stats  |: Bel index     : (np.int64(11), np.int64(3), np.int64(13)) with prob = 1.0
2025-04-29 14:23:47,280 | MainThread   | [INFO    ] | print_update_stats  |: Bel_bar prob at index = 1.0264867755737737e-36
2025-04-29 14:23:47,281 | MainThread   | [INFO    ] | print_update_stats  |: GT            : (1.736, -0.167, 2965.097)
2025-04-29 14:23:47,281 | MainThread   | [INFO    ] | print_update_stats  |: Belief        : (1.829, -0.305, 90.000)
2025-04-29 14:23:47,282 | MainThread   | [INFO    ] | print_update_stats  |: POS ERROR     : (-0.093, 0.138, 2875.097)
2025-04-29 14:23:47,284 | MainThread   | [INFO    ] | print_update_stats  |: ---------- UPDATE STATS -----------
2025-04-29 14:23:50,350 | MainThread   | [INFO    ] | print_prediction_stats|: ---------- PREDICTION STATS -----------
2025-04-29 14:23:50,356 | MainThread   | [INFO    ] | print_prediction_stats|: GT index         : (11, 5, 14)
2025-04-29 14:23:50,357 | MainThread   | [INFO    ] | print_prediction_stats|: Prior Bel index  : (np.int64(11), np.int64(6), np.int64(15)) with prob = 0.1482207
2025-04-29 14:23:50,358 | MainThread   | [INFO    ] | print_prediction_stats|: POS ERROR        : (-0.101, -0.277, 2858.115)
2025-04-29 14:23:50,359 | MainThread   | [INFO    ] | print_prediction_stats|: ---------- PREDICTION STATS -----------
2025-04-29 14:23:53,287 | MainThread   | [INFO    ] | print_update_stats  |: ---------- UPDATE STATS -----------
2025-04-29 14:23:53,298 | MainThread   | [INFO    ] | print_update_stats  |: GT index      : (11, 5, 14)
2025-04-29 14:23:53,300 | MainThread   | [INFO    ] | print_update_stats  |: Bel index     : (np.int64(11), np.int64(5), np.int64(14)) with prob = 0.9744674
2025-04-29 14:23:53,302 | MainThread   | [INFO    ] | print_update_stats  |: Bel_bar prob at index = 0.05806220442532529
2025-04-29 14:23:53,303 | MainThread   | [INFO    ] | print_update_stats  |: GT            : (1.728, 0.333, 3348.115)
2025-04-29 14:23:53,303 | MainThread   | [INFO    ] | print_update_stats  |: Belief        : (1.829, 0.305, 110.000)
2025-04-29 14:23:53,310 | MainThread   | [INFO    ] | print_update_stats  |: POS ERROR     : (-0.101, 0.028, 3238.115)
2025-04-29 14:23:53,312 | MainThread   | [INFO    ] | print_update_stats  |: ---------- UPDATE STATS -----------
2025-04-29 14:23:56,408 | MainThread   | [INFO    ] | print_prediction_stats|: ---------- PREDICTION STATS -----------
2025-04-29 14:23:56,421 | MainThread   | [INFO    ] | print_prediction_stats|: GT index         : (11, 6, 16)
2025-04-29 14:23:56,423 | MainThread   | [INFO    ] | print_prediction_stats|: Prior Bel index  : (np.int64(10), np.int64(8), np.int64(14)) with prob = 0.1331402
2025-04-29 14:23:56,424 | MainThread   | [INFO    ] | print_prediction_stats|: POS ERROR        : (0.200, -0.556, 3277.931)
2025-04-29 14:23:56,431 | MainThread   | [INFO    ] | print_prediction_stats|: ---------- PREDICTION STATS -----------
2025-04-29 14:23:59,367 | MainThread   | [INFO    ] | print_update_stats  |: ---------- UPDATE STATS -----------
2025-04-29 14:23:59,385 | MainThread   | [INFO    ] | print_update_stats  |: GT index      : (11, 6, 16)
2025-04-29 14:23:59,387 | MainThread   | [INFO    ] | print_update_stats  |: Bel index     : (np.int64(11), np.int64(7), np.int64(16)) with prob = 1.0
2025-04-29 14:23:59,391 | MainThread   | [INFO    ] | print_update_stats  |: Bel_bar prob at index = 4.7642828662731304e-05
2025-04-29 14:23:59,395 | MainThread   | [INFO    ] | print_update_stats  |: GT            : (1.724, 0.663, 3747.931)
2025-04-29 14:23:59,396 | MainThread   | [INFO    ] | print_update_stats  |: Belief        : (1.829, 0.914, 150.000)
2025-04-29 14:23:59,397 | MainThread   | [INFO    ] | print_update_stats  |: POS ERROR     : (-0.105, -0.251, 3597.931)
2025-04-29 14:23:59,401 | MainThread   | [INFO    ] | print_update_stats  |: ---------- UPDATE STATS -----------
2025-04-29 14:24:01,487 | MainThread   | [INFO    ] | print_prediction_stats|: ---------- PREDICTION STATS -----------
2025-04-29 14:24:01,498 | MainThread   | [INFO    ] | print_prediction_stats|: GT index         : (10, 7, 16)
2025-04-29 14:24:01,499 | MainThread   | [INFO    ] | print_prediction_stats|: Prior Bel index  : (np.int64(9), np.int64(8), np.int64(1)) with prob = 0.1799146
2025-04-29 14:24:01,500 | MainThread   | [INFO    ] | print_prediction_stats|: POS ERROR        : (0.081, -0.291, 3909.202)
2025-04-29 14:24:01,502 | MainThread   | [INFO    ] | print_prediction_stats|: ---------- PREDICTION STATS -----------
2025-04-29 14:27:52,895 | MainThread   | [INFO    ] | populate_views      |:  | Number of observations per grid cell: 18
2025-04-29 14:27:52,901 | MainThread   | [INFO    ] | populate_views      |:  | Precaching Views...
2025-04-29 14:27:55,362 | MainThread   | [INFO    ] | populate_views      |:  | Precaching Time: 2.460 secs
2025-04-29 14:27:55,370 | MainThread   | [INFO    ] | init_uniform_distribution|: Initializing beliefs with a Uniform Distribution
2025-04-29 14:27:55,372 | MainThread   | [INFO    ] | init_uniform_distribution|: Uniform Belief with each cell value: 0.00051440329218107
2025-04-29 14:28:04,988 | MainThread   | [INFO    ] | init_uniform_distribution|: Initializing beliefs with a Uniform Distribution
2025-04-29 14:28:04,990 | MainThread   | [INFO    ] | init_uniform_distribution|: Uniform Belief with each cell value: 0.00051440329218107
2025-04-29 14:28:07,966 | MainThread   | [INFO    ] | print_update_stats  |: ---------- UPDATE STATS -----------
2025-04-29 14:28:07,989 | MainThread   | [INFO    ] | print_update_stats  |: GT index      : (6, 4, 9)
2025-04-29 14:28:07,991 | MainThread   | [INFO    ] | print_update_stats  |: Bel index     : (np.int64(5), np.int64(4), np.int64(9)) with prob = 0.9940916
2025-04-29 14:28:07,992 | MainThread   | [INFO    ] | print_update_stats  |: Bel_bar prob at index = 0.00051440329218107
2025-04-29 14:28:07,993 | MainThread   | [INFO    ] | print_update_stats  |: GT            : (0.000, 0.000, 360.000)
2025-04-29 14:28:07,994 | MainThread   | [INFO    ] | print_update_stats  |: Belief        : (0.000, 0.000, 10.000)
2025-04-29 14:28:07,995 | MainThread   | [INFO    ] | print_update_stats  |: POS ERROR     : (-0.000, -0.000, 350.000)
2025-04-29 14:28:07,995 | MainThread   | [INFO    ] | print_update_stats  |: ---------- UPDATE STATS -----------
2025-04-29 14:28:16,151 | MainThread   | [INFO    ] | print_prediction_stats|: ---------- PREDICTION STATS -----------
2025-04-29 14:28:16,163 | MainThread   | [INFO    ] | print_prediction_stats|: GT index         : (6, 3, 6)
2025-04-29 14:28:16,171 | MainThread   | [INFO    ] | print_prediction_stats|: Prior Bel index  : (np.int64(6), np.int64(4), np.int64(7)) with prob = 0.1048422
2025-04-29 14:28:16,173 | MainThread   | [INFO    ] | print_prediction_stats|: POS ERROR        : (-0.013, -0.090, -10.107)
2025-04-29 14:28:16,177 | MainThread   | [INFO    ] | print_prediction_stats|: ---------- PREDICTION STATS -----------
2025-04-29 14:28:19,114 | MainThread   | [INFO    ] | print_update_stats  |: ---------- UPDATE STATS -----------
2025-04-29 14:28:19,133 | MainThread   | [INFO    ] | print_update_stats  |: GT index      : (6, 3, 6)
2025-04-29 14:28:19,148 | MainThread   | [INFO    ] | print_update_stats  |: Bel index     : (np.int64(6), np.int64(4), np.int64(6)) with prob = 1.0
2025-04-29 14:28:19,151 | MainThread   | [INFO    ] | print_update_stats  |: Bel_bar prob at index = 0.023015217075721284
2025-04-29 14:28:19,157 | MainThread   | [INFO    ] | print_update_stats  |: GT            : (0.291, -0.090, 319.893)
2025-04-29 14:28:19,162 | MainThread   | [INFO    ] | print_update_stats  |: Belief        : (0.305, 0.000, -50.000)
2025-04-29 14:28:19,164 | MainThread   | [INFO    ] | print_update_stats  |: POS ERROR     : (-0.013, -0.090, 369.893)
2025-04-29 14:28:19,167 | MainThread   | [INFO    ] | print_update_stats  |: ---------- UPDATE STATS -----------
2025-04-29 14:28:21,238 | MainThread   | [INFO    ] | print_prediction_stats|: ---------- PREDICTION STATS -----------
2025-04-29 14:28:21,246 | MainThread   | [INFO    ] | print_prediction_stats|: GT index         : (7, 2, 5)
2025-04-29 14:28:21,249 | MainThread   | [INFO    ] | print_prediction_stats|: Prior Bel index  : (np.int64(7), np.int64(2), np.int64(5)) with prob = 0.0877369
2025-04-29 14:28:21,250 | MainThread   | [INFO    ] | print_prediction_stats|: POS ERROR        : (-0.088, 0.066, 366.975)
2025-04-29 14:28:21,257 | MainThread   | [INFO    ] | print_prediction_stats|: ---------- PREDICTION STATS -----------
2025-04-29 14:28:24,237 | MainThread   | [INFO    ] | print_update_stats  |: ---------- UPDATE STATS -----------
2025-04-29 14:28:24,250 | MainThread   | [INFO    ] | print_update_stats  |: GT index      : (7, 2, 5)
2025-04-29 14:28:24,251 | MainThread   | [INFO    ] | print_update_stats  |: Bel index     : (np.int64(7), np.int64(2), np.int64(6)) with prob = 1.0
2025-04-29 14:28:24,252 | MainThread   | [INFO    ] | print_update_stats  |: Bel_bar prob at index = 0.0826861387566469
2025-04-29 14:28:24,254 | MainThread   | [INFO    ] | print_update_stats  |: GT            : (0.522, -0.543, 656.975)
2025-04-29 14:28:24,258 | MainThread   | [INFO    ] | print_update_stats  |: Belief        : (0.610, -0.610, -50.000)
2025-04-29 14:28:24,260 | MainThread   | [INFO    ] | print_update_stats  |: POS ERROR     : (-0.088, 0.066, 706.975)
2025-04-29 14:28:24,271 | MainThread   | [INFO    ] | print_update_stats  |: ---------- UPDATE STATS -----------
2025-04-29 14:28:25,346 | MainThread   | [INFO    ] | print_prediction_stats|: ---------- PREDICTION STATS -----------
2025-04-29 14:28:25,348 | MainThread   | [INFO    ] | print_prediction_stats|: GT index         : (7, 2, 4)
2025-04-29 14:28:25,349 | MainThread   | [INFO    ] | print_prediction_stats|: Prior Bel index  : (np.int64(7), np.int64(1), np.int64(6)) with prob = 0.1893513
2025-04-29 14:28:25,350 | MainThread   | [INFO    ] | print_prediction_stats|: POS ERROR        : (-0.088, 0.371, 684.055)
2025-04-29 14:28:25,351 | MainThread   | [INFO    ] | print_prediction_stats|: ---------- PREDICTION STATS -----------
2025-04-29 14:28:28,313 | MainThread   | [INFO    ] | print_update_stats  |: ---------- UPDATE STATS -----------
2025-04-29 14:28:28,329 | MainThread   | [INFO    ] | print_update_stats  |: GT index      : (7, 2, 4)
2025-04-29 14:28:28,331 | MainThread   | [INFO    ] | print_update_stats  |: Bel index     : (np.int64(7), np.int64(2), np.int64(4)) with prob = 0.9999544
2025-04-29 14:28:28,334 | MainThread   | [INFO    ] | print_update_stats  |: Bel_bar prob at index = 3.315118228190988e-24
2025-04-29 14:28:28,340 | MainThread   | [INFO    ] | print_update_stats  |: GT            : (0.522, -0.543, 993.673)
2025-04-29 14:28:28,347 | MainThread   | [INFO    ] | print_update_stats  |: Belief        : (0.610, -0.610, -90.000)
2025-04-29 14:28:28,351 | MainThread   | [INFO    ] | print_update_stats  |: POS ERROR     : (-0.088, 0.066, 1083.673)
2025-04-29 14:28:28,353 | MainThread   | [INFO    ] | print_update_stats  |: ---------- UPDATE STATS -----------
2025-04-29 14:28:29,415 | MainThread   | [INFO    ] | print_prediction_stats|: ---------- PREDICTION STATS -----------
2025-04-29 14:28:29,421 | MainThread   | [INFO    ] | print_prediction_stats|: GT index         : (7, 0, 4)
2025-04-29 14:28:29,422 | MainThread   | [INFO    ] | print_prediction_stats|: Prior Bel index  : (np.int64(8), np.int64(0), np.int64(4)) with prob = 0.1810841
2025-04-29 14:28:29,422 | MainThread   | [INFO    ] | print_prediction_stats|: POS ERROR        : (-0.368, 0.290, 1083.673)
2025-04-29 14:28:29,424 | MainThread   | [INFO    ] | print_prediction_stats|: ---------- PREDICTION STATS -----------
2025-04-29 14:28:32,384 | MainThread   | [INFO    ] | print_update_stats  |: ---------- UPDATE STATS -----------
2025-04-29 14:28:32,386 | MainThread   | [INFO    ] | print_update_stats  |: GT index      : (7, 0, 4)
2025-04-29 14:28:32,387 | MainThread   | [INFO    ] | print_update_stats  |: Bel index     : (np.int64(6), np.int64(1), np.int64(4)) with prob = 0.7764942
2025-04-29 14:28:32,387 | MainThread   | [INFO    ] | print_update_stats  |: Bel_bar prob at index = 2.6505743382324596e-09
2025-04-29 14:28:32,388 | MainThread   | [INFO    ] | print_update_stats  |: GT            : (0.548, -0.942, 1353.673)
2025-04-29 14:28:32,389 | MainThread   | [INFO    ] | print_update_stats  |: Belief        : (0.305, -0.914, -90.000)
2025-04-29 14:28:32,389 | MainThread   | [INFO    ] | print_update_stats  |: POS ERROR     : (0.243, -0.028, 1443.673)
2025-04-29 14:28:32,390 | MainThread   | [INFO    ] | print_update_stats  |: ---------- UPDATE STATS -----------
2025-04-29 14:28:35,500 | MainThread   | [INFO    ] | print_prediction_stats|: ---------- PREDICTION STATS -----------
2025-04-29 14:28:35,510 | MainThread   | [INFO    ] | print_prediction_stats|: GT index         : (8, 0, 8)
2025-04-29 14:28:35,512 | MainThread   | [INFO    ] | print_prediction_stats|: Prior Bel index  : (np.int64(6), np.int64(3), np.int64(10)) with prob = 0.0619673
2025-04-29 14:28:35,515 | MainThread   | [INFO    ] | print_prediction_stats|: POS ERROR        : (0.505, -0.783, 1409.615)
2025-04-29 14:28:35,523 | MainThread   | [INFO    ] | print_prediction_stats|: ---------- PREDICTION STATS -----------
2025-04-29 14:28:38,472 | MainThread   | [INFO    ] | print_update_stats  |: ---------- UPDATE STATS -----------
2025-04-29 14:28:38,478 | MainThread   | [INFO    ] | print_update_stats  |: GT index      : (8, 0, 8)
2025-04-29 14:28:38,479 | MainThread   | [INFO    ] | print_update_stats  |: Bel index     : (np.int64(8), np.int64(1), np.int64(9)) with prob = 1.0
2025-04-29 14:28:38,480 | MainThread   | [INFO    ] | print_update_stats  |: Bel_bar prob at index = 9.557011044847648e-12
2025-04-29 14:28:38,481 | MainThread   | [INFO    ] | print_update_stats  |: GT            : (0.810, -1.088, 1799.615)
2025-04-29 14:28:38,482 | MainThread   | [INFO    ] | print_update_stats  |: Belief        : (0.914, -0.914, 10.000)
2025-04-29 14:28:38,482 | MainThread   | [INFO    ] | print_update_stats  |: POS ERROR     : (-0.105, -0.174, 1789.615)
2025-04-29 14:28:38,483 | MainThread   | [INFO    ] | print_update_stats  |: ---------- UPDATE STATS -----------
2025-04-29 14:28:44,556 | MainThread   | [INFO    ] | print_prediction_stats|: ---------- PREDICTION STATS -----------
2025-04-29 14:28:44,575 | MainThread   | [INFO    ] | print_prediction_stats|: GT index         : (11, 0, 11)
2025-04-29 14:28:44,576 | MainThread   | [INFO    ] | print_prediction_stats|: Prior Bel index  : (np.int64(9), np.int64(2), np.int64(12)) with prob = 0.1346155
2025-04-29 14:28:44,577 | MainThread   | [INFO    ] | print_prediction_stats|: POS ERROR        : (0.382, -0.322, 1778.993)
2025-04-29 14:28:44,579 | MainThread   | [INFO    ] | print_prediction_stats|: ---------- PREDICTION STATS -----------
2025-04-29 14:28:47,516 | MainThread   | [INFO    ] | print_update_stats  |: ---------- UPDATE STATS -----------
2025-04-29 14:28:47,518 | MainThread   | [INFO    ] | print_update_stats  |: GT index      : (11, 0, 11)
2025-04-29 14:28:47,519 | MainThread   | [INFO    ] | print_update_stats  |: Bel index     : (np.int64(10), np.int64(1), np.int64(11)) with prob = 1.0
2025-04-29 14:28:47,519 | MainThread   | [INFO    ] | print_update_stats  |: Bel_bar prob at index = 0.0002215387608652328
2025-04-29 14:28:47,520 | MainThread   | [INFO    ] | print_update_stats  |: GT            : (1.601, -0.932, 2208.993)
2025-04-29 14:28:47,521 | MainThread   | [INFO    ] | print_update_stats  |: Belief        : (1.524, -0.914, 50.000)
2025-04-29 14:28:47,521 | MainThread   | [INFO    ] | print_update_stats  |: POS ERROR     : (0.077, -0.017, 2158.993)
2025-04-29 14:28:47,522 | MainThread   | [INFO    ] | print_update_stats  |: ---------- UPDATE STATS -----------
2025-04-29 14:28:49,600 | MainThread   | [INFO    ] | print_prediction_stats|: ---------- PREDICTION STATS -----------
2025-04-29 14:28:49,610 | MainThread   | [INFO    ] | print_prediction_stats|: GT index         : (11, 2, 12)
2025-04-29 14:28:49,611 | MainThread   | [INFO    ] | print_prediction_stats|: Prior Bel index  : (np.int64(10), np.int64(0), np.int64(11)) with prob = 0.4188590
2025-04-29 14:28:49,612 | MainThread   | [INFO    ] | print_prediction_stats|: POS ERROR        : (0.158, 0.672, 2188.124)
2025-04-29 14:28:49,614 | MainThread   | [INFO    ] | print_prediction_stats|: ---------- PREDICTION STATS -----------
2025-04-29 14:28:52,554 | MainThread   | [INFO    ] | print_update_stats  |: ---------- UPDATE STATS -----------
2025-04-29 14:28:52,557 | MainThread   | [INFO    ] | print_update_stats  |: GT index      : (11, 2, 12)
2025-04-29 14:28:52,558 | MainThread   | [INFO    ] | print_update_stats  |: Bel index     : (np.int64(10), np.int64(1), np.int64(12)) with prob = 1.0
2025-04-29 14:28:52,559 | MainThread   | [INFO    ] | print_update_stats  |: Bel_bar prob at index = 8.255780773309944e-17
2025-04-29 14:28:52,560 | MainThread   | [INFO    ] | print_update_stats  |: GT            : (1.682, -0.547, 2598.124)
2025-04-29 14:28:52,560 | MainThread   | [INFO    ] | print_update_stats  |: Belief        : (1.524, -0.914, 70.000)
2025-04-29 14:28:52,561 | MainThread   | [INFO    ] | print_update_stats  |: POS ERROR     : (0.158, 0.368, 2528.124)
2025-04-29 14:28:52,562 | MainThread   | [INFO    ] | print_update_stats  |: ---------- UPDATE STATS -----------
2025-04-29 14:28:54,620 | MainThread   | [INFO    ] | print_prediction_stats|: ---------- PREDICTION STATS -----------
2025-04-29 14:28:54,633 | MainThread   | [INFO    ] | print_prediction_stats|: GT index         : (11, 3, 13)
2025-04-29 14:28:54,634 | MainThread   | [INFO    ] | print_prediction_stats|: Prior Bel index  : (np.int64(9), np.int64(3), np.int64(15)) with prob = 0.0821271
2025-04-29 14:28:54,635 | MainThread   | [INFO    ] | print_prediction_stats|: POS ERROR        : (0.537, 0.110, 2473.855)
2025-04-29 14:28:54,636 | MainThread   | [INFO    ] | print_prediction_stats|: ---------- PREDICTION STATS -----------
2025-04-29 14:28:57,569 | MainThread   | [INFO    ] | print_update_stats  |: ---------- UPDATE STATS -----------
2025-04-29 14:28:57,579 | MainThread   | [INFO    ] | print_update_stats  |: GT index      : (11, 3, 13)
2025-04-29 14:28:57,582 | MainThread   | [INFO    ] | print_update_stats  |: Bel index     : (np.int64(11), np.int64(3), np.int64(13)) with prob = 1.0
2025-04-29 14:28:57,584 | MainThread   | [INFO    ] | print_update_stats  |: Bel_bar prob at index = 0.000749954544054895
2025-04-29 14:28:57,590 | MainThread   | [INFO    ] | print_update_stats  |: GT            : (1.756, -0.194, 2963.855)
2025-04-29 14:28:57,591 | MainThread   | [INFO    ] | print_update_stats  |: Belief        : (1.829, -0.305, 90.000)
2025-04-29 14:28:57,593 | MainThread   | [INFO    ] | print_update_stats  |: POS ERROR     : (-0.073, 0.110, 2873.855)
2025-04-29 14:28:57,600 | MainThread   | [INFO    ] | print_update_stats  |: ---------- UPDATE STATS -----------
2025-04-29 14:29:00,656 | MainThread   | [INFO    ] | print_prediction_stats|: ---------- PREDICTION STATS -----------
2025-04-29 14:29:00,668 | MainThread   | [INFO    ] | print_prediction_stats|: GT index         : (11, 4, 14)
2025-04-29 14:29:00,669 | MainThread   | [INFO    ] | print_prediction_stats|: Prior Bel index  : (np.int64(11), np.int64(6), np.int64(13)) with prob = 0.0815706
2025-04-29 14:29:00,670 | MainThread   | [INFO    ] | print_prediction_stats|: POS ERROR        : (-0.070, -0.312, 2896.874)
2025-04-29 14:29:00,671 | MainThread   | [INFO    ] | print_prediction_stats|: ---------- PREDICTION STATS -----------
2025-04-29 14:29:03,583 | MainThread   | [INFO    ] | print_update_stats  |: ---------- UPDATE STATS -----------
2025-04-29 14:29:03,593 | MainThread   | [INFO    ] | print_update_stats  |: GT index      : (11, 4, 14)
2025-04-29 14:29:03,595 | MainThread   | [INFO    ] | print_update_stats  |: Bel index     : (np.int64(11), np.int64(5), np.int64(14)) with prob = 0.9607908
2025-04-29 14:29:03,596 | MainThread   | [INFO    ] | print_update_stats  |: Bel_bar prob at index = 0.058863221595128884
2025-04-29 14:29:03,596 | MainThread   | [INFO    ] | print_update_stats  |: GT            : (1.759, 0.297, 3346.874)
2025-04-29 14:29:03,597 | MainThread   | [INFO    ] | print_update_stats  |: Belief        : (1.829, 0.305, 110.000)
2025-04-29 14:29:03,598 | MainThread   | [INFO    ] | print_update_stats  |: POS ERROR     : (-0.070, -0.008, 3236.874)
2025-04-29 14:29:03,599 | MainThread   | [INFO    ] | print_update_stats  |: ---------- UPDATE STATS -----------
2025-04-29 14:29:06,682 | MainThread   | [INFO    ] | print_prediction_stats|: ---------- PREDICTION STATS -----------
2025-04-29 14:29:06,695 | MainThread   | [INFO    ] | print_prediction_stats|: GT index         : (11, 6, 16)
2025-04-29 14:29:06,696 | MainThread   | [INFO    ] | print_prediction_stats|: Prior Bel index  : (np.int64(9), np.int64(6), np.int64(15)) with prob = 0.1025923
2025-04-29 14:29:06,697 | MainThread   | [INFO    ] | print_prediction_stats|: POS ERROR        : (0.542, 0.018, 3256.976)
2025-04-29 14:29:06,698 | MainThread   | [INFO    ] | print_prediction_stats|: ---------- PREDICTION STATS -----------
2025-04-29 14:29:09,631 | MainThread   | [INFO    ] | print_update_stats  |: ---------- UPDATE STATS -----------
2025-04-29 14:29:09,635 | MainThread   | [INFO    ] | print_update_stats  |: GT index      : (11, 6, 16)
2025-04-29 14:29:09,635 | MainThread   | [INFO    ] | print_update_stats  |: Bel index     : (np.int64(11), np.int64(7), np.int64(16)) with prob = 1.0
2025-04-29 14:29:09,636 | MainThread   | [INFO    ] | print_update_stats  |: Bel_bar prob at index = 1.5376884656524045e-13
2025-04-29 14:29:09,637 | MainThread   | [INFO    ] | print_update_stats  |: GT            : (1.761, 0.627, 3746.976)
2025-04-29 14:29:09,638 | MainThread   | [INFO    ] | print_update_stats  |: Belief        : (1.829, 0.914, 150.000)
2025-04-29 14:29:09,638 | MainThread   | [INFO    ] | print_update_stats  |: POS ERROR     : (-0.068, -0.287, 3596.976)
2025-04-29 14:29:09,639 | MainThread   | [INFO    ] | print_update_stats  |: ---------- UPDATE STATS -----------
2025-04-29 14:29:11,703 | MainThread   | [INFO    ] | print_prediction_stats|: ---------- PREDICTION STATS -----------
2025-04-29 14:29:11,706 | MainThread   | [INFO    ] | print_prediction_stats|: GT index         : (10, 6, 16)
2025-04-29 14:29:11,707 | MainThread   | [INFO    ] | print_prediction_stats|: Prior Bel index  : (np.int64(10), np.int64(8), np.int64(16)) with prob = 0.3642509
2025-04-29 14:29:11,708 | MainThread   | [INFO    ] | print_prediction_stats|: POS ERROR        : (-0.182, -0.319, 3608.438)
2025-04-29 14:29:11,709 | MainThread   | [INFO    ] | print_prediction_stats|: ---------- PREDICTION STATS -----------
2025-04-29 14:29:14,654 | MainThread   | [INFO    ] | print_update_stats  |: ---------- UPDATE STATS -----------
2025-04-29 14:29:14,666 | MainThread   | [INFO    ] | print_update_stats  |: GT index      : (10, 6, 16)
2025-04-29 14:29:14,669 | MainThread   | [INFO    ] | print_update_stats  |: Bel index     : (np.int64(9), np.int64(7), np.int64(17)) with prob = 1.0
2025-04-29 14:29:14,669 | MainThread   | [INFO    ] | print_update_stats  |: Bel_bar prob at index = 0.0001452671487581764
2025-04-29 14:29:14,670 | MainThread   | [INFO    ] | print_update_stats  |: GT            : (1.342, 0.900, 4118.438)
2025-04-29 14:29:14,671 | MainThread   | [INFO    ] | print_update_stats  |: Belief        : (1.219, 0.914, 170.000)
2025-04-29 14:29:14,672 | MainThread   | [INFO    ] | print_update_stats  |: POS ERROR     : (0.122, -0.015, 3948.438)
2025-04-29 14:29:14,673 | MainThread   | [INFO    ] | print_update_stats  |: ---------- UPDATE STATS -----------
2025-04-29 14:29:17,724 | MainThread   | [INFO    ] | print_prediction_stats|: ---------- PREDICTION STATS -----------
2025-04-29 14:29:17,737 | MainThread   | [INFO    ] | print_prediction_stats|: GT index         : (7, 6, 3)
2025-04-29 14:29:17,738 | MainThread   | [INFO    ] | print_prediction_stats|: Prior Bel index  : (np.int64(6), np.int64(5), np.int64(5)) with prob = 0.0570980
2025-04-29 14:29:17,738 | MainThread   | [INFO    ] | print_prediction_stats|: POS ERROR        : (0.159, 0.486, 4285.822)
2025-04-29 14:29:17,740 | MainThread   | [INFO    ] | print_prediction_stats|: ---------- PREDICTION STATS -----------
2025-04-29 14:29:20,672 | MainThread   | [INFO    ] | print_update_stats  |: ---------- UPDATE STATS -----------
2025-04-29 14:29:20,684 | MainThread   | [INFO    ] | print_update_stats  |: GT index      : (7, 6, 3)
2025-04-29 14:29:20,686 | MainThread   | [INFO    ] | print_update_stats  |: Bel index     : (np.int64(7), np.int64(7), np.int64(3)) with prob = 0.9761257
2025-04-29 14:29:20,688 | MainThread   | [INFO    ] | print_update_stats  |: Bel_bar prob at index = 0.0013286226283355763
2025-04-29 14:29:20,689 | MainThread   | [INFO    ] | print_update_stats  |: GT            : (0.463, 0.791, 4575.822)
2025-04-29 14:29:20,690 | MainThread   | [INFO    ] | print_update_stats  |: Belief        : (0.610, 0.914, -110.000)
2025-04-29 14:29:20,691 | MainThread   | [INFO    ] | print_update_stats  |: POS ERROR     : (-0.146, -0.124, 4685.822)
2025-04-29 14:29:20,692 | MainThread   | [INFO    ] | print_update_stats  |: ---------- UPDATE STATS -----------
2025-04-29 14:29:22,766 | MainThread   | [INFO    ] | print_prediction_stats|: ---------- PREDICTION STATS -----------
2025-04-29 14:29:22,772 | MainThread   | [INFO    ] | print_prediction_stats|: GT index         : (6, 4, 6)
2025-04-29 14:29:22,773 | MainThread   | [INFO    ] | print_prediction_stats|: Prior Bel index  : (np.int64(7), np.int64(4), np.int64(4)) with prob = 0.0788404
2025-04-29 14:29:22,774 | MainThread   | [INFO    ] | print_prediction_stats|: POS ERROR        : (-0.308, 0.150, 4710.141)
2025-04-29 14:29:22,775 | MainThread   | [INFO    ] | print_prediction_stats|: ---------- PREDICTION STATS -----------
2025-04-29 14:29:25,709 | MainThread   | [INFO    ] | print_update_stats  |: ---------- UPDATE STATS -----------
2025-04-29 14:29:25,717 | MainThread   | [INFO    ] | print_update_stats  |: GT index      : (6, 4, 6)
2025-04-29 14:29:25,717 | MainThread   | [INFO    ] | print_update_stats  |: Bel index     : (np.int64(6), np.int64(5), np.int64(5)) with prob = 0.9588347
2025-04-29 14:29:25,718 | MainThread   | [INFO    ] | print_update_stats  |: Bel_bar prob at index = 0.00016712202805418527
2025-04-29 14:29:25,719 | MainThread   | [INFO    ] | print_update_stats  |: GT            : (0.302, 0.150, 4980.905)
2025-04-29 14:29:25,719 | MainThread   | [INFO    ] | print_update_stats  |: Belief        : (0.305, 0.305, -70.000)
2025-04-29 14:29:25,720 | MainThread   | [INFO    ] | print_update_stats  |: POS ERROR     : (-0.003, -0.155, 5050.905)
2025-04-29 14:29:25,721 | MainThread   | [INFO    ] | print_update_stats  |: ---------- UPDATE STATS -----------
2025-04-29 14:29:27,819 | MainThread   | [INFO    ] | print_prediction_stats|: ---------- PREDICTION STATS -----------
2025-04-29 14:29:27,828 | MainThread   | [INFO    ] | print_prediction_stats|: GT index         : (6, 3, 2)
2025-04-29 14:29:27,829 | MainThread   | [INFO    ] | print_prediction_stats|: Prior Bel index  : (np.int64(4), np.int64(4), np.int64(1)) with prob = 0.1026101
2025-04-29 14:29:27,830 | MainThread   | [INFO    ] | print_prediction_stats|: POS ERROR        : (0.361, -0.166, 5062.161)
2025-04-29 14:29:27,830 | MainThread   | [INFO    ] | print_prediction_stats|: ---------- PREDICTION STATS -----------
2025-04-29 14:29:30,783 | MainThread   | [INFO    ] | print_update_stats  |: ---------- UPDATE STATS -----------
2025-04-29 14:29:30,797 | MainThread   | [INFO    ] | print_update_stats  |: GT index      : (6, 3, 2)
2025-04-29 14:29:30,799 | MainThread   | [INFO    ] | print_update_stats  |: Bel index     : (np.int64(5), np.int64(3), np.int64(2)) with prob = 1.0
2025-04-29 14:29:30,802 | MainThread   | [INFO    ] | print_update_stats  |: Bel_bar prob at index = 0.005857463639319694
2025-04-29 14:29:30,804 | MainThread   | [INFO    ] | print_update_stats  |: GT            : (0.056, -0.166, 5272.162)
2025-04-29 14:29:30,805 | MainThread   | [INFO    ] | print_update_stats  |: Belief        : (0.000, -0.305, -130.000)
2025-04-29 14:29:30,807 | MainThread   | [INFO    ] | print_update_stats  |: POS ERROR     : (0.056, 0.139, 5402.162)
2025-04-29 14:29:30,814 | MainThread   | [INFO    ] | print_update_stats  |: ---------- UPDATE STATS -----------
2025-04-29 14:29:33,871 | MainThread   | [INFO    ] | print_prediction_stats|: ---------- PREDICTION STATS -----------
2025-04-29 14:29:33,884 | MainThread   | [INFO    ] | print_prediction_stats|: GT index         : (4, 2, 1)
2025-04-29 14:29:33,885 | MainThread   | [INFO    ] | print_prediction_stats|: Prior Bel index  : (np.int64(3), np.int64(4), np.int64(2)) with prob = 0.1392232
2025-04-29 14:29:33,885 | MainThread   | [INFO    ] | print_prediction_stats|: POS ERROR        : (0.299, -0.326, 5379.143)
2025-04-29 14:29:33,887 | MainThread   | [INFO    ] | print_prediction_stats|: ---------- PREDICTION STATS -----------
2025-04-29 14:29:36,841 | MainThread   | [INFO    ] | print_update_stats  |: ---------- UPDATE STATS -----------
2025-04-29 14:29:36,854 | MainThread   | [INFO    ] | print_update_stats  |: GT index      : (4, 2, 1)
2025-04-29 14:29:36,855 | MainThread   | [INFO    ] | print_update_stats  |: Bel index     : (np.int64(4), np.int64(3), np.int64(1)) with prob = 1.0
2025-04-29 14:29:36,857 | MainThread   | [INFO    ] | print_update_stats  |: Bel_bar prob at index = 0.0013666620579776139
2025-04-29 14:29:36,857 | MainThread   | [INFO    ] | print_update_stats  |: GT            : (-0.311, -0.326, 5609.143)
2025-04-29 14:29:36,858 | MainThread   | [INFO    ] | print_update_stats  |: Belief        : (-0.305, -0.305, -150.000)
2025-04-29 14:29:36,862 | MainThread   | [INFO    ] | print_update_stats  |: POS ERROR     : (-0.006, -0.021, 5759.143)
2025-04-29 14:29:36,863 | MainThread   | [INFO    ] | print_update_stats  |: ---------- UPDATE STATS -----------
2025-04-29 14:29:39,953 | MainThread   | [INFO    ] | print_prediction_stats|: ---------- PREDICTION STATS -----------
2025-04-29 14:29:39,968 | MainThread   | [INFO    ] | print_prediction_stats|: GT index         : (3, 2, 0)
2025-04-29 14:29:39,972 | MainThread   | [INFO    ] | print_prediction_stats|: Prior Bel index  : (np.int64(2), np.int64(4), np.int64(16)) with prob = 0.0892362
2025-04-29 14:29:39,975 | MainThread   | [INFO    ] | print_prediction_stats|: POS ERROR        : (0.204, -0.326, 5435.647)
2025-04-29 14:29:39,978 | MainThread   | [INFO    ] | print_prediction_stats|: ---------- PREDICTION STATS -----------
2025-04-29 14:29:42,941 | MainThread   | [INFO    ] | print_update_stats  |: ---------- UPDATE STATS -----------
2025-04-29 14:29:42,945 | MainThread   | [INFO    ] | print_update_stats  |: GT index      : (3, 2, 0)
2025-04-29 14:29:42,949 | MainThread   | [INFO    ] | print_update_stats  |: Bel index     : (np.int64(3), np.int64(2), np.int64(0)) with prob = 1.0
2025-04-29 14:29:42,951 | MainThread   | [INFO    ] | print_update_stats  |: Bel_bar prob at index = 5.327549917516538e-06
2025-04-29 14:29:42,953 | MainThread   | [INFO    ] | print_update_stats  |: GT            : (-0.711, -0.326, 5945.648)
2025-04-29 14:29:42,954 | MainThread   | [INFO    ] | print_update_stats  |: Belief        : (-0.610, -0.610, -170.000)
2025-04-29 14:29:42,955 | MainThread   | [INFO    ] | print_update_stats  |: POS ERROR     : (-0.101, 0.284, 6115.648)
2025-04-29 14:29:42,960 | MainThread   | [INFO    ] | print_update_stats  |: ---------- UPDATE STATS -----------
2025-04-29 15:38:28,199 | MainThread   | [INFO    ] | populate_views      |:  | Number of observations per grid cell: 18
2025-04-29 15:38:28,201 | MainThread   | [INFO    ] | populate_views      |:  | Precaching Views...
2025-04-29 15:38:29,670 | MainThread   | [INFO    ] | populate_views      |:  | Precaching Time: 1.468 secs
2025-04-29 15:38:29,671 | MainThread   | [INFO    ] | init_uniform_distribution|: Initializing beliefs with a Uniform Distribution
2025-04-29 15:38:29,672 | MainThread   | [INFO    ] | init_uniform_distribution|: Uniform Belief with each cell value: 0.00051440329218107
2025-04-29 15:41:46,763 | MainThread   | [INFO    ] | populate_views      |:  | Number of observations per grid cell: 18
2025-04-29 15:41:46,765 | MainThread   | [INFO    ] | populate_views      |:  | Precaching Views...
2025-04-29 15:41:48,896 | MainThread   | [INFO    ] | populate_views      |:  | Precaching Time: 2.129 secs
2025-04-29 15:41:48,914 | MainThread   | [INFO    ] | init_uniform_distribution|: Initializing beliefs with a Uniform Distribution
2025-04-29 15:41:48,916 | MainThread   | [INFO    ] | init_uniform_distribution|: Uniform Belief with each cell value: 0.00051440329218107
2025-04-29 15:42:00,774 | MainThread   | [INFO    ] | init_uniform_distribution|: Initializing beliefs with a Uniform Distribution
2025-04-29 15:42:00,775 | MainThread   | [INFO    ] | init_uniform_distribution|: Uniform Belief with each cell value: 0.00051440329218107
2025-04-29 15:43:30,961 | MainThread   | [INFO    ] | populate_views      |:  | Number of observations per grid cell: 18
2025-04-29 15:43:30,962 | MainThread   | [INFO    ] | populate_views      |:  | Precaching Views...
2025-04-29 15:43:32,546 | MainThread   | [INFO    ] | populate_views      |:  | Precaching Time: 1.583 secs
2025-04-29 15:43:32,561 | MainThread   | [INFO    ] | init_uniform_distribution|: Initializing beliefs with a Uniform Distribution
2025-04-29 15:43:32,563 | MainThread   | [INFO    ] | init_uniform_distribution|: Uniform Belief with each cell value: 0.00051440329218107
2025-04-29 15:43:34,806 | MainThread   | [INFO    ] | init_uniform_distribution|: Initializing beliefs with a Uniform Distribution
2025-04-29 15:43:34,807 | MainThread   | [INFO    ] | init_uniform_distribution|: Uniform Belief with each cell value: 0.00051440329218107
2025-04-29 15:45:28,142 | MainThread   | [INFO    ] | populate_views      |:  | Number of observations per grid cell: 18
2025-04-29 15:45:28,143 | MainThread   | [INFO    ] | populate_views      |:  | Precaching Views...
2025-04-29 15:45:29,357 | MainThread   | [INFO    ] | populate_views      |:  | Precaching Time: 1.213 secs
2025-04-29 15:45:29,360 | MainThread   | [INFO    ] | init_uniform_distribution|: Initializing beliefs with a Uniform Distribution
2025-04-29 15:45:29,361 | MainThread   | [INFO    ] | init_uniform_distribution|: Uniform Belief with each cell value: 0.00051440329218107
2025-04-29 15:45:32,023 | MainThread   | [INFO    ] | init_uniform_distribution|: Initializing beliefs with a Uniform Distribution
2025-04-29 15:45:32,024 | MainThread   | [INFO    ] | init_uniform_distribution|: Uniform Belief with each cell value: 0.00051440329218107
2025-04-29 15:46:11,112 | MainThread   | [INFO    ] | init_uniform_distribution|: Initializing beliefs with a Uniform Distribution
2025-04-29 15:46:11,115 | MainThread   | [INFO    ] | init_uniform_distribution|: Uniform Belief with each cell value: 0.00051440329218107
2025-04-29 15:47:41,022 | MainThread   | [INFO    ] | populate_views      |:  | Number of observations per grid cell: 18
2025-04-29 15:47:41,031 | MainThread   | [INFO    ] | populate_views      |:  | Precaching Views...
2025-04-29 15:47:42,374 | MainThread   | [INFO    ] | populate_views      |:  | Precaching Time: 1.342 secs
2025-04-29 15:47:42,376 | MainThread   | [INFO    ] | init_uniform_distribution|: Initializing beliefs with a Uniform Distribution
2025-04-29 15:47:42,376 | MainThread   | [INFO    ] | init_uniform_distribution|: Uniform Belief with each cell value: 0.00051440329218107
2025-04-29 15:48:00,342 | MainThread   | [INFO    ] | init_uniform_distribution|: Initializing beliefs with a Uniform Distribution
2025-04-29 15:48:00,344 | MainThread   | [INFO    ] | init_uniform_distribution|: Uniform Belief with each cell value: 0.00051440329218107
2025-04-29 15:50:06,375 | MainThread   | [INFO    ] | init_uniform_distribution|: Initializing beliefs with a Uniform Distribution
2025-04-29 15:50:06,378 | MainThread   | [INFO    ] | init_uniform_distribution|: Uniform Belief with each cell value: 0.00051440329218107
2025-04-29 15:50:31,467 | MainThread   | [INFO    ] | init_uniform_distribution|: Initializing beliefs with a Uniform Distribution
2025-04-29 15:50:31,469 | MainThread   | [INFO    ] | init_uniform_distribution|: Uniform Belief with each cell value: 0.00051440329218107
2025-04-29 15:50:45,841 | MainThread   | [INFO    ] | init_uniform_distribution|: Initializing beliefs with a Uniform Distribution
2025-04-29 15:50:45,843 | MainThread   | [INFO    ] | init_uniform_distribution|: Uniform Belief with each cell value: 0.00051440329218107
2025-04-29 15:52:47,073 | MainThread   | [INFO    ] | populate_views      |:  | Number of observations per grid cell: 18
2025-04-29 15:52:47,075 | MainThread   | [INFO    ] | populate_views      |:  | Precaching Views...
2025-04-29 15:52:48,439 | MainThread   | [INFO    ] | populate_views      |:  | Precaching Time: 1.363 secs
2025-04-29 15:52:48,441 | MainThread   | [INFO    ] | init_uniform_distribution|: Initializing beliefs with a Uniform Distribution
2025-04-29 15:52:48,443 | MainThread   | [INFO    ] | init_uniform_distribution|: Uniform Belief with each cell value: 0.00051440329218107
2025-04-29 15:52:59,675 | MainThread   | [INFO    ] | init_uniform_distribution|: Initializing beliefs with a Uniform Distribution
2025-04-29 15:52:59,676 | MainThread   | [INFO    ] | init_uniform_distribution|: Uniform Belief with each cell value: 0.00051440329218107
2025-04-29 15:53:41,215 | MainThread   | [INFO    ] | populate_views      |:  | Number of observations per grid cell: 18
2025-04-29 15:53:41,217 | MainThread   | [INFO    ] | populate_views      |:  | Precaching Views...
2025-04-29 15:53:42,414 | MainThread   | [INFO    ] | populate_views      |:  | Precaching Time: 1.196 secs
2025-04-29 15:53:42,415 | MainThread   | [INFO    ] | init_uniform_distribution|: Initializing beliefs with a Uniform Distribution
2025-04-29 15:53:42,416 | MainThread   | [INFO    ] | init_uniform_distribution|: Uniform Belief with each cell value: 0.00051440329218107
2025-04-29 15:53:44,601 | MainThread   | [INFO    ] | init_uniform_distribution|: Initializing beliefs with a Uniform Distribution
2025-04-29 15:53:44,602 | MainThread   | [INFO    ] | init_uniform_distribution|: Uniform Belief with each cell value: 0.00051440329218107
2025-04-29 15:54:02,891 | MainThread   | [INFO    ] | populate_views      |:  | Number of observations per grid cell: 18
2025-04-29 15:54:02,892 | MainThread   | [INFO    ] | populate_views      |:  | Precaching Views...
2025-04-29 15:54:04,067 | MainThread   | [INFO    ] | populate_views      |:  | Precaching Time: 1.175 secs
2025-04-29 15:54:04,068 | MainThread   | [INFO    ] | init_uniform_distribution|: Initializing beliefs with a Uniform Distribution
2025-04-29 15:54:04,069 | MainThread   | [INFO    ] | init_uniform_distribution|: Uniform Belief with each cell value: 0.00051440329218107
2025-04-29 15:54:05,988 | MainThread   | [INFO    ] | init_uniform_distribution|: Initializing beliefs with a Uniform Distribution
2025-04-29 15:54:05,989 | MainThread   | [INFO    ] | init_uniform_distribution|: Uniform Belief with each cell value: 0.00051440329218107
2025-04-29 15:54:27,980 | MainThread   | [INFO    ] | populate_views      |:  | Number of observations per grid cell: 18
2025-04-29 15:54:27,981 | MainThread   | [INFO    ] | populate_views      |:  | Precaching Views...
2025-04-29 15:54:29,172 | MainThread   | [INFO    ] | populate_views      |:  | Precaching Time: 1.190 secs
2025-04-29 15:54:29,173 | MainThread   | [INFO    ] | init_uniform_distribution|: Initializing beliefs with a Uniform Distribution
2025-04-29 15:54:29,173 | MainThread   | [INFO    ] | init_uniform_distribution|: Uniform Belief with each cell value: 0.00051440329218107
2025-04-29 15:54:36,253 | MainThread   | [INFO    ] | init_uniform_distribution|: Initializing beliefs with a Uniform Distribution
2025-04-29 15:54:36,257 | MainThread   | [INFO    ] | init_uniform_distribution|: Uniform Belief with each cell value: 0.00051440329218107
2025-04-29 15:55:24,438 | MainThread   | [INFO    ] | init_uniform_distribution|: Initializing beliefs with a Uniform Distribution
2025-04-29 15:55:24,441 | MainThread   | [INFO    ] | init_uniform_distribution|: Uniform Belief with each cell value: 0.00051440329218107
2025-04-29 15:56:17,156 | MainThread   | [INFO    ] | init_uniform_distribution|: Initializing beliefs with a Uniform Distribution
2025-04-29 15:56:17,158 | MainThread   | [INFO    ] | init_uniform_distribution|: Uniform Belief with each cell value: 0.00051440329218107
2025-04-29 15:57:03,530 | MainThread   | [INFO    ] | populate_views      |:  | Number of observations per grid cell: 18
2025-04-29 15:57:03,531 | MainThread   | [INFO    ] | populate_views      |:  | Precaching Views...
2025-04-29 15:57:04,803 | MainThread   | [INFO    ] | populate_views      |:  | Precaching Time: 1.271 secs
2025-04-29 15:57:04,804 | MainThread   | [INFO    ] | init_uniform_distribution|: Initializing beliefs with a Uniform Distribution
2025-04-29 15:57:04,805 | MainThread   | [INFO    ] | init_uniform_distribution|: Uniform Belief with each cell value: 0.00051440329218107
2025-04-29 15:57:08,650 | MainThread   | [INFO    ] | init_uniform_distribution|: Initializing beliefs with a Uniform Distribution
2025-04-29 15:57:08,651 | MainThread   | [INFO    ] | init_uniform_distribution|: Uniform Belief with each cell value: 0.00051440329218107
2025-04-29 15:57:32,933 | MainThread   | [INFO    ] | init_uniform_distribution|: Initializing beliefs with a Uniform Distribution
2025-04-29 15:57:32,935 | MainThread   | [INFO    ] | init_uniform_distribution|: Uniform Belief with each cell value: 0.00051440329218107
2025-04-29 15:58:08,832 | MainThread   | [INFO    ] | populate_views      |:  | Number of observations per grid cell: 18
2025-04-29 15:58:08,833 | MainThread   | [INFO    ] | populate_views      |:  | Precaching Views...
2025-04-29 15:58:10,152 | MainThread   | [INFO    ] | populate_views      |:  | Precaching Time: 1.318 secs
2025-04-29 15:58:10,153 | MainThread   | [INFO    ] | init_uniform_distribution|: Initializing beliefs with a Uniform Distribution
2025-04-29 15:58:10,154 | MainThread   | [INFO    ] | init_uniform_distribution|: Uniform Belief with each cell value: 0.00051440329218107
2025-04-29 15:58:13,379 | MainThread   | [INFO    ] | init_uniform_distribution|: Initializing beliefs with a Uniform Distribution
2025-04-29 15:58:13,382 | MainThread   | [INFO    ] | init_uniform_distribution|: Uniform Belief with each cell value: 0.00051440329218107
2025-04-29 16:02:27,435 | MainThread   | [INFO    ] | populate_views      |:  | Number of observations per grid cell: 18
2025-04-29 16:02:27,437 | MainThread   | [INFO    ] | populate_views      |:  | Precaching Views...
2025-04-29 16:02:28,719 | MainThread   | [INFO    ] | populate_views      |:  | Precaching Time: 1.281 secs
2025-04-29 16:02:28,720 | MainThread   | [INFO    ] | init_uniform_distribution|: Initializing beliefs with a Uniform Distribution
2025-04-29 16:02:28,721 | MainThread   | [INFO    ] | init_uniform_distribution|: Uniform Belief with each cell value: 0.00051440329218107
2025-04-29 16:03:05,636 | MainThread   | [INFO    ] | init_uniform_distribution|: Initializing beliefs with a Uniform Distribution
2025-04-29 16:03:05,641 | MainThread   | [INFO    ] | init_uniform_distribution|: Uniform Belief with each cell value: 0.00051440329218107
2025-04-29 16:03:48,200 | MainThread   | [INFO    ] | init_uniform_distribution|: Initializing beliefs with a Uniform Distribution
2025-04-29 16:03:48,202 | MainThread   | [INFO    ] | init_uniform_distribution|: Uniform Belief with each cell value: 0.00051440329218107
2025-04-29 16:03:57,716 | MainThread   | [INFO    ] | populate_views      |:  | Number of observations per grid cell: 18
2025-04-29 16:03:57,717 | MainThread   | [INFO    ] | populate_views      |:  | Precaching Views...
2025-04-29 16:03:58,958 | MainThread   | [INFO    ] | populate_views      |:  | Precaching Time: 1.240 secs
2025-04-29 16:03:58,959 | MainThread   | [INFO    ] | init_uniform_distribution|: Initializing beliefs with a Uniform Distribution
2025-04-29 16:03:58,960 | MainThread   | [INFO    ] | init_uniform_distribution|: Uniform Belief with each cell value: 0.00051440329218107
2025-04-29 16:04:01,401 | MainThread   | [INFO    ] | init_uniform_distribution|: Initializing beliefs with a Uniform Distribution
2025-04-29 16:04:01,402 | MainThread   | [INFO    ] | init_uniform_distribution|: Uniform Belief with each cell value: 0.00051440329218107
2025-04-29 16:05:21,934 | MainThread   | [INFO    ] | populate_views      |:  | Number of observations per grid cell: 18
2025-04-29 16:05:21,936 | MainThread   | [INFO    ] | populate_views      |:  | Precaching Views...
2025-04-29 16:05:23,137 | MainThread   | [INFO    ] | populate_views      |:  | Precaching Time: 1.200 secs
2025-04-29 16:05:23,138 | MainThread   | [INFO    ] | init_uniform_distribution|: Initializing beliefs with a Uniform Distribution
2025-04-29 16:05:23,139 | MainThread   | [INFO    ] | init_uniform_distribution|: Uniform Belief with each cell value: 0.00051440329218107
2025-04-29 16:05:26,738 | MainThread   | [INFO    ] | init_uniform_distribution|: Initializing beliefs with a Uniform Distribution
2025-04-29 16:05:26,740 | MainThread   | [INFO    ] | init_uniform_distribution|: Uniform Belief with each cell value: 0.00051440329218107
2025-04-29 16:06:23,792 | MainThread   | [INFO    ] | populate_views      |:  | Number of observations per grid cell: 18
2025-04-29 16:06:23,793 | MainThread   | [INFO    ] | populate_views      |:  | Precaching Views...
2025-04-29 16:06:25,133 | MainThread   | [INFO    ] | populate_views      |:  | Precaching Time: 1.339 secs
2025-04-29 16:06:25,133 | MainThread   | [INFO    ] | init_uniform_distribution|: Initializing beliefs with a Uniform Distribution
2025-04-29 16:06:25,135 | MainThread   | [INFO    ] | init_uniform_distribution|: Uniform Belief with each cell value: 0.00051440329218107
2025-04-29 16:07:29,196 | MainThread   | [INFO    ] | populate_views      |:  | Number of observations per grid cell: 18
2025-04-29 16:07:29,199 | MainThread   | [INFO    ] | populate_views      |:  | Precaching Views...
2025-04-29 16:07:30,403 | MainThread   | [INFO    ] | populate_views      |:  | Precaching Time: 1.202 secs
2025-04-29 16:07:30,405 | MainThread   | [INFO    ] | init_uniform_distribution|: Initializing beliefs with a Uniform Distribution
2025-04-29 16:07:30,406 | MainThread   | [INFO    ] | init_uniform_distribution|: Uniform Belief with each cell value: 0.00051440329218107
2025-04-29 16:07:34,304 | MainThread   | [INFO    ] | init_uniform_distribution|: Initializing beliefs with a Uniform Distribution
2025-04-29 16:07:34,305 | MainThread   | [INFO    ] | init_uniform_distribution|: Uniform Belief with each cell value: 0.00051440329218107
2025-04-29 16:09:46,799 | MainThread   | [INFO    ] | populate_views      |:  | Number of observations per grid cell: 18
2025-04-29 16:09:46,801 | MainThread   | [INFO    ] | populate_views      |:  | Precaching Views...
2025-04-29 16:09:47,976 | MainThread   | [INFO    ] | populate_views      |:  | Precaching Time: 1.175 secs
2025-04-29 16:09:47,978 | MainThread   | [INFO    ] | init_uniform_distribution|: Initializing beliefs with a Uniform Distribution
2025-04-29 16:09:47,979 | MainThread   | [INFO    ] | init_uniform_distribution|: Uniform Belief with each cell value: 0.00051440329218107
2025-04-29 16:10:06,993 | MainThread   | [INFO    ] | init_uniform_distribution|: Initializing beliefs with a Uniform Distribution
2025-04-29 16:10:06,994 | MainThread   | [INFO    ] | init_uniform_distribution|: Uniform Belief with each cell value: 0.00051440329218107
2025-04-29 16:11:01,929 | MainThread   | [INFO    ] | populate_views      |:  | Number of observations per grid cell: 18
2025-04-29 16:11:01,931 | MainThread   | [INFO    ] | populate_views      |:  | Precaching Views...
2025-04-29 16:11:03,178 | MainThread   | [INFO    ] | populate_views      |:  | Precaching Time: 1.246 secs
2025-04-29 16:11:03,179 | MainThread   | [INFO    ] | init_uniform_distribution|: Initializing beliefs with a Uniform Distribution
2025-04-29 16:11:03,180 | MainThread   | [INFO    ] | init_uniform_distribution|: Uniform Belief with each cell value: 0.00051440329218107
2025-04-29 16:11:18,749 | MainThread   | [INFO    ] | init_uniform_distribution|: Initializing beliefs with a Uniform Distribution
2025-04-29 16:11:18,751 | MainThread   | [INFO    ] | init_uniform_distribution|: Uniform Belief with each cell value: 0.00051440329218107
2025-04-29 16:12:35,911 | MainThread   | [INFO    ] | populate_views      |:  | Number of observations per grid cell: 18
2025-04-29 16:12:35,913 | MainThread   | [INFO    ] | populate_views      |:  | Precaching Views...
2025-04-29 16:12:37,172 | MainThread   | [INFO    ] | populate_views      |:  | Precaching Time: 1.258 secs
2025-04-29 16:12:37,173 | MainThread   | [INFO    ] | init_uniform_distribution|: Initializing beliefs with a Uniform Distribution
2025-04-29 16:12:37,174 | MainThread   | [INFO    ] | init_uniform_distribution|: Uniform Belief with each cell value: 0.00051440329218107
2025-04-29 16:12:49,566 | MainThread   | [INFO    ] | init_uniform_distribution|: Initializing beliefs with a Uniform Distribution
2025-04-29 16:12:49,568 | MainThread   | [INFO    ] | init_uniform_distribution|: Uniform Belief with each cell value: 0.00051440329218107
2025-04-29 16:13:44,951 | MainThread   | [INFO    ] | populate_views      |:  | Number of observations per grid cell: 18
2025-04-29 16:13:44,954 | MainThread   | [INFO    ] | populate_views      |:  | Precaching Views...
2025-04-29 16:13:46,200 | MainThread   | [INFO    ] | populate_views      |:  | Precaching Time: 1.245 secs
2025-04-29 16:13:46,201 | MainThread   | [INFO    ] | init_uniform_distribution|: Initializing beliefs with a Uniform Distribution
2025-04-29 16:13:46,201 | MainThread   | [INFO    ] | init_uniform_distribution|: Uniform Belief with each cell value: 0.00051440329218107
2025-04-29 16:13:55,038 | MainThread   | [INFO    ] | init_uniform_distribution|: Initializing beliefs with a Uniform Distribution
2025-04-29 16:13:55,039 | MainThread   | [INFO    ] | init_uniform_distribution|: Uniform Belief with each cell value: 0.00051440329218107
2025-04-29 16:16:20,441 | MainThread   | [INFO    ] | populate_views      |:  | Number of observations per grid cell: 18
2025-04-29 16:16:20,443 | MainThread   | [INFO    ] | populate_views      |:  | Precaching Views...
2025-04-29 16:16:21,718 | MainThread   | [INFO    ] | populate_views      |:  | Precaching Time: 1.274 secs
2025-04-29 16:16:21,719 | MainThread   | [INFO    ] | init_uniform_distribution|: Initializing beliefs with a Uniform Distribution
2025-04-29 16:16:21,719 | MainThread   | [INFO    ] | init_uniform_distribution|: Uniform Belief with each cell value: 0.00051440329218107
2025-04-29 16:16:28,273 | MainThread   | [INFO    ] | init_uniform_distribution|: Initializing beliefs with a Uniform Distribution
2025-04-29 16:16:28,275 | MainThread   | [INFO    ] | init_uniform_distribution|: Uniform Belief with each cell value: 0.00051440329218107
2025-04-29 16:17:05,586 | MainThread   | [INFO    ] | populate_views      |:  | Number of observations per grid cell: 18
2025-04-29 16:17:05,587 | MainThread   | [INFO    ] | populate_views      |:  | Precaching Views...
2025-04-29 16:17:06,756 | MainThread   | [INFO    ] | populate_views      |:  | Precaching Time: 1.168 secs
2025-04-29 16:17:06,757 | MainThread   | [INFO    ] | init_uniform_distribution|: Initializing beliefs with a Uniform Distribution
2025-04-29 16:17:06,758 | MainThread   | [INFO    ] | init_uniform_distribution|: Uniform Belief with each cell value: 0.00051440329218107
2025-04-29 16:17:15,714 | MainThread   | [INFO    ] | init_uniform_distribution|: Initializing beliefs with a Uniform Distribution
2025-04-29 16:17:15,716 | MainThread   | [INFO    ] | init_uniform_distribution|: Uniform Belief with each cell value: 0.00051440329218107
2025-04-29 16:18:15,798 | MainThread   | [INFO    ] | populate_views      |:  | Number of observations per grid cell: 18
2025-04-29 16:18:15,802 | MainThread   | [INFO    ] | populate_views      |:  | Precaching Views...
2025-04-29 16:18:17,031 | MainThread   | [INFO    ] | populate_views      |:  | Precaching Time: 1.227 secs
2025-04-29 16:18:17,032 | MainThread   | [INFO    ] | init_uniform_distribution|: Initializing beliefs with a Uniform Distribution
2025-04-29 16:18:17,033 | MainThread   | [INFO    ] | init_uniform_distribution|: Uniform Belief with each cell value: 0.00051440329218107
2025-04-29 16:18:26,765 | MainThread   | [INFO    ] | init_uniform_distribution|: Initializing beliefs with a Uniform Distribution
2025-04-29 16:18:26,767 | MainThread   | [INFO    ] | init_uniform_distribution|: Uniform Belief with each cell value: 0.00051440329218107
2025-04-29 16:19:40,469 | MainThread   | [INFO    ] | populate_views      |:  | Number of observations per grid cell: 18
2025-04-29 16:19:40,470 | MainThread   | [INFO    ] | populate_views      |:  | Precaching Views...
2025-04-29 16:19:41,706 | MainThread   | [INFO    ] | populate_views      |:  | Precaching Time: 1.235 secs
2025-04-29 16:19:41,708 | MainThread   | [INFO    ] | init_uniform_distribution|: Initializing beliefs with a Uniform Distribution
2025-04-29 16:19:41,708 | MainThread   | [INFO    ] | init_uniform_distribution|: Uniform Belief with each cell value: 0.00051440329218107
2025-04-29 16:19:49,533 | MainThread   | [INFO    ] | init_uniform_distribution|: Initializing beliefs with a Uniform Distribution
2025-04-29 16:19:49,535 | MainThread   | [INFO    ] | init_uniform_distribution|: Uniform Belief with each cell value: 0.00051440329218107
2025-04-29 16:22:12,119 | MainThread   | [INFO    ] | populate_views      |:  | Number of observations per grid cell: 18
2025-04-29 16:22:12,120 | MainThread   | [INFO    ] | populate_views      |:  | Precaching Views...
2025-04-29 16:22:13,306 | MainThread   | [INFO    ] | populate_views      |:  | Precaching Time: 1.186 secs
2025-04-29 16:22:13,308 | MainThread   | [INFO    ] | init_uniform_distribution|: Initializing beliefs with a Uniform Distribution
2025-04-29 16:22:13,308 | MainThread   | [INFO    ] | init_uniform_distribution|: Uniform Belief with each cell value: 0.00051440329218107
2025-04-29 16:22:30,161 | MainThread   | [INFO    ] | init_uniform_distribution|: Initializing beliefs with a Uniform Distribution
2025-04-29 16:22:30,168 | MainThread   | [INFO    ] | init_uniform_distribution|: Uniform Belief with each cell value: 0.00051440329218107
