2025-01-21 16:12:41,938 | MainThread   | [DEBUG   ] | <module>            |: debug
2025-01-21 16:12:41,940 | MainThread   | [INFO    ] | <module>            |: info
2025-01-21 16:12:41,941 | MainThread   | [WARNING ] | <module>            |: warning
2025-01-21 16:12:41,942 | MainThread   | [ERROR   ] | <module>            |: error
2025-01-21 16:12:41,943 | MainThread   | [CRITICAL] | <module>            |: critical
2025-01-21 16:12:53,811 | MainThread   | [DEBUG   ] | __init__            |: Python Info: sys.version_info(major=3, minor=13, micro=1, releaselevel='final', serial=0)
2025-01-21 16:12:53,811 | MainThread   | [DEBUG   ] | __init__            |: System Info: macOS-14.1-arm64-arm-64bit-Mach-O
2025-01-21 16:12:53,811 | MainThread   | [INFO    ] | _connect            |: Looking for Artemis Nano Peripheral Device: C0:81:8D:26:04:64
2025-01-21 16:13:00,602 | MainThread   | [INFO    ] | _connect            |: Looking for Artemis Nano Peripheral Device: C0:81:8D:26:04:64
2025-01-21 16:13:03,580 | MainThread   | [INFO    ] | _connect            |: Connected to C0:81:8D:26:04:64
2025-01-21 16:15:16,092 | MainThread   | [INFO    ] | disconnect_handler  |: Disconnected from 1EFFEDB9-73BA-9396-D724-47E443C12C76
2025-01-27 11:16:58,907 | MainThread   | [DEBUG   ] | __init__            |: Python Info: sys.version_info(major=3, minor=13, micro=1, releaselevel='final', serial=0)
2025-01-27 11:16:58,907 | MainThread   | [DEBUG   ] | __init__            |: System Info: macOS-14.1-arm64-arm-64bit-Mach-O
2025-01-27 11:16:58,907 | MainThread   | [INFO    ] | _connect            |: Looking for Artemis Nano Peripheral Device: C0:81:8D:26:04:64
2025-01-27 11:17:02,096 | MainThread   | [INFO    ] | _connect            |: Connected to C0:81:8D:26:04:64
2025-01-27 11:21:23,460 | MainThread   | [INFO    ] | disconnect_handler  |: Disconnected from 1EFFEDB9-73BA-9396-D724-47E443C12C76
2025-01-27 11:21:42,060 | MainThread   | [DEBUG   ] | __init__            |: Python Info: sys.version_info(major=3, minor=13, micro=1, releaselevel='final', serial=0)
2025-01-27 11:21:42,061 | MainThread   | [DEBUG   ] | __init__            |: System Info: macOS-14.1-arm64-arm-64bit-Mach-O
2025-01-27 11:21:42,061 | MainThread   | [INFO    ] | _connect            |: Looking for Artemis Nano Peripheral Device: C0:81:8D:26:04:64
2025-01-27 11:21:45,448 | MainThread   | [INFO    ] | _connect            |: Connected to C0:81:8D:26:04:64
2025-01-27 11:23:03,903 | MainThread   | [INFO    ] | disconnect_handler  |: Disconnected from 1EFFEDB9-73BA-9396-D724-47E443C12C76
2025-01-27 11:23:34,789 | MainThread   | [INFO    ] | _connect            |: Looking for Artemis Nano Peripheral Device: C0:81:8D:26:04:64
2025-01-27 11:23:37,827 | MainThread   | [INFO    ] | _connect            |: Connected to C0:81:8D:26:04:64
2025-01-27 11:28:52,643 | MainThread   | [INFO    ] | disconnect_handler  |: Disconnected from 1EFFEDB9-73BA-9396-D724-47E443C12C76
2025-01-27 11:30:30,456 | MainThread   | [INFO    ] | _connect            |: Looking for Artemis Nano Peripheral Device: C0:81:8D:26:04:64
2025-01-27 11:30:33,806 | MainThread   | [INFO    ] | _connect            |: Connected to C0:81:8D:26:04:64
2025-01-27 11:31:22,797 | MainThread   | [INFO    ] | disconnect_handler  |: Disconnected from 1EFFEDB9-73BA-9396-D724-47E443C12C76
2025-01-27 11:31:36,898 | MainThread   | [INFO    ] | _connect            |: Looking for Artemis Nano Peripheral Device: C0:81:8D:26:04:64
2025-01-27 11:31:39,838 | MainThread   | [INFO    ] | _connect            |: Connected to C0:81:8D:26:04:64
2025-01-27 11:43:52,100 | MainThread   | [INFO    ] | disconnect_handler  |: Disconnected from 1EFFEDB9-73BA-9396-D724-47E443C12C76
2025-01-27 11:44:10,785 | MainThread   | [INFO    ] | _connect            |: Looking for Artemis Nano Peripheral Device: C0:81:8D:26:04:64
2025-01-27 11:44:13,867 | MainThread   | [INFO    ] | _connect            |: Connected to C0:81:8D:26:04:64
2025-01-27 11:58:22,237 | MainThread   | [INFO    ] | disconnect_handler  |: Disconnected from 1EFFEDB9-73BA-9396-D724-47E443C12C76
2025-01-27 11:58:52,529 | MainThread   | [INFO    ] | _connect            |: Looking for Artemis Nano Peripheral Device: C0:81:8D:26:04:64
2025-01-27 11:58:55,471 | MainThread   | [INFO    ] | _connect            |: Connected to C0:81:8D:26:04:64
2025-01-27 12:00:56,354 | MainThread   | [INFO    ] | _connect            |: Already connected to a BLE device
2025-01-27 12:14:46,418 | MainThread   | [INFO    ] | disconnect_handler  |: Disconnected from 1EFFEDB9-73BA-9396-D724-47E443C12C76
2025-01-27 12:14:58,840 | MainThread   | [INFO    ] | _connect            |: Looking for Artemis Nano Peripheral Device: C0:81:8D:26:04:64
2025-01-27 12:15:02,453 | MainThread   | [INFO    ] | _connect            |: Connected to C0:81:8D:26:04:64
2025-01-27 12:18:51,210 | MainThread   | [INFO    ] | _connect            |: Looking for Artemis Nano Peripheral Device: C0:81:8D:26:04:64
2025-01-27 12:19:27,284 | MainThread   | [INFO    ] | _connect            |: Looking for Artemis Nano Peripheral Device: C0:81:8D:26:04:64
2025-01-27 12:19:50,637 | MainThread   | [INFO    ] | disconnect_handler  |: Disconnected from 1EFFEDB9-73BA-9396-D724-47E443C12C76
2025-01-27 12:21:26,873 | MainThread   | [INFO    ] | _connect            |: Looking for Artemis Nano Peripheral Device: C0:81:8D:26:04:64
2025-01-27 12:21:29,887 | MainThread   | [INFO    ] | _connect            |: Connected to C0:81:8D:26:04:64
2025-01-27 12:29:13,727 | MainThread   | [INFO    ] | exit_handler        |: Exiting...
2025-01-27 12:29:13,744 | MainThread   | [WARNING ] | exit_handler        |: Could not disconnect before exiting
2025-01-27 12:29:13,745 | MainThread   | [WARNING ] | exit_handler        |: Not connected to a BLE device
2025-01-27 12:29:13,864 | MainThread   | [WARNING ] | __del__             |: Could not delete BaseBLEController instance before exiting
2025-01-27 12:29:27,926 | MainThread   | [INFO    ] | disconnect_handler  |: Disconnected from 1EFFEDB9-73BA-9396-D724-47E443C12C76
2025-01-27 12:29:31,161 | MainThread   | [INFO    ] | _connect            |: Looking for Artemis Nano Peripheral Device: C0:81:8D:26:04:64
2025-01-27 12:29:34,238 | MainThread   | [INFO    ] | _connect            |: Connected to C0:81:8D:26:04:64
2025-01-27 12:36:50,374 | MainThread   | [INFO    ] | disconnect_handler  |: Disconnected from 1EFFEDB9-73BA-9396-D724-47E443C12C76
2025-01-27 12:39:51,501 | MainThread   | [INFO    ] | _connect            |: Looking for Artemis Nano Peripheral Device: C0:81:8D:26:04:64
2025-01-27 12:40:11,274 | MainThread   | [INFO    ] | _connect            |: Already connected to a BLE device
2025-01-27 12:40:35,259 | MainThread   | [INFO    ] | _connect            |: Looking for Artemis Nano Peripheral Device: C0:81:8D:26:04:64
2025-01-27 12:44:19,630 | MainThread   | [INFO    ] | _connect            |: Looking for Artemis Nano Peripheral Device: C0:81:8D:26:04:64
2025-01-27 12:44:22,518 | MainThread   | [INFO    ] | _connect            |: Connected to C0:81:8D:26:04:64
2025-01-27 12:47:10,805 | MainThread   | [INFO    ] | disconnect_handler  |: Disconnected from 1EFFEDB9-73BA-9396-D724-47E443C12C76
2025-01-27 12:48:11,649 | MainThread   | [INFO    ] | _connect            |: Looking for Artemis Nano Peripheral Device: C0:81:8D:26:04:64
2025-01-27 12:48:14,751 | MainThread   | [INFO    ] | _connect            |: Connected to C0:81:8D:26:04:64
2025-01-27 13:04:43,913 | MainThread   | [INFO    ] | disconnect_handler  |: Disconnected from 1EFFEDB9-73BA-9396-D724-47E443C12C76
2025-01-27 13:13:25,089 | MainThread   | [INFO    ] | _connect            |: Looking for Artemis Nano Peripheral Device: C0:81:8D:26:04:64
2025-01-27 13:13:28,092 | MainThread   | [INFO    ] | _connect            |: Connected to C0:81:8D:26:04:64
2025-01-27 13:24:50,749 | MainThread   | [INFO    ] | disconnect_handler  |: Disconnected from 1EFFEDB9-73BA-9396-D724-47E443C12C76
2025-01-27 13:30:01,821 | MainThread   | [INFO    ] | _connect            |: Looking for Artemis Nano Peripheral Device: C0:81:8D:26:04:64
2025-01-27 13:30:05,177 | MainThread   | [INFO    ] | _connect            |: Connected to C0:81:8D:26:04:64
2025-01-27 13:34:48,801 | MainThread   | [INFO    ] | disconnect_handler  |: Disconnected from 1EFFEDB9-73BA-9396-D724-47E443C12C76
2025-01-27 13:34:59,435 | MainThread   | [INFO    ] | _connect            |: Looking for Artemis Nano Peripheral Device: C0:81:8D:26:04:64
2025-01-27 13:35:02,719 | MainThread   | [INFO    ] | _connect            |: Connected to C0:81:8D:26:04:64
2025-01-27 13:36:42,122 | MainThread   | [INFO    ] | disconnect_handler  |: Disconnected from 1EFFEDB9-73BA-9396-D724-47E443C12C76
2025-01-27 13:38:41,172 | MainThread   | [INFO    ] | _connect            |: Looking for Artemis Nano Peripheral Device: C0:81:8D:26:04:64
2025-01-27 13:38:44,150 | MainThread   | [INFO    ] | _connect            |: Connected to C0:81:8D:26:04:64
2025-01-27 13:52:53,316 | MainThread   | [INFO    ] | disconnect_handler  |: Disconnected from 1EFFEDB9-73BA-9396-D724-47E443C12C76
2025-01-27 13:54:58,666 | MainThread   | [INFO    ] | _connect            |: Looking for Artemis Nano Peripheral Device: C0:81:8D:26:04:64
2025-01-27 13:55:01,651 | MainThread   | [INFO    ] | _connect            |: Connected to C0:81:8D:26:04:64
2025-01-27 14:00:09,551 | MainThread   | [INFO    ] | _connect            |: Already connected to a BLE device
2025-01-27 14:03:02,143 | MainThread   | [INFO    ] | disconnect_handler  |: Disconnected from 1EFFEDB9-73BA-9396-D724-47E443C12C76
2025-01-27 14:03:10,138 | MainThread   | [INFO    ] | _connect            |: Looking for Artemis Nano Peripheral Device: C0:81:8D:26:04:64
2025-01-27 14:03:15,169 | MainThread   | [INFO    ] | _connect            |: Connected to C0:81:8D:26:04:64
2025-01-27 14:05:26,972 | MainThread   | [INFO    ] | disconnect_handler  |: Disconnected from 1EFFEDB9-73BA-9396-D724-47E443C12C76
2025-01-27 14:05:29,401 | MainThread   | [INFO    ] | _connect            |: Looking for Artemis Nano Peripheral Device: C0:81:8D:26:04:64
2025-01-27 14:05:40,760 | MainThread   | [INFO    ] | _connect            |: Connected to C0:81:8D:26:04:64
2025-01-27 14:11:28,596 | MainThread   | [INFO    ] | disconnect_handler  |: Disconnected from 1EFFEDB9-73BA-9396-D724-47E443C12C76
2025-01-27 14:12:35,450 | MainThread   | [INFO    ] | _connect            |: Looking for Artemis Nano Peripheral Device: C0:81:8D:26:04:64
2025-01-27 14:12:38,572 | MainThread   | [INFO    ] | _connect            |: Connected to C0:81:8D:26:04:64
2025-01-27 14:13:48,028 | MainThread   | [INFO    ] | disconnect_handler  |: Disconnected from 1EFFEDB9-73BA-9396-D724-47E443C12C76
2025-01-27 14:13:55,257 | MainThread   | [INFO    ] | _connect            |: Looking for Artemis Nano Peripheral Device: C0:81:8D:26:04:64
2025-01-27 14:14:00,233 | MainThread   | [INFO    ] | _connect            |: Connected to C0:81:8D:26:04:64
2025-01-27 14:14:17,820 | MainThread   | [INFO    ] | _connect            |: Already connected to a BLE device
2025-01-27 14:20:39,371 | MainThread   | [INFO    ] | disconnect_handler  |: Disconnected from 1EFFEDB9-73BA-9396-D724-47E443C12C76
2025-01-27 14:20:55,611 | MainThread   | [INFO    ] | _connect            |: Looking for Artemis Nano Peripheral Device: C0:81:8D:26:04:64
2025-01-27 14:20:58,530 | MainThread   | [INFO    ] | _connect            |: Connected to C0:81:8D:26:04:64
2025-01-27 14:22:40,356 | MainThread   | [INFO    ] | disconnect_handler  |: Disconnected from 1EFFEDB9-73BA-9396-D724-47E443C12C76
2025-01-27 14:22:59,534 | MainThread   | [INFO    ] | _connect            |: Looking for Artemis Nano Peripheral Device: C0:81:8D:26:04:64
2025-01-27 14:23:02,523 | MainThread   | [INFO    ] | _connect            |: Connected to C0:81:8D:26:04:64
2025-01-27 14:35:59,731 | MainThread   | [INFO    ] | disconnect_handler  |: Disconnected from 1EFFEDB9-73BA-9396-D724-47E443C12C76
2025-01-28 14:20:01,132 | MainThread   | [DEBUG   ] | __init__            |: Python Info: sys.version_info(major=3, minor=13, micro=1, releaselevel='final', serial=0)
2025-01-28 14:20:01,132 | MainThread   | [DEBUG   ] | __init__            |: System Info: macOS-14.1-arm64-arm-64bit-Mach-O
2025-01-28 14:20:01,133 | MainThread   | [INFO    ] | _connect            |: Looking for Artemis Nano Peripheral Device: C0:81:8D:26:04:64
2025-01-28 14:20:04,372 | MainThread   | [INFO    ] | _connect            |: Connected to C0:81:8D:26:04:64
2025-01-28 14:34:07,860 | MainThread   | [INFO    ] | disconnect_handler  |: Disconnected from 1EFFEDB9-73BA-9396-D724-47E443C12C76
2025-01-28 14:34:16,502 | MainThread   | [INFO    ] | _connect            |: Looking for Artemis Nano Peripheral Device: C0:81:8D:26:04:64
2025-01-28 14:34:21,540 | MainThread   | [INFO    ] | _connect            |: Connected to C0:81:8D:26:04:64
2025-01-28 14:37:51,003 | MainThread   | [INFO    ] | _connect            |: Already connected to a BLE device
2025-01-28 14:38:05,525 | MainThread   | [INFO    ] | disconnect_handler  |: Disconnected from 1EFFEDB9-73BA-9396-D724-47E443C12C76
2025-01-28 14:38:09,976 | MainThread   | [INFO    ] | _connect            |: Looking for Artemis Nano Peripheral Device: C0:81:8D:26:04:64
2025-01-28 14:38:18,960 | MainThread   | [INFO    ] | _connect            |: Connected to C0:81:8D:26:04:64
2025-01-28 14:42:50,414 | MainThread   | [INFO    ] | disconnect_handler  |: Disconnected from 1EFFEDB9-73BA-9396-D724-47E443C12C76
2025-01-28 14:43:09,506 | MainThread   | [INFO    ] | _connect            |: Looking for Artemis Nano Peripheral Device: C0:81:8D:26:04:64
2025-01-28 14:43:12,696 | MainThread   | [INFO    ] | _connect            |: Connected to C0:81:8D:26:04:64
2025-01-28 14:46:20,562 | MainThread   | [INFO    ] | disconnect_handler  |: Disconnected from 1EFFEDB9-73BA-9396-D724-47E443C12C76
2025-01-28 14:46:28,795 | MainThread   | [INFO    ] | _connect            |: Looking for Artemis Nano Peripheral Device: C0:81:8D:26:04:64
2025-01-28 14:46:33,724 | MainThread   | [INFO    ] | _connect            |: Connected to C0:81:8D:26:04:64
2025-01-28 14:48:38,119 | MainThread   | [INFO    ] | disconnect_handler  |: Disconnected from 1EFFEDB9-73BA-9396-D724-47E443C12C76
2025-01-28 14:49:06,455 | MainThread   | [INFO    ] | _connect            |: Looking for Artemis Nano Peripheral Device: C0:81:8D:26:04:64
2025-01-28 14:49:09,426 | MainThread   | [INFO    ] | _connect            |: Connected to C0:81:8D:26:04:64
2025-01-28 14:56:31,084 | MainThread   | [INFO    ] | _connect            |: Already connected to a BLE device
2025-01-28 14:56:46,728 | MainThread   | [INFO    ] | disconnect_handler  |: Disconnected from 1EFFEDB9-73BA-9396-D724-47E443C12C76
2025-01-28 14:56:50,341 | MainThread   | [INFO    ] | _connect            |: Looking for Artemis Nano Peripheral Device: C0:81:8D:26:04:64
2025-01-28 14:56:59,350 | MainThread   | [INFO    ] | _connect            |: Connected to C0:81:8D:26:04:64
2025-01-28 14:58:52,242 | MainThread   | [INFO    ] | disconnect_handler  |: Disconnected from 1EFFEDB9-73BA-9396-D724-47E443C12C76
2025-01-28 14:59:12,867 | MainThread   | [INFO    ] | _connect            |: Looking for Artemis Nano Peripheral Device: C0:81:8D:26:04:64
2025-01-28 14:59:15,793 | MainThread   | [INFO    ] | _connect            |: Connected to C0:81:8D:26:04:64
2025-01-28 15:00:51,564 | MainThread   | [INFO    ] | disconnect_handler  |: Disconnected from 1EFFEDB9-73BA-9396-D724-47E443C12C76
2025-01-28 15:00:59,589 | MainThread   | [INFO    ] | _connect            |: Looking for Artemis Nano Peripheral Device: C0:81:8D:26:04:64
2025-01-28 15:01:04,812 | MainThread   | [INFO    ] | _connect            |: Connected to C0:81:8D:26:04:64
2025-01-28 15:04:20,748 | MainThread   | [INFO    ] | disconnect_handler  |: Disconnected from 1EFFEDB9-73BA-9396-D724-47E443C12C76
2025-01-28 15:04:23,969 | MainThread   | [INFO    ] | _connect            |: Looking for Artemis Nano Peripheral Device: C0:81:8D:26:04:64
2025-01-28 15:04:33,343 | MainThread   | [INFO    ] | _connect            |: Connected to C0:81:8D:26:04:64
2025-01-28 15:07:43,293 | MainThread   | [INFO    ] | disconnect_handler  |: Disconnected from 1EFFEDB9-73BA-9396-D724-47E443C12C76
2025-01-28 15:09:21,741 | MainThread   | [INFO    ] | _connect            |: Looking for Artemis Nano Peripheral Device: C0:81:8D:26:04:64
2025-01-28 15:09:44,716 | MainThread   | [INFO    ] | _connect            |: Looking for Artemis Nano Peripheral Device: C0:81:8D:26:04:64
2025-01-28 15:09:57,403 | MainThread   | [INFO    ] | _connect            |: Looking for Artemis Nano Peripheral Device: C0:81:8D:26:04:64
2025-01-28 15:10:32,528 | MainThread   | [INFO    ] | _connect            |: Looking for Artemis Nano Peripheral Device: C0:81:8D:26:04:64
2025-01-28 15:10:35,508 | MainThread   | [INFO    ] | _connect            |: Connected to C0:81:8D:26:04:64
2025-01-28 15:10:54,166 | MainThread   | [INFO    ] | _connect            |: Already connected to a BLE device
2025-01-28 15:13:34,054 | MainThread   | [INFO    ] | disconnect_handler  |: Disconnected from 1EFFEDB9-73BA-9396-D724-47E443C12C76
2025-01-28 15:13:39,491 | MainThread   | [INFO    ] | _connect            |: Looking for Artemis Nano Peripheral Device: C0:81:8D:26:04:64
2025-01-28 15:13:48,621 | MainThread   | [INFO    ] | _connect            |: Connected to C0:81:8D:26:04:64
2025-01-28 16:20:53,964 | MainThread   | [DEBUG   ] | __init__            |: Python Info: sys.version_info(major=3, minor=13, micro=1, releaselevel='final', serial=0)
2025-01-28 16:20:53,965 | MainThread   | [DEBUG   ] | __init__            |: System Info: macOS-14.1-arm64-arm-64bit-Mach-O
2025-01-28 16:20:53,965 | MainThread   | [INFO    ] | _connect            |: Looking for Artemis Nano Peripheral Device: C0:81:8D:26:04:64
2025-01-28 16:20:57,187 | MainThread   | [INFO    ] | _connect            |: Connected to C0:81:8D:26:04:64
2025-01-28 16:28:53,726 | MainThread   | [INFO    ] | disconnect_handler  |: Disconnected from 1EFFEDB9-73BA-9396-D724-47E443C12C76
2025-02-03 18:06:24,471 | MainThread   | [DEBUG   ] | __init__            |: Python Info: sys.version_info(major=3, minor=13, micro=1, releaselevel='final', serial=0)
2025-02-03 18:06:24,471 | MainThread   | [DEBUG   ] | __init__            |: System Info: macOS-14.1-arm64-arm-64bit-Mach-O
2025-02-03 18:06:24,472 | MainThread   | [INFO    ] | _connect            |: Looking for Artemis Nano Peripheral Device: C0:81:8D:26:04:64
2025-02-03 18:08:51,403 | MainThread   | [INFO    ] | _connect            |: Looking for Artemis Nano Peripheral Device: C0:81:8D:26:04:64
2025-02-03 18:08:54,473 | MainThread   | [INFO    ] | _connect            |: Connected to C0:81:8D:26:04:64
2025-02-03 18:10:15,036 | MainThread   | [INFO    ] | disconnect_handler  |: Disconnected from 1EFFEDB9-73BA-9396-D724-47E443C12C76
2025-02-03 18:10:52,812 | MainThread   | [INFO    ] | _connect            |: Looking for Artemis Nano Peripheral Device: C0:81:8D:26:04:64
2025-02-03 18:10:55,941 | MainThread   | [INFO    ] | _connect            |: Connected to C0:81:8D:26:04:64
2025-02-03 18:15:12,564 | MainThread   | [INFO    ] | _connect            |: Already connected to a BLE device
2025-02-03 18:15:14,886 | MainThread   | [INFO    ] | _connect            |: Already connected to a BLE device
2025-02-03 18:15:17,911 | MainThread   | [INFO    ] | exit_handler        |: Exiting...
2025-02-03 18:15:17,914 | MainThread   | [INFO    ] | disconnect_handler  |: Disconnected from 1EFFEDB9-73BA-9396-D724-47E443C12C76
2025-02-03 18:15:17,914 | MainThread   | [INFO    ] | exit_handler        |: Gracefully Exiting
2025-02-03 18:15:21,299 | MainThread   | [DEBUG   ] | __init__            |: Python Info: sys.version_info(major=3, minor=13, micro=1, releaselevel='final', serial=0)
2025-02-03 18:15:21,299 | MainThread   | [DEBUG   ] | __init__            |: System Info: macOS-14.1-arm64-arm-64bit-Mach-O
2025-02-03 18:15:21,300 | MainThread   | [INFO    ] | _connect            |: Looking for Artemis Nano Peripheral Device: C0:81:8D:26:04:64
2025-02-03 18:15:24,324 | MainThread   | [INFO    ] | _connect            |: Connected to C0:81:8D:26:04:64
2025-02-03 18:15:25,339 | MainThread   | [INFO    ] | exit_handler        |: Exiting...
2025-02-03 18:15:25,341 | MainThread   | [INFO    ] | disconnect_handler  |: Disconnected from 1EFFEDB9-73BA-9396-D724-47E443C12C76
2025-02-03 18:15:25,342 | MainThread   | [INFO    ] | exit_handler        |: Gracefully Exiting
2025-02-03 18:15:25,426 | MainThread   | [WARNING ] | __del__             |: Could not delete BaseBLEController instance before exiting
2025-02-03 18:15:33,862 | MainThread   | [DEBUG   ] | __init__            |: Python Info: sys.version_info(major=3, minor=13, micro=1, releaselevel='final', serial=0)
2025-02-03 18:15:33,862 | MainThread   | [DEBUG   ] | __init__            |: System Info: macOS-14.1-arm64-arm-64bit-Mach-O
2025-02-03 18:15:33,862 | MainThread   | [INFO    ] | _connect            |: Looking for Artemis Nano Peripheral Device: C0:81:8D:26:04:64
2025-02-03 18:15:36,868 | MainThread   | [INFO    ] | _connect            |: Connected to C0:81:8D:26:04:64
2025-02-03 18:16:21,806 | MainThread   | [INFO    ] | disconnect_handler  |: Disconnected from 1EFFEDB9-73BA-9396-D724-47E443C12C76
2025-02-03 18:17:00,027 | MainThread   | [INFO    ] | _connect            |: Looking for Artemis Nano Peripheral Device: C0:81:8D:26:04:64
2025-02-03 18:17:02,963 | MainThread   | [INFO    ] | _connect            |: Connected to C0:81:8D:26:04:64
2025-02-03 19:31:33,436 | MainThread   | [INFO    ] | disconnect_handler  |: Disconnected from 1EFFEDB9-73BA-9396-D724-47E443C12C76
